
CPPTRAJ: Trajectory Analysis. V5.1.0
    ___  ___  ___  ___
     | \/ | \/ | \/ | 
    _|_/\_|_/\_|_/\_|_

| Date/time: 03/24/23 13:59:23
| Available memory: 498.883 GB

	Reading '1264.prmtop' as Amber Topology
	Radius Set: modified Bondi radii (mbondi)
INPUT: Reading input from 'smd_reverse_center.in'
  [trajin smd_reverse_md.netcdf]
	Reading 'smd_reverse_md.netcdf' as Amber NetCDF
  [autoimage]
    AUTOIMAGE: To box center based on center of mass, anchor is first molecule.
  [trajout smd_reverse_md_center.netcdf netcdf]
	Writing 'smd_reverse_md_center.netcdf' as Amber NetCDF
---------- RUN BEGIN -------------------------------------------------

PARAMETER FILES (1 total):
 0: 1264.prmtop, 49902 atoms, 12475 res, box: Truncated octahedron, 12475 mol, 12473 solvent

INPUT TRAJECTORIES (1 total):
 0: 'smd_reverse_md.netcdf' is a NetCDF AMBER trajectory with coordinates, time, box, Parm 1264.prmtop (Truncated octahedron box) (reading 1450 of 1450)
  Coordinate processing will occur on 1450 frames.

OUTPUT TRAJECTORIES (1 total):
  'smd_reverse_md_center.netcdf' (1450 frames) is a NetCDF AMBER trajectory

BEGIN TRAJECTORY PROCESSING:
.....................................................
ACTION SETUP FOR PARM '1264.prmtop' (1 actions):
  0: [autoimage]
	Original box is truncated octahedron, turning on 'familiar'.
	Using first molecule as anchor.
	12474 molecules are mobile.
.....................................................
ACTIVE OUTPUT TRAJECTORIES (1):
  smd_reverse_md_center.netcdf (coordinates, time, box)
----- smd_reverse_md.netcdf (1-1450, 1) -----
 0% 10% 20% 30% 40% 50% 60% 70% 80% 90% 100% Complete.

Read 1450 frames and processed 1450 frames.
TIME: Avg. throughput= 10.3801 frames / second.

ACTION OUTPUT:
TIME: Analyses took 0.0000 seconds.

RUN TIMING:
TIME:		Init               : 0.0000 s (  0.00%)
TIME:		Trajectory Process : 139.6905 s (100.00%)
TIME:		Action Post        : 0.0000 s (  0.00%)
TIME:		Analysis           : 0.0000 s (  0.00%)
TIME:		Data File Write    : 0.0000 s (  0.00%)
TIME:		Other              : 0.0008 s (  0.00%)
TIME:	Run Total 139.6913 s
---------- RUN END ---------------------------------------------------
TIME: Total execution time: 139.7336 seconds.
--------------------------------------------------------------------------------
To cite CPPTRAJ use:
Daniel R. Roe and Thomas E. Cheatham, III, "PTRAJ and CPPTRAJ: Software for
  Processing and Analysis of Molecular Dynamics Trajectory Data". J. Chem.
  Theory Comput., 2013, 9 (7), pp 3084-3095.

