
          -------------------------------------------------------
          Amber 20 PMEMD                              2020
          -------------------------------------------------------

| PMEMD implementation of SANDER, Release 18

|  Compiled date/time: Wed Sep 22 23:21:21 2021
| Run on 03/24/2023 at 10:20:08

|   Executable path: pmemd.cuda
| Working directory: /mnt/gs21/scratch/lizhen6/updated_code_for_amino_c4_final/amino_c4/hid/newwater/NI_-473.2_2.97_opc/pmf126
|          Hostname: nal-000

  [-O]verwriting output

File Assignments:
|   MDIN: md_min2.in                                                            
|  MDOUT: md_min2.out                                                           
| INPCRD: md_min1.rst                                                           
|   PARM: 1264.prmtop                                                           
| RESTRT: md_min2.rst                                                           
|   REFC: md_min1.rst                                                           
|  MDVEL: mdvel                                                                 
|   MDEN: mden                                                                  
|  MDCRD: md_min2.netcdf                                                        
| MDINFO: mdinfo                                                                
|  MDFRC: mdfrc                                                                 


 Here is the input file:

min2 for free MD                                                               
 &cntrl                                                                        
  imin=1,                                                                      
  maxcyc=20000,                                                                
  ncyc=10000,                                                                  
  cut=10.0,                                                                    
  ntc=2,                                                                       
  ntf=2,                                                                       
  ntb=1,                                                                       
  ntpr=5000,                                                                   
  ntwr=5000,                                                                   
  ntwx=2000,                                                                   
  ioutfm=1,                                                                    
  iwrap=0,                                                                     
                                                                               
  ntr=1, restraintmask='!:WAT & !@H=', restraint_wt=200,                       
 /                                                                             


Note: ig = -1. Setting random seed to   872609 based on wallclock time in 
      microseconds.
| irandom = 1, using AMBER's internal random number generator (default).
 
|--------------------- INFORMATION ----------------------
| GPU (CUDA) Version of PMEMD in use: NVIDIA GPU IN USE.
|                    Version 18.0.0
| 
|                      03/25/2018
| 
| Implementation by:
|                    Ross C. Walker     (SDSC)
|                    Scott Le Grand     (nVIDIA)
| 
| Version 18 performance extensions by:
|                    David Cerutti     (Rutgers)
| 
| Precision model in use:
|      [SPFP] - Single Precision Forces, 64-bit Fixed Point
|               Accumulation. (Default)
| 
|--------------------------------------------------------
 
|----------------- CITATION INFORMATION -----------------
|
|    When publishing work that utilized the CUDA version
|    of AMBER, please cite the following in addition to
|    the regular AMBER citations:
|
|  - Romelia Salomon-Ferrer; Andreas W. Goetz; Duncan
|    Poole; Scott Le Grand; Ross C. Walker "Routine
|    microsecond molecular dynamics simulations with
|    AMBER - Part II: Particle Mesh Ewald", J. Chem.
|    Theory Comput., 2013, 9 (9), pp3878-3888,
|    DOI: 10.1021/ct400314y.
|
|  - Andreas W. Goetz; Mark J. Williamson; Dong Xu;
|    Duncan Poole; Scott Le Grand; Ross C. Walker
|    "Routine microsecond molecular dynamics simulations
|    with AMBER - Part I: Generalized Born", J. Chem.
|    Theory Comput., 2012, 8 (5), pp1542-1555.
|
|  - Scott Le Grand; Andreas W. Goetz; Ross C. Walker
|    "SPFP: Speed without compromise - a mixed precision
|    model for GPU accelerated molecular dynamics
|    simulations.", Comp. Phys. Comm., 2013, 184
|    pp374-380, DOI: 10.1016/j.cpc.2012.09.022
|
|--------------------------------------------------------
 
|------------------- GPU DEVICE INFO --------------------
|
|            CUDA_VISIBLE_DEVICES: 0
|   CUDA Capable Devices Detected:      1
|           CUDA Device ID in use:      0
|                CUDA Device Name: NVIDIA A100-SXM4-80GB
|     CUDA Device Global Mem Size:  81085 MB
| CUDA Device Num Multiprocessors:    108
|           CUDA Device Core Freq:   1.41 GHz
|
|--------------------------------------------------------
 
 
| Conditional Compilation Defines Used:
| PUBFFT
| BINTRAJ
| CUDA
| EMIL

| Largest sphere to fit in unit cell has radius =    32.997

| New format PARM file being parsed.
| Version =    1.000 Date = 03/24/23 Time = 07:53:44

| Note: 1-4 EEL scale factors are being read from the topology file.

| Note: 1-4 VDW scale factors are being read from the topology file.
| Duplicated    0 dihedrals

| Duplicated    0 dihedrals

--------------------------------------------------------------------------------
   1.  RESOURCE   USE: 
--------------------------------------------------------------------------------

 getting box info from netcdf restart file
 NATOM  =   49902 NTYPES =       9 NBONH =   37423 MBONA  =   12478
 NTHETH =       8 MTHETA =       5 NPHIH =      15 MPHIA  =       5
 NHPARM =       0 NPARM  =       0 NNB   =   87346 NRES   =   12475
 NBONA  =   12478 NTHETA =       5 NPHIA =       5 NUMBND =      12
 NUMANG =      13 NPTRA  =       7 NATYP =      12 NPHB   =       0
 IFBOX  =       2 NMXRS  =       9 IFCAP =       0 NEXTRA =   12473
 NCOPY  =       0

| Coordinate Index Table dimensions:    13   13   13
| Direct force subcell size =     6.2173    6.2173    6.2173

     BOX TYPE: TRUNCATED OCTAHEDRON

--------------------------------------------------------------------------------
   2.  CONTROL  DATA  FOR  THE  RUN
--------------------------------------------------------------------------------

default_name                                                                    

General flags:
     imin    =       1, nmropt  =       0

Nature and format of input:
     ntx     =       1, irest   =       0, ntrx    =       1

Nature and format of output:
     ntxo    =       2, ntpr    =    5000, ntrx    =       1, ntwr    =    5000
     iwrap   =       0, ntwx    =    2000, ntwv    =       0, ntwe    =       0
     ioutfm  =       1, ntwprt  =       0, idecomp =       0, rbornstat=      0

Potential function:
     ntf     =       2, ntb     =       1, igb     =       0, nsnb    =      25
     ipol    =       0, gbsa    =       0, iesp    =       0
     dielc   =   1.00000, cut     =  10.00000, intdiel =   1.00000

Frozen or restrained atoms:
     ibelly  =       0, ntr     =       1
     restraint_wt = 200.00000

Energy minimization:
     maxcyc  =   20000, ncyc    =   10000, ntmin   =       1
     dx0     =   0.01000, drms    =   0.00010

SHAKE:
     ntc     =       2, jfastw  =       0
     tol     =   0.00001

| Intermolecular bonds treatment:
|     no_intermolecular_bonds =       1

| Energy averages sample interval:
|     ene_avg_sampling =       1

Extra-points options:
     frameon =       1, chngmask=       1

Ewald parameters:
     verbose =       0, ew_type =       0, nbflag  =       1, use_pme =       1
     vdwmeth =       1, eedmeth =       1, netfrc  =       0
     Box X =   80.825   Box Y =   80.825   Box Z =   80.825
     Alpha =  109.471   Beta  =  109.471   Gamma =  109.471
     NFFT1 =   84       NFFT2 =   84       NFFT3 =   84
     Cutoff=   10.000   Tol   =0.100E-04
     Ewald Coefficient =  0.27511
     Interpolation order =    4

    LOADING THE CONSTRAINED ATOMS AS GROUPS


   5.  REFERENCE ATOM COORDINATES

  default_name                                                                    
     Mask !:WAT & !@H=; matches     6 atoms
|      EXTRA_PTS, trim_bonds: num bonds BEFORE trim = 37423     0
|      EXTRA_PTS, trim_bonds: num bonds AFTER  trim = 37423     0
|      EXTRA_PTS, trim_bonds: num bonds BEFORE trim = 12478     0
|      EXTRA_PTS, trim_bonds: num bonds AFTER  trim =     5     0
|      EXTRA_PTS, trim_theta: num angle BEFORE trim =     8     0
|      EXTRA_PTS, trim_theta: num angle AFTER  trim =     8     0
|      EXTRA_PTS, trim_theta: num angle BEFORE trim =     5     0
|      EXTRA_PTS, trim_theta: num angle AFTER  trim =     5     0
|      EXTRA_PTS, trim_phi:  num diheds BEFORE trim =    15     0
|      EXTRA_PTS, trim_phi:  num diheds AFTER  trim =    15     0
|      EXTRA_PTS, trim_phi:  num diheds BEFORE trim =     5     0
|      EXTRA_PTS, trim_phi:  num diheds AFTER  trim =     5     0

--------------------------------------------------------------------------------
   3.  ATOMIC COORDINATES AND VELOCITIES
--------------------------------------------------------------------------------

default_name                                                                    
 begin time read from input coords =     0.000 ps

 
 Number of triangulated 3-point waters found:    12473

     Sum of charges from parm topology file =   2.00006845
     Assuming uniform neutralizing plasma

| Dynamic Memory, Types Used:
| Reals             1516047
| Integers          2346549

| Nonbonded Pairs Initial Allocation:    15094107

| GPU memory information (estimate):
| KB of GPU memory in use:    319176
| KB of CPU memory in use:     97364

--------------------------------------------------------------------------------
   4.  RESULTS
--------------------------------------------------------------------------------



   NSTEP       ENERGY          RMS            GMAX         NAME    NUMBER
      1      -1.4780E+05     2.1950E+01     8.2355E+01     O       24735

 BOND    =        0.4235  ANGLE   =       18.4536  DIHED      =        0.0137
 VDWAALS =    14514.1000  EEL     =  -162324.3242  HBOND      =        0.0000
 1-4 VDW =       -0.1512  1-4 EEL =       -8.5271  RESTRAINT  =        0.0000


   NSTEP       ENERGY          RMS            GMAX         NAME    NUMBER
   5000      -1.4780E+05     2.1949E+01     8.2368E+01     O       24735

 BOND    =        0.4257  ANGLE   =       18.4509  DIHED      =        0.0136
 VDWAALS =    14510.5775  EEL     =  -162317.3596  HBOND      =        0.0000
 1-4 VDW =       -0.1512  1-4 EEL =       -8.5263  RESTRAINT  =        0.0000
 EAMBER  =  -147796.5692


   NSTEP       ENERGY          RMS            GMAX         NAME    NUMBER
  10000      -1.4779E+05     2.1949E+01     8.2374E+01     O       24735

 BOND    =        0.4267  ANGLE   =       18.4497  DIHED      =        0.0136
 VDWAALS =    14508.9367  EEL     =  -162314.0906  HBOND      =        0.0000
 1-4 VDW =       -0.1512  1-4 EEL =       -8.5259  RESTRAINT  =        0.0000
 EAMBER  =  -147794.9409

     .... RESTARTED DUE TO LINMIN FAILURE ...

     .... RESTARTED DUE TO LINMIN FAILURE ...

     .... RESTARTED DUE TO LINMIN FAILURE ...

     .... RESTARTED DUE TO LINMIN FAILURE ...

     .... RESTARTED DUE TO LINMIN FAILURE ...


                    FINAL RESULTS



   NSTEP       ENERGY          RMS            GMAX         NAME    NUMBER
  11640      -1.4779E+05     2.1949E+01     8.2375E+01     O       24735

 BOND    =        0.4268  ANGLE   =       18.4495  DIHED      =        0.0136
 VDWAALS =    14508.7326  EEL     =  -162313.6922  HBOND      =        0.0000
 1-4 VDW =       -0.1512  1-4 EEL =       -8.5258  RESTRAINT  =        0.0001
 EAMBER  =  -147794.7467

     ***** REPEATED LINMIN FAILURE *****
--------------------------------------------------------------------------------
   5.  TIMINGS
--------------------------------------------------------------------------------

|  NonSetup CPU Time in Major Routines:
|
|     Routine           Sec        %
|     ------------------------------
|     Nonbond          12.49   31.46
|     Bond              0.00    0.00
|     Angle             0.00    0.00
|     Dihedral          0.00    0.00
|     Shake            13.53   34.06
|     Other            13.69   34.48
|     ------------------------------
|     Total            39.71

|  PME Nonbond Pairlist CPU Time:
|
|     Routine              Sec        %
|     ---------------------------------
|     Set Up Cit           0.00    0.00
|     Build List           0.00    0.00
|     ---------------------------------
|     Total                0.00    0.00

|  PME Direct Force CPU Time:
|
|     Routine              Sec        %
|     ---------------------------------
|     NonBonded Calc       0.00    0.00
|     Exclude Masked       0.00    0.00
|     Other                0.01    0.04
|     ---------------------------------
|     Total                0.01    0.04

|  PME Reciprocal Force CPU Time:
|
|     Routine              Sec        %
|     ---------------------------------
|     1D bspline           0.00    0.00
|     Grid Charges         0.00    0.00
|     Scalar Sum           0.00    0.00
|     Gradient Sum         0.00    0.00
|     FFT                  0.00    0.00
|     ---------------------------------
|     Total                0.00    0.00

|  Setup CPU time:            0.62 seconds
|  NonSetup CPU time:        39.71 seconds
|  Total CPU time:           40.33 seconds     0.01 hours

|  Setup wall time:           0    seconds
|  NonSetup wall time:       40    seconds
|  Total wall time:          40    seconds     0.01 hours
