
          -------------------------------------------------------
          Amber 20 PMEMD                              2020
          -------------------------------------------------------

| PMEMD implementation of SANDER, Release 18

|  Compiled date/time: Wed Sep 22 23:21:21 2021
| Run on 03/24/2023 at 11:38:03

|   Executable path: pmemd.cuda
| Working directory: /mnt/gs21/scratch/lizhen6/updated_code_for_amino_c4_final/amino_c4/hid/newwater/NI_-473.2_2.97_opc/pmf126
|          Hostname: nal-000

  [-O]verwriting output

File Assignments:
|   MDIN: md_npt.in                                                             
|  MDOUT: md_npt.out                                                            
| INPCRD: md_snpt.rst                                                           
|   PARM: 1264.prmtop                                                           
| RESTRT: md_npt.rst                                                            
|   REFC: md_snpt.rst                                                           
|  MDVEL: mdvel                                                                 
|   MDEN: mden                                                                  
|  MDCRD: md_npt.netcdf                                                         
| MDINFO: mdinfo                                                                
|  MDFRC: mdfrc                                                                 


 Here is the input file:

npt for free MD                                                                
 &cntrl                                                                        
  imin=0,                                                                      
  irest=1,                                                                     
  ntx=5,                                                                       
  nstlim=500000,                                                               
  dt=0.002,                                                                    
  cut=10.0,                                                                    
  ntc=2,                                                                       
  ntf=2,                                                                       
  ntp=1,                                                                       
  pres0=1.01325,                                                               
  taup = 5.0,                                                                  
  ntt=3,                                                                       
  gamma_ln=2.0,                                                                
  tempi=300.0,                                                                 
  temp0=300.0,                                                                 
  ntpr=5000,                                                                   
  ntwr=5000,                                                                   
  ntwx=50000,                                                                  
  ioutfm=1,                                                                    
  iwrap=0,                                                                     
                                                                               
 /                                                                             


Note: ig = -1. Setting random seed to   752732 based on wallclock time in 
      microseconds.
| irandom = 1, using AMBER's internal random number generator (default).
 
|--------------------- INFORMATION ----------------------
| GPU (CUDA) Version of PMEMD in use: NVIDIA GPU IN USE.
|                    Version 18.0.0
| 
|                      03/25/2018
| 
| Implementation by:
|                    Ross C. Walker     (SDSC)
|                    Scott Le Grand     (nVIDIA)
| 
| Version 18 performance extensions by:
|                    David Cerutti     (Rutgers)
| 
| Precision model in use:
|      [SPFP] - Single Precision Forces, 64-bit Fixed Point
|               Accumulation. (Default)
| 
|--------------------------------------------------------
 
|----------------- CITATION INFORMATION -----------------
|
|    When publishing work that utilized the CUDA version
|    of AMBER, please cite the following in addition to
|    the regular AMBER citations:
|
|  - Romelia Salomon-Ferrer; Andreas W. Goetz; Duncan
|    Poole; Scott Le Grand; Ross C. Walker "Routine
|    microsecond molecular dynamics simulations with
|    AMBER - Part II: Particle Mesh Ewald", J. Chem.
|    Theory Comput., 2013, 9 (9), pp3878-3888,
|    DOI: 10.1021/ct400314y.
|
|  - Andreas W. Goetz; Mark J. Williamson; Dong Xu;
|    Duncan Poole; Scott Le Grand; Ross C. Walker
|    "Routine microsecond molecular dynamics simulations
|    with AMBER - Part I: Generalized Born", J. Chem.
|    Theory Comput., 2012, 8 (5), pp1542-1555.
|
|  - Scott Le Grand; Andreas W. Goetz; Ross C. Walker
|    "SPFP: Speed without compromise - a mixed precision
|    model for GPU accelerated molecular dynamics
|    simulations.", Comp. Phys. Comm., 2013, 184
|    pp374-380, DOI: 10.1016/j.cpc.2012.09.022
|
|--------------------------------------------------------
 
|------------------- GPU DEVICE INFO --------------------
|
|            CUDA_VISIBLE_DEVICES: 0
|   CUDA Capable Devices Detected:      1
|           CUDA Device ID in use:      0
|                CUDA Device Name: NVIDIA A100-SXM4-80GB
|     CUDA Device Global Mem Size:  81085 MB
| CUDA Device Num Multiprocessors:    108
|           CUDA Device Core Freq:   1.41 GHz
|
|--------------------------------------------------------
 
 
| Conditional Compilation Defines Used:
| PUBFFT
| BINTRAJ
| CUDA
| EMIL

| Largest sphere to fit in unit cell has radius =    32.115

| New format PARM file being parsed.
| Version =    1.000 Date = 03/24/23 Time = 07:53:44

| Note: 1-4 EEL scale factors are being read from the topology file.

| Note: 1-4 VDW scale factors are being read from the topology file.
| Duplicated    0 dihedrals

| Duplicated    0 dihedrals

--------------------------------------------------------------------------------
   1.  RESOURCE   USE: 
--------------------------------------------------------------------------------

 getting box info from netcdf restart file
 NATOM  =   49902 NTYPES =       9 NBONH =   37423 MBONA  =   12478
 NTHETH =       8 MTHETA =       5 NPHIH =      15 MPHIA  =       5
 NHPARM =       0 NPARM  =       0 NNB   =   87346 NRES   =   12475
 NBONA  =   12478 NTHETA =       5 NPHIA =       5 NUMBND =      12
 NUMANG =      13 NPTRA  =       7 NATYP =      12 NPHB   =       0
 IFBOX  =       2 NMXRS  =       9 IFCAP =       0 NEXTRA =   12473
 NCOPY  =       0

| Coordinate Index Table dimensions:    12   12   12
| Direct force subcell size =     6.5553    6.5553    6.5553

     BOX TYPE: TRUNCATED OCTAHEDRON

--------------------------------------------------------------------------------
   2.  CONTROL  DATA  FOR  THE  RUN
--------------------------------------------------------------------------------

default_name                                                                    

General flags:
     imin    =       0, nmropt  =       0

Nature and format of input:
     ntx     =       5, irest   =       1, ntrx    =       1

Nature and format of output:
     ntxo    =       2, ntpr    =    5000, ntrx    =       1, ntwr    =    5000
     iwrap   =       0, ntwx    =   50000, ntwv    =       0, ntwe    =       0
     ioutfm  =       1, ntwprt  =       0, idecomp =       0, rbornstat=      0

Potential function:
     ntf     =       2, ntb     =       2, igb     =       0, nsnb    =      25
     ipol    =       0, gbsa    =       0, iesp    =       0
     dielc   =   1.00000, cut     =  10.00000, intdiel =   1.00000

Frozen or restrained atoms:
     ibelly  =       0, ntr     =       0

Molecular dynamics:
     nstlim  =    500000, nscm    =      1000, nrespa  =         1
     t       =   0.00000, dt      =   0.00200, vlimit  =  -1.00000

Langevin dynamics temperature regulation:
     ig      =  752732
     temp0   = 300.00000, tempi   = 300.00000, gamma_ln=   2.00000

Pressure regulation:
     ntp     =       1
     pres0   =   1.01325, comp    =  44.60000, taup    =   5.00000

SHAKE:
     ntc     =       2, jfastw  =       0
     tol     =   0.00001

| Intermolecular bonds treatment:
|     no_intermolecular_bonds =       1

| Energy averages sample interval:
|     ene_avg_sampling =    5000

Extra-points options:
     frameon =       1, chngmask=       1

Ewald parameters:
     verbose =       0, ew_type =       0, nbflag  =       1, use_pme =       1
     vdwmeth =       1, eedmeth =       1, netfrc  =       1
     Box X =   78.664   Box Y =   78.664   Box Z =   78.664
     Alpha =  109.471   Beta  =  109.471   Gamma =  109.471
     NFFT1 =   80       NFFT2 =   80       NFFT3 =   80
     Cutoff=   10.000   Tol   =0.100E-04
     Ewald Coefficient =  0.27511
     Interpolation order =    4
|      EXTRA_PTS, trim_bonds: num bonds BEFORE trim = 37423     0
|      EXTRA_PTS, trim_bonds: num bonds AFTER  trim = 37423     0
|      EXTRA_PTS, trim_bonds: num bonds BEFORE trim = 12478     0
|      EXTRA_PTS, trim_bonds: num bonds AFTER  trim =     5     0
|      EXTRA_PTS, trim_theta: num angle BEFORE trim =     8     0
|      EXTRA_PTS, trim_theta: num angle AFTER  trim =     8     0
|      EXTRA_PTS, trim_theta: num angle BEFORE trim =     5     0
|      EXTRA_PTS, trim_theta: num angle AFTER  trim =     5     0
|      EXTRA_PTS, trim_phi:  num diheds BEFORE trim =    15     0
|      EXTRA_PTS, trim_phi:  num diheds AFTER  trim =    15     0
|      EXTRA_PTS, trim_phi:  num diheds BEFORE trim =     5     0
|      EXTRA_PTS, trim_phi:  num diheds AFTER  trim =     5     0

--------------------------------------------------------------------------------
   3.  ATOMIC COORDINATES AND VELOCITIES
--------------------------------------------------------------------------------

default_name                                                                    
 begin time read from input coords =   300.000 ps

 
 Number of triangulated 3-point waters found:    12473

     Sum of charges from parm topology file =   2.00006845
     Assuming uniform neutralizing plasma

| Dynamic Memory, Types Used:
| Reals             2102372
| Integers          2408927

| Nonbonded Pairs Initial Allocation:    15094107

| GPU memory information (estimate):
| KB of GPU memory in use:    467753
| KB of CPU memory in use:     96180

--------------------------------------------------------------------------------
   4.  RESULTS
--------------------------------------------------------------------------------


 NSTEP =     5000   TIME(PS) =     310.000  TEMP(K) =   300.43  PRESS =    37.4
 Etot   =   -130605.7994  EKtot   =     22347.3438  EPtot      =   -152953.1431
 BOND   =         0.9898  ANGLE   =        19.2133  DIHED      =         1.9208
 1-4 NB =        -0.1503  1-4 EEL =        -8.3975  VDWAALS    =     22297.7775
 EELEC  =   -175264.4968  EHBOND  =         0.0000  RESTRAINT  =         0.0000
 EKCMT  =     11248.3664  VIRIAL  =     10946.0369  VOLUME     =    374334.7900
                                                    Density    =         0.9974
 ------------------------------------------------------------------------------


 NSTEP =    10000   TIME(PS) =     320.000  TEMP(K) =   299.91  PRESS =    59.0
 Etot   =   -130961.9285  EKtot   =     22308.3984  EPtot      =   -153270.3270
 BOND   =         1.6876  ANGLE   =        19.2954  DIHED      =         2.8954
 1-4 NB =        -0.1446  1-4 EEL =        -8.6218  VDWAALS    =     22484.0598
 EELEC  =   -175769.4987  EHBOND  =         0.0000  RESTRAINT  =         0.0000
 EKCMT  =     11111.7631  VIRIAL  =     10635.2495  VOLUME     =    374180.9445
                                                    Density    =         0.9978
 ------------------------------------------------------------------------------


 NSTEP =    15000   TIME(PS) =     330.000  TEMP(K) =   301.49  PRESS =  -145.6
 Etot   =   -130806.7906  EKtot   =     22426.3613  EPtot      =   -153233.1520
 BOND   =         2.9484  ANGLE   =        17.9038  DIHED      =         2.2612
 1-4 NB =        -0.1482  1-4 EEL =        -8.3440  VDWAALS    =     22220.8817
 EELEC  =   -175468.6549  EHBOND  =         0.0000  RESTRAINT  =         0.0000
 EKCMT  =     11260.2627  VIRIAL  =     12439.5830  VOLUME     =    375204.9445
                                                    Density    =         0.9951
 ------------------------------------------------------------------------------


 NSTEP =    20000   TIME(PS) =     340.000  TEMP(K) =   300.28  PRESS =   -80.4
 Etot   =   -130831.7383  EKtot   =     22336.2285  EPtot      =   -153167.9668
 BOND   =         3.0575  ANGLE   =        21.2205  DIHED      =         2.3420
 1-4 NB =        -0.1505  1-4 EEL =        -8.2736  VDWAALS    =     22281.1544
 EELEC  =   -175467.3171  EHBOND  =         0.0000  RESTRAINT  =         0.0000
 EKCMT  =     11242.3128  VIRIAL  =     11893.2364  VOLUME     =    374937.9092
                                                    Density    =         0.9958
 ------------------------------------------------------------------------------


 NSTEP =    25000   TIME(PS) =     350.000  TEMP(K) =   299.63  PRESS =    52.6
 Etot   =   -130964.1164  EKtot   =     22287.7109  EPtot      =   -153251.8274
 BOND   =         0.5734  ANGLE   =        20.9648  DIHED      =         2.6359
 1-4 NB =        -0.1482  1-4 EEL =        -8.5448  VDWAALS    =     22508.4057
 EELEC  =   -175775.7141  EHBOND  =         0.0000  RESTRAINT  =         0.0000
 EKCMT  =     11136.2477  VIRIAL  =     10710.8720  VOLUME     =    374845.2540
                                                    Density    =         0.9960
 ------------------------------------------------------------------------------


 NSTEP =    30000   TIME(PS) =     360.000  TEMP(K) =   298.42  PRESS =   149.6
 Etot   =   -131054.9701  EKtot   =     22197.9395  EPtot      =   -153252.9095
 BOND   =         2.2934  ANGLE   =        18.7371  DIHED      =         0.7364
 1-4 NB =        -0.1472  1-4 EEL =        -8.2990  VDWAALS    =     22771.3783
 EELEC  =   -176037.6086  EHBOND  =         0.0000  RESTRAINT  =         0.0000
 EKCMT  =     11069.7889  VIRIAL  =      9858.1325  VOLUME     =    374999.4161
                                                    Density    =         0.9956
 ------------------------------------------------------------------------------


 NSTEP =    35000   TIME(PS) =     370.000  TEMP(K) =   303.93  PRESS =   -15.5
 Etot   =   -130499.6480  EKtot   =     22607.5664  EPtot      =   -153107.2144
 BOND   =         0.5360  ANGLE   =        17.5104  DIHED      =         4.7011
 1-4 NB =        -0.1494  1-4 EEL =        -8.6190  VDWAALS    =     22311.5545
 EELEC  =   -175432.7480  EHBOND  =         0.0000  RESTRAINT  =         0.0000
 EKCMT  =     11349.6587  VIRIAL  =     11474.8757  VOLUME     =    374909.0134
                                                    Density    =         0.9959
 ------------------------------------------------------------------------------


 NSTEP =    40000   TIME(PS) =     380.000  TEMP(K) =   297.89  PRESS =     9.8
 Etot   =   -130666.8193  EKtot   =     22158.0684  EPtot      =   -152824.8877
 BOND   =         4.0048  ANGLE   =        18.4968  DIHED      =         2.6567
 1-4 NB =        -0.1479  1-4 EEL =        -8.5051  VDWAALS    =     22248.8351
 EELEC  =   -175090.2281  EHBOND  =         0.0000  RESTRAINT  =         0.0000
 EKCMT  =     11083.6213  VIRIAL  =     11004.4199  VOLUME     =    374426.5014
                                                    Density    =         0.9972
 ------------------------------------------------------------------------------


 NSTEP =    45000   TIME(PS) =     390.000  TEMP(K) =   298.85  PRESS =   -91.7
 Etot   =   -130827.8748  EKtot   =     22229.6465  EPtot      =   -153057.5212
 BOND   =         1.1084  ANGLE   =        19.1136  DIHED      =         0.2881
 1-4 NB =        -0.1485  1-4 EEL =        -8.1609  VDWAALS    =     22194.3289
 EELEC  =   -175264.0509  EHBOND  =         0.0000  RESTRAINT  =         0.0000
 EKCMT  =     11233.6993  VIRIAL  =     11975.6604  VOLUME     =    374894.7550
                                                    Density    =         0.9959
 ------------------------------------------------------------------------------


 NSTEP =    50000   TIME(PS) =     400.000  TEMP(K) =   301.36  PRESS =    10.1
 Etot   =   -130891.0433  EKtot   =     22416.1758  EPtot      =   -153307.2190
 BOND   =         2.0554  ANGLE   =        18.1582  DIHED      =         3.5321
 1-4 NB =        -0.1487  1-4 EEL =        -8.3758  VDWAALS    =     22405.4828
 EELEC  =   -175727.9231  EHBOND  =         0.0000  RESTRAINT  =         0.0000
 EKCMT  =     11299.0263  VIRIAL  =     11217.3446  VOLUME     =    374691.6190
                                                    Density    =         0.9965
 ------------------------------------------------------------------------------


 NSTEP =    55000   TIME(PS) =     410.000  TEMP(K) =   301.04  PRESS =    99.4
 Etot   =   -130990.5869  EKtot   =     22392.9121  EPtot      =   -153383.4990
 BOND   =         1.9121  ANGLE   =        20.2682  DIHED      =         1.3789
 1-4 NB =        -0.1478  1-4 EEL =        -8.3892  VDWAALS    =     22614.5745
 EELEC  =   -176013.0956  EHBOND  =         0.0000  RESTRAINT  =         0.0000
 EKCMT  =     11258.7591  VIRIAL  =     10453.4972  VOLUME     =    375038.4442
                                                    Density    =         0.9955
 ------------------------------------------------------------------------------


 NSTEP =    60000   TIME(PS) =     420.000  TEMP(K) =   298.85  PRESS =   151.7
 Etot   =   -131007.7715  EKtot   =     22229.9414  EPtot      =   -153237.7129
 BOND   =         0.9350  ANGLE   =        19.6215  DIHED      =         2.6545
 1-4 NB =        -0.1491  1-4 EEL =        -8.5210  VDWAALS    =     22649.1486
 EELEC  =   -175901.4024  EHBOND  =         0.0000  RESTRAINT  =         0.0000
 EKCMT  =     11231.7392  VIRIAL  =     10004.6234  VOLUME     =    374552.7807
                                                    Density    =         0.9968
 ------------------------------------------------------------------------------


 NSTEP =    65000   TIME(PS) =     430.000  TEMP(K) =   300.24  PRESS =   -42.4
 Etot   =   -130647.3375  EKtot   =     22333.3730  EPtot      =   -152980.7106
 BOND   =         0.9083  ANGLE   =        19.1757  DIHED      =         1.1605
 1-4 NB =        -0.1479  1-4 EEL =        -8.2871  VDWAALS    =     22225.1697
 EELEC  =   -175218.6898  EHBOND  =         0.0000  RESTRAINT  =         0.0000
 EKCMT  =     11253.2083  VIRIAL  =     11596.3395  VOLUME     =    374675.3296
                                                    Density    =         0.9965
 ------------------------------------------------------------------------------


 NSTEP =    70000   TIME(PS) =     440.000  TEMP(K) =   302.07  PRESS =   186.2
 Etot   =   -130334.9725  EKtot   =     22469.1387  EPtot      =   -152804.1111
 BOND   =         1.2548  ANGLE   =        19.3169  DIHED      =         0.6384
 1-4 NB =        -0.1493  1-4 EEL =        -8.5236  VDWAALS    =     22510.0288
 EELEC  =   -175326.6771  EHBOND  =         0.0000  RESTRAINT  =         0.0000
 EKCMT  =     11339.1510  VIRIAL  =      9835.3723  VOLUME     =    374079.9269
                                                    Density    =         0.9981
 ------------------------------------------------------------------------------


 NSTEP =    75000   TIME(PS) =     450.000  TEMP(K) =   301.22  PRESS =    52.2
 Etot   =   -131105.8075  EKtot   =     22406.3281  EPtot      =   -153512.1356
 BOND   =         1.3395  ANGLE   =        20.0822  DIHED      =         1.9536
 1-4 NB =        -0.1494  1-4 EEL =        -8.4036  VDWAALS    =     22630.0636
 EELEC  =   -176157.0216  EHBOND  =         0.0000  RESTRAINT  =         0.0000
 EKCMT  =     11251.9783  VIRIAL  =     10830.1689  VOLUME     =    374532.8372
                                                    Density    =         0.9969
 ------------------------------------------------------------------------------


 NSTEP =    80000   TIME(PS) =     460.000  TEMP(K) =   299.54  PRESS =  -206.1
 Etot   =   -131100.4265  EKtot   =     22281.3555  EPtot      =   -153381.7820
 BOND   =         3.4575  ANGLE   =        19.0246  DIHED      =         1.5561
 1-4 NB =        -0.1525  1-4 EEL =        -8.7223  VDWAALS    =     22088.3262
 EELEC  =   -175485.2716  EHBOND  =         0.0000  RESTRAINT  =         0.0000
 EKCMT  =     11230.4518  VIRIAL  =     12896.9039  VOLUME     =    374451.9549
                                                    Density    =         0.9971
 ------------------------------------------------------------------------------


 NSTEP =    85000   TIME(PS) =     470.000  TEMP(K) =   301.09  PRESS =    88.4
 Etot   =   -130528.0044  EKtot   =     22396.5215  EPtot      =   -152924.5259
 BOND   =         1.6360  ANGLE   =        18.3045  DIHED      =         4.5302
 1-4 NB =        -0.1485  1-4 EEL =        -8.6223  VDWAALS    =     22424.8243
 EELEC  =   -175365.0501  EHBOND  =         0.0000  RESTRAINT  =         0.0000
 EKCMT  =     11234.1143  VIRIAL  =     10518.1981  VOLUME     =    374892.4210
                                                    Density    =         0.9959
 ------------------------------------------------------------------------------


 NSTEP =    90000   TIME(PS) =     480.000  TEMP(K) =   300.15  PRESS =    19.9
 Etot   =   -130679.7587  EKtot   =     22326.8242  EPtot      =   -153006.5829
 BOND   =         2.3262  ANGLE   =        20.0979  DIHED      =         3.5536
 1-4 NB =        -0.1531  1-4 EEL =        -8.5155  VDWAALS    =     22276.0658
 EELEC  =   -175299.9576  EHBOND  =         0.0000  RESTRAINT  =         0.0000
 EKCMT  =     11320.2318  VIRIAL  =     11159.3861  VOLUME     =    374772.2070
                                                    Density    =         0.9962
 ------------------------------------------------------------------------------


 NSTEP =    95000   TIME(PS) =     490.000  TEMP(K) =   299.64  PRESS =  -140.4
 Etot   =   -130780.1233  EKtot   =     22288.4453  EPtot      =   -153068.5686
 BOND   =         2.0501  ANGLE   =        21.0933  DIHED      =         2.9441
 1-4 NB =        -0.1508  1-4 EEL =        -8.0974  VDWAALS    =     22095.4148
 EELEC  =   -175181.8228  EHBOND  =         0.0000  RESTRAINT  =         0.0000
 EKCMT  =     11115.4468  VIRIAL  =     12250.7194  VOLUME     =    374567.3471
                                                    Density    =         0.9968
 ------------------------------------------------------------------------------


 NSTEP =   100000   TIME(PS) =     500.000  TEMP(K) =   297.82  PRESS =   159.9
 Etot   =   -131150.7451  EKtot   =     22152.8848  EPtot      =   -153303.6299
 BOND   =         1.6344  ANGLE   =        19.6264  DIHED      =         1.1858
 1-4 NB =        -0.1473  1-4 EEL =        -8.1645  VDWAALS    =     22688.3218
 EELEC  =   -176006.0865  EHBOND  =         0.0000  RESTRAINT  =         0.0000
 EKCMT  =     11119.8778  VIRIAL  =      9827.3771  VOLUME     =    374440.5720
                                                    Density    =         0.9971
 ------------------------------------------------------------------------------


 NSTEP =   105000   TIME(PS) =     510.000  TEMP(K) =   299.77  PRESS =   113.8
 Etot   =   -130899.1898  EKtot   =     22298.4316  EPtot      =   -153197.6215
 BOND   =         0.4441  ANGLE   =        19.5861  DIHED      =         0.6992
 1-4 NB =        -0.1498  1-4 EEL =        -8.5197  VDWAALS    =     22556.4968
 EELEC  =   -175766.1782  EHBOND  =         0.0000  RESTRAINT  =         0.0000
 EKCMT  =     11272.4948  VIRIAL  =     10352.7340  VOLUME     =    374338.3277
                                                    Density    =         0.9974
 ------------------------------------------------------------------------------


 NSTEP =   110000   TIME(PS) =     520.000  TEMP(K) =   300.81  PRESS =    62.8
 Etot   =   -130608.5263  EKtot   =     22375.5234  EPtot      =   -152984.0498
 BOND   =         0.6953  ANGLE   =        21.4536  DIHED      =         1.2835
 1-4 NB =        -0.1470  1-4 EEL =        -8.8361  VDWAALS    =     22396.2737
 EELEC  =   -175394.7728  EHBOND  =         0.0000  RESTRAINT  =         0.0000
 EKCMT  =     11215.6208  VIRIAL  =     10708.0018  VOLUME     =    374523.5263
                                                    Density    =         0.9969
 ------------------------------------------------------------------------------


 NSTEP =   115000   TIME(PS) =     530.000  TEMP(K) =   297.83  PRESS =  -164.1
 Etot   =   -130990.0199  EKtot   =     22153.7949  EPtot      =   -153143.8149
 BOND   =         1.8433  ANGLE   =        19.2811  DIHED      =         2.9558
 1-4 NB =        -0.1480  1-4 EEL =        -8.5684  VDWAALS    =     22165.7998
 EELEC  =   -175324.9784  EHBOND  =         0.0000  RESTRAINT  =         0.0000
 EKCMT  =     11079.4024  VIRIAL  =     12406.8060  VOLUME     =    374705.3673
                                                    Density    =         0.9964
 ------------------------------------------------------------------------------


 NSTEP =   120000   TIME(PS) =     540.000  TEMP(K) =   298.13  PRESS =    85.0
 Etot   =   -131108.7585  EKtot   =     22176.6270  EPtot      =   -153285.3854
 BOND   =         3.8301  ANGLE   =        20.6774  DIHED      =         0.9366
 1-4 NB =        -0.1461  1-4 EEL =        -8.5143  VDWAALS    =     22595.8066
 EELEC  =   -175897.9758  EHBOND  =         0.0000  RESTRAINT  =         0.0000
 EKCMT  =     11133.2031  VIRIAL  =     10445.8266  VOLUME     =    374633.1810
                                                    Density    =         0.9966
 ------------------------------------------------------------------------------


 NSTEP =   125000   TIME(PS) =     550.000  TEMP(K) =   298.37  PRESS =   -69.7
 Etot   =   -131070.8559  EKtot   =     22194.0078  EPtot      =   -153264.8637
 BOND   =         0.5671  ANGLE   =        19.0716  DIHED      =         3.5969
 1-4 NB =        -0.1488  1-4 EEL =        -8.5123  VDWAALS    =     22311.2611
 EELEC  =   -175590.6993  EHBOND  =         0.0000  RESTRAINT  =         0.0000
 EKCMT  =     11143.6555  VIRIAL  =     11707.1735  VOLUME     =    374720.6960
                                                    Density    =         0.9964
 ------------------------------------------------------------------------------


 NSTEP =   130000   TIME(PS) =     560.000  TEMP(K) =   297.71  PRESS =   -20.9
 Etot   =   -131191.1902  EKtot   =     22145.3379  EPtot      =   -153336.5281
 BOND   =         1.6396  ANGLE   =        21.2208  DIHED      =         2.2239
 1-4 NB =        -0.1458  1-4 EEL =        -8.6713  VDWAALS    =     22569.0445
 EELEC  =   -175921.8398  EHBOND  =         0.0000  RESTRAINT  =         0.0000
 EKCMT  =     11132.6326  VIRIAL  =     11302.2696  VOLUME     =    375162.6184
                                                    Density    =         0.9952
 ------------------------------------------------------------------------------


 NSTEP =   135000   TIME(PS) =     570.000  TEMP(K) =   299.53  PRESS =  -342.2
 Etot   =   -130832.4697  EKtot   =     22280.5996  EPtot      =   -153113.0693
 BOND   =         2.9205  ANGLE   =        18.9059  DIHED      =         0.8011
 1-4 NB =        -0.1393  1-4 EEL =        -8.4626  VDWAALS    =     21772.1182
 EELEC  =   -174899.2132  EHBOND  =         0.0000  RESTRAINT  =         0.0000
 EKCMT  =     11154.8723  VIRIAL  =     13921.4501  VOLUME     =    374415.5257
                                                    Density    =         0.9972
 ------------------------------------------------------------------------------


 NSTEP =   140000   TIME(PS) =     580.000  TEMP(K) =   300.72  PRESS =   -35.2
 Etot   =   -130931.4531  EKtot   =     22369.2734  EPtot      =   -153300.7265
 BOND   =         5.9175  ANGLE   =        17.9845  DIHED      =         0.5208
 1-4 NB =        -0.1471  1-4 EEL =        -8.3531  VDWAALS    =     22295.5711
 EELEC  =   -175612.2203  EHBOND  =         0.0000  RESTRAINT  =         0.0000
 EKCMT  =     11307.7927  VIRIAL  =     11592.0144  VOLUME     =    373889.1563
                                                    Density    =         0.9986
 ------------------------------------------------------------------------------


 NSTEP =   145000   TIME(PS) =     590.000  TEMP(K) =   301.85  PRESS =    29.1
 Etot   =   -130727.4906  EKtot   =     22453.1035  EPtot      =   -153180.5941
 BOND   =         2.0582  ANGLE   =        19.3410  DIHED      =         1.7865
 1-4 NB =        -0.1490  1-4 EEL =        -8.6156  VDWAALS    =     22433.3259
 EELEC  =   -175628.3411  EHBOND  =         0.0000  RESTRAINT  =         0.0000
 EKCMT  =     11259.9779  VIRIAL  =     11024.5536  VOLUME     =    374810.3169
                                                    Density    =         0.9961
 ------------------------------------------------------------------------------


 NSTEP =   150000   TIME(PS) =     600.000  TEMP(K) =   299.94  PRESS =   127.7
 Etot   =   -130921.0757  EKtot   =     22310.6133  EPtot      =   -153231.6890
 BOND   =         1.4038  ANGLE   =        23.1971  DIHED      =         1.0690
 1-4 NB =        -0.1309  1-4 EEL =        -8.5952  VDWAALS    =     22627.1541
 EELEC  =   -175875.7869  EHBOND  =         0.0000  RESTRAINT  =         0.0000
 EKCMT  =     11231.4438  VIRIAL  =     10198.4049  VOLUME     =    374628.2176
                                                    Density    =         0.9966
 ------------------------------------------------------------------------------


 NSTEP =   155000   TIME(PS) =     610.000  TEMP(K) =   299.48  PRESS =  -107.5
 Etot   =   -131163.2387  EKtot   =     22276.5684  EPtot      =   -153439.8071
 BOND   =         2.0956  ANGLE   =        19.2493  DIHED      =         3.7408
 1-4 NB =        -0.1465  1-4 EEL =        -8.6995  VDWAALS    =     22274.2734
 EELEC  =   -175730.3202  EHBOND  =         0.0000  RESTRAINT  =         0.0000
 EKCMT  =     11199.1187  VIRIAL  =     12068.6488  VOLUME     =    374622.2761
                                                    Density    =         0.9966
 ------------------------------------------------------------------------------


 NSTEP =   160000   TIME(PS) =     620.000  TEMP(K) =   297.84  PRESS =  -140.7
 Etot   =   -130820.9899  EKtot   =     22155.0684  EPtot      =   -152976.0582
 BOND   =         2.1386  ANGLE   =        19.5701  DIHED      =         1.5484
 1-4 NB =        -0.1438  1-4 EEL =        -8.0757  VDWAALS    =     22239.3395
 EELEC  =   -175230.4354  EHBOND  =         0.0000  RESTRAINT  =         0.0000
 EKCMT  =     11060.6290  VIRIAL  =     12201.9779  VOLUME     =    375601.2944
                                                    Density    =         0.9940
 ------------------------------------------------------------------------------


 NSTEP =   165000   TIME(PS) =     630.000  TEMP(K) =   299.48  PRESS =   -80.3
 Etot   =   -130622.7383  EKtot   =     22276.3281  EPtot      =   -152899.0664
 BOND   =         3.9121  ANGLE   =        18.3270  DIHED      =         2.2088
 1-4 NB =        -0.1483  1-4 EEL =        -8.6351  VDWAALS    =     22162.7597
 EELEC  =   -175077.4905  EHBOND  =         0.0000  RESTRAINT  =         0.0000
 EKCMT  =     11095.7644  VIRIAL  =     11745.7152  VOLUME     =    374803.3833
                                                    Density    =         0.9962
 ------------------------------------------------------------------------------


 NSTEP =   170000   TIME(PS) =     640.000  TEMP(K) =   299.22  PRESS =   128.2
 Etot   =   -130924.2288  EKtot   =     22257.5488  EPtot      =   -153181.7776
 BOND   =         3.0906  ANGLE   =        20.0904  DIHED      =         2.2537
 1-4 NB =        -0.1498  1-4 EEL =        -8.7146  VDWAALS    =     22633.6531
 EELEC  =   -175832.0010  EHBOND  =         0.0000  RESTRAINT  =         0.0000
 EKCMT  =     11124.6336  VIRIAL  =     10087.5203  VOLUME     =    374807.3035
                                                    Density    =         0.9961
 ------------------------------------------------------------------------------


 NSTEP =   175000   TIME(PS) =     650.000  TEMP(K) =   300.46  PRESS =   185.7
 Etot   =   -130827.1612  EKtot   =     22349.7285  EPtot      =   -153176.8897
 BOND   =         3.0594  ANGLE   =        20.9198  DIHED      =         0.7934
 1-4 NB =        -0.1506  1-4 EEL =        -8.5658  VDWAALS    =     22683.0357
 EELEC  =   -175875.9816  EHBOND  =         0.0000  RESTRAINT  =         0.0000
 EKCMT  =     11182.5092  VIRIAL  =      9680.2765  VOLUME     =    374767.0710
                                                    Density    =         0.9963
 ------------------------------------------------------------------------------


 NSTEP =   180000   TIME(PS) =     660.000  TEMP(K) =   299.17  PRESS =   -34.7
 Etot   =   -130935.8844  EKtot   =     22253.3418  EPtot      =   -153189.2262
 BOND   =         1.4520  ANGLE   =        20.0364  DIHED      =         0.7823
 1-4 NB =        -0.1452  1-4 EEL =        -8.1692  VDWAALS    =     22461.0615
 EELEC  =   -175664.2441  EHBOND  =         0.0000  RESTRAINT  =         0.0000
 EKCMT  =     11087.5887  VIRIAL  =     11369.2019  VOLUME     =    375679.6917
                                                    Density    =         0.9938
 ------------------------------------------------------------------------------


 NSTEP =   185000   TIME(PS) =     670.000  TEMP(K) =   299.25  PRESS =    77.3
 Etot   =   -130896.2828  EKtot   =     22259.4863  EPtot      =   -153155.7691
 BOND   =         1.3558  ANGLE   =        21.1967  DIHED      =         3.0215
 1-4 NB =        -0.1528  1-4 EEL =        -8.8960  VDWAALS    =     22584.0420
 EELEC  =   -175756.3363  EHBOND  =         0.0000  RESTRAINT  =         0.0000
 EKCMT  =     11062.5648  VIRIAL  =     10437.3477  VOLUME     =    374781.1682
                                                    Density    =         0.9962
 ------------------------------------------------------------------------------


 NSTEP =   190000   TIME(PS) =     680.000  TEMP(K) =   300.10  PRESS =   -39.1
 Etot   =   -130900.4407  EKtot   =     22322.7207  EPtot      =   -153223.1614
 BOND   =         3.1533  ANGLE   =        18.5816  DIHED      =         1.4729
 1-4 NB =        -0.1479  1-4 EEL =        -8.2324  VDWAALS    =     22371.4611
 EELEC  =   -175609.4500  EHBOND  =         0.0000  RESTRAINT  =         0.0000
 EKCMT  =     11136.3336  VIRIAL  =     11452.3667  VOLUME     =    374354.0845
                                                    Density    =         0.9974
 ------------------------------------------------------------------------------


 NSTEP =   195000   TIME(PS) =     690.000  TEMP(K) =   300.24  PRESS =    28.2
 Etot   =   -130723.5203  EKtot   =     22333.4902  EPtot      =   -153057.0106
 BOND   =         0.7631  ANGLE   =        18.7584  DIHED      =         2.2767
 1-4 NB =        -0.1519  1-4 EEL =        -8.7472  VDWAALS    =     22369.5365
 EELEC  =   -175439.4461  EHBOND  =         0.0000  RESTRAINT  =         0.0000
 EKCMT  =     11195.1993  VIRIAL  =     10967.1461  VOLUME     =    374416.0276
                                                    Density    =         0.9972
 ------------------------------------------------------------------------------


 NSTEP =   200000   TIME(PS) =     700.000  TEMP(K) =   298.16  PRESS =    24.1
 Etot   =   -130826.1855  EKtot   =     22178.2012  EPtot      =   -153004.3867
 BOND   =         0.8288  ANGLE   =        20.0258  DIHED      =         0.5220
 1-4 NB =        -0.1439  1-4 EEL =        -8.3351  VDWAALS    =     22345.9749
 EELEC  =   -175363.2591  EHBOND  =         0.0000  RESTRAINT  =         0.0000
 EKCMT  =     11150.1805  VIRIAL  =     10955.0238  VOLUME     =    374434.1470
                                                    Density    =         0.9971
 ------------------------------------------------------------------------------


 NSTEP =   205000   TIME(PS) =     710.000  TEMP(K) =   298.83  PRESS =   185.1
 Etot   =   -130755.3039  EKtot   =     22228.1523  EPtot      =   -152983.4562
 BOND   =         1.9671  ANGLE   =        18.9696  DIHED      =         4.5201
 1-4 NB =        -0.1486  1-4 EEL =        -8.6440  VDWAALS    =     22546.6471
 EELEC  =   -175546.7675  EHBOND  =         0.0000  RESTRAINT  =         0.0000
 EKCMT  =     11235.6641  VIRIAL  =      9739.8585  VOLUME     =    374282.0536
                                                    Density    =         0.9975
 ------------------------------------------------------------------------------


 NSTEP =   210000   TIME(PS) =     720.000  TEMP(K) =   300.32  PRESS =    47.5
 Etot   =   -131114.5802  EKtot   =     22339.1055  EPtot      =   -153453.6857
 BOND   =         1.1258  ANGLE   =        18.7536  DIHED      =         2.2273
 1-4 NB =        -0.1453  1-4 EEL =        -8.6251  VDWAALS    =     22602.4445
 EELEC  =   -176069.4665  EHBOND  =         0.0000  RESTRAINT  =         0.0000
 EKCMT  =     11179.8134  VIRIAL  =     10795.4372  VOLUME     =    374800.6455
                                                    Density    =         0.9962
 ------------------------------------------------------------------------------


 NSTEP =   215000   TIME(PS) =     730.000  TEMP(K) =   297.46  PRESS =    17.7
 Etot   =   -130979.4279  EKtot   =     22126.4668  EPtot      =   -153105.8947
 BOND   =         3.5443  ANGLE   =        21.9110  DIHED      =         1.7686
 1-4 NB =        -0.1466  1-4 EEL =        -8.1992  VDWAALS    =     22452.2020
 EELEC  =   -175576.9748  EHBOND  =         0.0000  RESTRAINT  =         0.0000
 EKCMT  =     11126.5712  VIRIAL  =     10983.0260  VOLUME     =    374989.8940
                                                    Density    =         0.9957
 ------------------------------------------------------------------------------


 NSTEP =   220000   TIME(PS) =     740.000  TEMP(K) =   302.57  PRESS =   -19.8
 Etot   =   -130524.5386  EKtot   =     22506.2656  EPtot      =   -153030.8042
 BOND   =         1.2101  ANGLE   =        18.7407  DIHED      =         0.9137
 1-4 NB =        -0.1466  1-4 EEL =        -8.2055  VDWAALS    =     22215.4285
 EELEC  =   -175258.7450  EHBOND  =         0.0000  RESTRAINT  =         0.0000
 EKCMT  =     11272.4449  VIRIAL  =     11432.4567  VOLUME     =    374384.2883
                                                    Density    =         0.9973
 ------------------------------------------------------------------------------


 NSTEP =   225000   TIME(PS) =     750.000  TEMP(K) =   301.57  PRESS =   -28.9
 Etot   =   -130996.6119  EKtot   =     22431.8730  EPtot      =   -153428.4849
 BOND   =         2.7216  ANGLE   =        19.9078  DIHED      =         2.0264
 1-4 NB =        -0.1427  1-4 EEL =        -8.2389  VDWAALS    =     22399.1923
 EELEC  =   -175843.9514  EHBOND  =         0.0000  RESTRAINT  =         0.0000
 EKCMT  =     11339.1738  VIRIAL  =     11572.8978  VOLUME     =    374765.1398
                                                    Density    =         0.9963
 ------------------------------------------------------------------------------


 NSTEP =   230000   TIME(PS) =     760.000  TEMP(K) =   297.86  PRESS =   165.9
 Etot   =   -131238.0045  EKtot   =     22156.1367  EPtot      =   -153394.1412
 BOND   =         2.2758  ANGLE   =        18.7586  DIHED      =         2.4183
 1-4 NB =        -0.1441  1-4 EEL =        -8.5749  VDWAALS    =     22753.4040
 EELEC  =   -176162.2788  EHBOND  =         0.0000  RESTRAINT  =         0.0000
 EKCMT  =     11177.2828  VIRIAL  =      9836.1306  VOLUME     =    374362.2347
                                                    Density    =         0.9973
 ------------------------------------------------------------------------------


 NSTEP =   235000   TIME(PS) =     770.000  TEMP(K) =   299.34  PRESS =   142.9
 Etot   =   -130598.8719  EKtot   =     22266.0059  EPtot      =   -152864.8778
 BOND   =         1.6097  ANGLE   =        19.6371  DIHED      =         2.5500
 1-4 NB =        -0.1509  1-4 EEL =        -8.6546  VDWAALS    =     22495.5889
 EELEC  =   -175375.4580  EHBOND  =         0.0000  RESTRAINT  =         0.0000
 EKCMT  =     11232.2393  VIRIAL  =     10076.3429  VOLUME     =    374643.5966
                                                    Density    =         0.9966
 ------------------------------------------------------------------------------


 NSTEP =   240000   TIME(PS) =     780.000  TEMP(K) =   298.27  PRESS =    39.8
 Etot   =   -131033.5818  EKtot   =     22186.5684  EPtot      =   -153220.1502
 BOND   =         1.7309  ANGLE   =        20.1174  DIHED      =         1.8635
 1-4 NB =        -0.1492  1-4 EEL =        -8.2555  VDWAALS    =     22484.3761
 EELEC  =   -175719.8334  EHBOND  =         0.0000  RESTRAINT  =         0.0000
 EKCMT  =     11069.3348  VIRIAL  =     10747.6126  VOLUME     =    374657.2368
                                                    Density    =         0.9965
 ------------------------------------------------------------------------------


 NSTEP =   245000   TIME(PS) =     790.000  TEMP(K) =   300.55  PRESS =    52.9
 Etot   =   -130588.7685  EKtot   =     22356.0977  EPtot      =   -152944.8662
 BOND   =         1.1163  ANGLE   =        21.9333  DIHED      =         2.1088
 1-4 NB =        -0.1511  1-4 EEL =        -8.8169  VDWAALS    =     22300.0579
 EELEC  =   -175261.1145  EHBOND  =         0.0000  RESTRAINT  =         0.0000
 EKCMT  =     11162.8942  VIRIAL  =     10735.7738  VOLUME     =    374084.8741
                                                    Density    =         0.9981
 ------------------------------------------------------------------------------


 NSTEP =   250000   TIME(PS) =     800.000  TEMP(K) =   300.59  PRESS =   179.6
 Etot   =   -130407.8105  EKtot   =     22359.5527  EPtot      =   -152767.3633
 BOND   =         1.7919  ANGLE   =        20.5596  DIHED      =         0.6449
 1-4 NB =        -0.1484  1-4 EEL =        -8.2784  VDWAALS    =     22465.8649
 EELEC  =   -175247.7978  EHBOND  =         0.0000  RESTRAINT  =         0.0000
 EKCMT  =     11215.3606  VIRIAL  =      9762.6645  VOLUME     =    374580.8544
                                                    Density    =         0.9967
 ------------------------------------------------------------------------------


 NSTEP =   255000   TIME(PS) =     810.000  TEMP(K) =   301.46  PRESS =    40.5
 Etot   =   -130785.2588  EKtot   =     22424.0117  EPtot      =   -153209.2705
 BOND   =         3.4341  ANGLE   =        21.7015  DIHED      =         1.7774
 1-4 NB =        -0.1480  1-4 EEL =        -8.4188  VDWAALS    =     22446.7639
 EELEC  =   -175674.3807  EHBOND  =         0.0000  RESTRAINT  =         0.0000
 EKCMT  =     11355.1662  VIRIAL  =     11027.1562  VOLUME     =    374815.1503
                                                    Density    =         0.9961
 ------------------------------------------------------------------------------


 NSTEP =   260000   TIME(PS) =     820.000  TEMP(K) =   299.17  PRESS =    42.3
 Etot   =   -130779.1737  EKtot   =     22253.3828  EPtot      =   -153032.5565
 BOND   =         0.8601  ANGLE   =        21.0497  DIHED      =         3.0490
 1-4 NB =        -0.1449  1-4 EEL =        -8.4588  VDWAALS    =     22470.1901
 EELEC  =   -175519.1017  EHBOND  =         0.0000  RESTRAINT  =         0.0000
 EKCMT  =     11148.7285  VIRIAL  =     10805.9809  VOLUME     =    374985.6277
                                                    Density    =         0.9957
 ------------------------------------------------------------------------------


 NSTEP =   265000   TIME(PS) =     830.000  TEMP(K) =   299.90  PRESS =   -56.0
 Etot   =   -130738.0600  EKtot   =     22307.7070  EPtot      =   -153045.7670
 BOND   =         1.5033  ANGLE   =        18.8835  DIHED      =         1.6554
 1-4 NB =        -0.1516  1-4 EEL =        -8.6934  VDWAALS    =     22365.9521
 EELEC  =   -175424.9163  EHBOND  =         0.0000  RESTRAINT  =         0.0000
 EKCMT  =     11124.3540  VIRIAL  =     11577.8508  VOLUME     =    375331.7799
                                                    Density    =         0.9948
 ------------------------------------------------------------------------------


 NSTEP =   270000   TIME(PS) =     840.000  TEMP(K) =   297.95  PRESS =    91.6
 Etot   =   -130880.1308  EKtot   =     22162.5234  EPtot      =   -153042.6543
 BOND   =         0.9512  ANGLE   =        21.5772  DIHED      =         1.2726
 1-4 NB =        -0.1515  1-4 EEL =        -8.6860  VDWAALS    =     22508.3306
 EELEC  =   -175565.9483  EHBOND  =         0.0000  RESTRAINT  =         0.0000
 EKCMT  =     11184.0585  VIRIAL  =     10441.8802  VOLUME     =    375060.1957
                                                    Density    =         0.9955
 ------------------------------------------------------------------------------


 NSTEP =   275000   TIME(PS) =     850.000  TEMP(K) =   296.98  PRESS =   -96.4
 Etot   =   -131092.3458  EKtot   =     22090.8086  EPtot      =   -153183.1544
 BOND   =         2.6705  ANGLE   =        20.9362  DIHED      =         2.4860
 1-4 NB =        -0.1490  1-4 EEL =        -8.8510  VDWAALS    =     22218.6289
 EELEC  =   -175418.8761  EHBOND  =         0.0000  RESTRAINT  =         0.0000
 EKCMT  =     11156.9009  VIRIAL  =     11937.2471  VOLUME     =    374725.7183
                                                    Density    =         0.9964
 ------------------------------------------------------------------------------


 NSTEP =   280000   TIME(PS) =     860.000  TEMP(K) =   302.26  PRESS =   -14.7
 Etot   =   -130497.2781  EKtot   =     22483.1270  EPtot      =   -152980.4050
 BOND   =         1.5217  ANGLE   =        20.3022  DIHED      =         2.4150
 1-4 NB =        -0.1408  1-4 EEL =        -8.6391  VDWAALS    =     22294.1428
 EELEC  =   -175290.0069  EHBOND  =         0.0000  RESTRAINT  =         0.0000
 EKCMT  =     11316.2107  VIRIAL  =     11435.5922  VOLUME     =    374922.6833
                                                    Density    =         0.9958
 ------------------------------------------------------------------------------


 NSTEP =   285000   TIME(PS) =     870.000  TEMP(K) =   295.80  PRESS =     2.8
 Etot   =   -131161.9148  EKtot   =     22002.6484  EPtot      =   -153164.5632
 BOND   =         0.8149  ANGLE   =        19.4348  DIHED      =         3.3630
 1-4 NB =        -0.1500  1-4 EEL =        -8.2249  VDWAALS    =     22319.4837
 EELEC  =   -175499.2848  EHBOND  =         0.0000  RESTRAINT  =         0.0000
 EKCMT  =     11101.6697  VIRIAL  =     11079.0671  VOLUME     =    373725.1353
                                                    Density    =         0.9990
 ------------------------------------------------------------------------------


 NSTEP =   290000   TIME(PS) =     880.000  TEMP(K) =   298.25  PRESS =  -125.2
 Etot   =   -130828.3891  EKtot   =     22185.3555  EPtot      =   -153013.7446
 BOND   =         1.3383  ANGLE   =        19.7817  DIHED      =         1.8636
 1-4 NB =        -0.1492  1-4 EEL =        -8.2384  VDWAALS    =     22124.6709
 EELEC  =   -175153.0116  EHBOND  =         0.0000  RESTRAINT  =         0.0000
 EKCMT  =     11161.7409  VIRIAL  =     12173.9418  VOLUME     =    374473.3348
                                                    Density    =         0.9970
 ------------------------------------------------------------------------------


 NSTEP =   295000   TIME(PS) =     890.000  TEMP(K) =   298.15  PRESS =    88.9
 Etot   =   -131278.6726  EKtot   =     22177.4375  EPtot      =   -153456.1101
 BOND   =         1.2929  ANGLE   =        19.3137  DIHED      =         2.0458
 1-4 NB =        -0.1480  1-4 EEL =        -8.5214  VDWAALS    =     22683.2473
 EELEC  =   -176153.3405  EHBOND  =         0.0000  RESTRAINT  =         0.0000
 EKCMT  =     11119.7291  VIRIAL  =     10400.1749  VOLUME     =    374736.0404
                                                    Density    =         0.9963
 ------------------------------------------------------------------------------


 NSTEP =   300000   TIME(PS) =     900.000  TEMP(K) =   295.95  PRESS =   -34.6
 Etot   =   -131212.1343  EKtot   =     22014.4219  EPtot      =   -153226.5562
 BOND   =         0.7988  ANGLE   =        21.3450  DIHED      =         3.9698
 1-4 NB =        -0.1422  1-4 EEL =        -8.5556  VDWAALS    =     22414.6146
 EELEC  =   -175658.5866  EHBOND  =         0.0000  RESTRAINT  =         0.0000
 EKCMT  =     11125.6220  VIRIAL  =     11405.3431  VOLUME     =    374374.4370
                                                    Density    =         0.9973
 ------------------------------------------------------------------------------


 NSTEP =   305000   TIME(PS) =     910.000  TEMP(K) =   298.84  PRESS =    52.6
 Etot   =   -131077.4899  EKtot   =     22229.3379  EPtot      =   -153306.8278
 BOND   =         0.9704  ANGLE   =        18.3304  DIHED      =         0.9746
 1-4 NB =        -0.1492  1-4 EEL =        -8.4108  VDWAALS    =     22564.0065
 EELEC  =   -175882.5498  EHBOND  =         0.0000  RESTRAINT  =         0.0000
 EKCMT  =     11207.6346  VIRIAL  =     10781.9909  VOLUME     =    374720.0525
                                                    Density    =         0.9964
 ------------------------------------------------------------------------------


 NSTEP =   310000   TIME(PS) =     920.000  TEMP(K) =   301.39  PRESS =  -110.2
 Etot   =   -130992.1182  EKtot   =     22419.0215  EPtot      =   -153411.1397
 BOND   =         2.7832  ANGLE   =        18.7152  DIHED      =         2.5011
 1-4 NB =        -0.1509  1-4 EEL =        -8.4526  VDWAALS    =     22312.0804
 EELEC  =   -175738.6161  EHBOND  =         0.0000  RESTRAINT  =         0.0000
 EKCMT  =     11333.9632  VIRIAL  =     12225.1910  VOLUME     =    374720.6958
                                                    Density    =         0.9964
 ------------------------------------------------------------------------------


 NSTEP =   315000   TIME(PS) =     930.000  TEMP(K) =   299.20  PRESS =   -41.3
 Etot   =   -130788.9062  EKtot   =     22255.6445  EPtot      =   -153044.5508
 BOND   =         1.5278  ANGLE   =        18.8826  DIHED      =         3.3579
 1-4 NB =        -0.1488  1-4 EEL =        -8.6606  VDWAALS    =     22247.8324
 EELEC  =   -175307.3419  EHBOND  =         0.0000  RESTRAINT  =         0.0000
 EKCMT  =     11189.2019  VIRIAL  =     11522.7549  VOLUME     =    374431.8314
                                                    Density    =         0.9971
 ------------------------------------------------------------------------------


 NSTEP =   320000   TIME(PS) =     940.000  TEMP(K) =   299.77  PRESS =   135.6
 Etot   =   -131119.9376  EKtot   =     22297.8887  EPtot      =   -153417.8263
 BOND   =         0.5187  ANGLE   =        22.9220  DIHED      =         4.7929
 1-4 NB =        -0.1487  1-4 EEL =        -8.1753  VDWAALS    =     22821.0997
 EELEC  =   -176258.8357  EHBOND  =         0.0000  RESTRAINT  =         0.0000
 EKCMT  =     11168.9951  VIRIAL  =     10069.8311  VOLUME     =    375321.7001
                                                    Density    =         0.9948
 ------------------------------------------------------------------------------


 NSTEP =   325000   TIME(PS) =     950.000  TEMP(K) =   301.23  PRESS =  -241.0
 Etot   =   -130556.5316  EKtot   =     22406.5879  EPtot      =   -152963.1195
 BOND   =         0.9384  ANGLE   =        20.1508  DIHED      =         1.9052
 1-4 NB =        -0.1456  1-4 EEL =        -7.9890  VDWAALS    =     21890.7347
 EELEC  =   -174868.7140  EHBOND  =         0.0000  RESTRAINT  =         0.0000
 EKCMT  =     11296.6874  VIRIAL  =     13246.4983  VOLUME     =    374683.8298
                                                    Density    =         0.9965
 ------------------------------------------------------------------------------


 NSTEP =   330000   TIME(PS) =     960.000  TEMP(K) =   296.73  PRESS =   -49.2
 Etot   =   -131401.5974  EKtot   =     22072.2734  EPtot      =   -153473.8708
 BOND   =         1.6262  ANGLE   =        18.2164  DIHED      =         3.0498
 1-4 NB =        -0.1494  1-4 EEL =        -8.3813  VDWAALS    =     22558.6875
 EELEC  =   -176046.9199  EHBOND  =         0.0000  RESTRAINT  =         0.0000
 EKCMT  =     11053.9696  VIRIAL  =     11452.4613  VOLUME     =    375003.3493
                                                    Density    =         0.9956
 ------------------------------------------------------------------------------


 NSTEP =   335000   TIME(PS) =     970.000  TEMP(K) =   300.30  PRESS =  -165.7
 Etot   =   -130851.9193  EKtot   =     22337.8594  EPtot      =   -153189.7787
 BOND   =         0.6625  ANGLE   =        20.6080  DIHED      =         2.0590
 1-4 NB =        -0.1504  1-4 EEL =        -8.9257  VDWAALS    =     22113.8573
 EELEC  =   -175317.8893  EHBOND  =         0.0000  RESTRAINT  =         0.0000
 EKCMT  =     11128.9122  VIRIAL  =     12469.4988  VOLUME     =    374660.0550
                                                    Density    =         0.9965
 ------------------------------------------------------------------------------


 NSTEP =   340000   TIME(PS) =     980.000  TEMP(K) =   301.39  PRESS =   124.9
 Etot   =   -130726.8470  EKtot   =     22418.8906  EPtot      =   -153145.7376
 BOND   =         3.5871  ANGLE   =        18.1440  DIHED      =         2.0945
 1-4 NB =        -0.1435  1-4 EEL =        -8.1759  VDWAALS    =     22511.2674
 EELEC  =   -175672.5112  EHBOND  =         0.0000  RESTRAINT  =         0.0000
 EKCMT  =     11386.1187  VIRIAL  =     10375.9791  VOLUME     =    374513.0492
                                                    Density    =         0.9969
 ------------------------------------------------------------------------------


 NSTEP =   345000   TIME(PS) =     990.000  TEMP(K) =   299.78  PRESS =   113.9
 Etot   =   -131017.4672  EKtot   =     22298.8262  EPtot      =   -153316.2933
 BOND   =         2.0714  ANGLE   =        22.4182  DIHED      =         2.8499
 1-4 NB =        -0.1495  1-4 EEL =        -8.3380  VDWAALS    =     22688.0282
 EELEC  =   -176023.1735  EHBOND  =         0.0000  RESTRAINT  =         0.0000
 EKCMT  =     11209.1093  VIRIAL  =     10286.6127  VOLUME     =    375137.3804
                                                    Density    =         0.9953
 ------------------------------------------------------------------------------


 NSTEP =   350000   TIME(PS) =    1000.000  TEMP(K) =   298.67  PRESS =   108.4
 Etot   =   -130847.7401  EKtot   =     22216.3613  EPtot      =   -153064.1014
 BOND   =         1.5198  ANGLE   =        20.6921  DIHED      =         1.5231
 1-4 NB =        -0.1516  1-4 EEL =        -8.6524  VDWAALS    =     22566.3983
 EELEC  =   -175645.4308  EHBOND  =         0.0000  RESTRAINT  =         0.0000
 EKCMT  =     11148.2957  VIRIAL  =     10269.8352  VOLUME     =    375386.1989
                                                    Density    =         0.9946
 ------------------------------------------------------------------------------


 NSTEP =   355000   TIME(PS) =    1010.000  TEMP(K) =   298.17  PRESS =  -104.9
 Etot   =   -131055.2354  EKtot   =     22179.2266  EPtot      =   -153234.4620
 BOND   =         2.0064  ANGLE   =        22.3196  DIHED      =         1.8305
 1-4 NB =        -0.1505  1-4 EEL =        -8.1274  VDWAALS    =     22297.4383
 EELEC  =   -175549.7789  EHBOND  =         0.0000  RESTRAINT  =         0.0000
 EKCMT  =     11069.2385  VIRIAL  =     11917.9583  VOLUME     =    374775.0588
                                                    Density    =         0.9962
 ------------------------------------------------------------------------------


 NSTEP =   360000   TIME(PS) =    1020.000  TEMP(K) =   300.32  PRESS =   -56.3
 Etot   =   -130877.8839  EKtot   =     22339.1426  EPtot      =   -153217.0265
 BOND   =         1.7277  ANGLE   =        19.1023  DIHED      =         4.3174
 1-4 NB =        -0.1449  1-4 EEL =        -8.2815  VDWAALS    =     22350.8699
 EELEC  =   -175584.6174  EHBOND  =         0.0000  RESTRAINT  =         0.0000
 EKCMT  =     11248.4526  VIRIAL  =     11703.5389  VOLUME     =    374651.8773
                                                    Density    =         0.9966
 ------------------------------------------------------------------------------


 NSTEP =   365000   TIME(PS) =    1030.000  TEMP(K) =   298.83  PRESS =    11.9
 Etot   =   -131108.4067  EKtot   =     22228.0195  EPtot      =   -153336.4262
 BOND   =         0.8343  ANGLE   =        20.5197  DIHED      =         2.6535
 1-4 NB =        -0.1499  1-4 EEL =        -8.9128  VDWAALS    =     22486.1967
 EELEC  =   -175837.5677  EHBOND  =         0.0000  RESTRAINT  =         0.0000
 EKCMT  =     11091.7245  VIRIAL  =     10995.8421  VOLUME     =    374294.4783
                                                    Density    =         0.9975
 ------------------------------------------------------------------------------


 NSTEP =   370000   TIME(PS) =    1040.000  TEMP(K) =   299.14  PRESS =    89.9
 Etot   =   -130718.6841  EKtot   =     22251.2715  EPtot      =   -152969.9556
 BOND   =         2.3930  ANGLE   =        19.6587  DIHED      =         2.9135
 1-4 NB =        -0.1466  1-4 EEL =        -8.1943  VDWAALS    =     22398.0915
 EELEC  =   -175384.6713  EHBOND  =         0.0000  RESTRAINT  =         0.0000
 EKCMT  =     11212.5751  VIRIAL  =     10485.9024  VOLUME     =    374196.0729
                                                    Density    =         0.9978
 ------------------------------------------------------------------------------


 NSTEP =   375000   TIME(PS) =    1050.000  TEMP(K) =   299.90  PRESS =  -111.6
 Etot   =   -130897.7489  EKtot   =     22308.0820  EPtot      =   -153205.8309
 BOND   =         1.0500  ANGLE   =        18.9019  DIHED      =         0.3838
 1-4 NB =        -0.1475  1-4 EEL =        -8.3528  VDWAALS    =     22243.9935
 EELEC  =   -175461.6599  EHBOND  =         0.0000  RESTRAINT  =         0.0000
 EKCMT  =     11127.3603  VIRIAL  =     12030.0750  VOLUME     =    374480.3580
                                                    Density    =         0.9970
 ------------------------------------------------------------------------------


 NSTEP =   380000   TIME(PS) =    1060.000  TEMP(K) =   301.77  PRESS =    93.1
 Etot   =   -130500.7687  EKtot   =     22446.8086  EPtot      =   -152947.5773
 BOND   =         0.6285  ANGLE   =        21.1583  DIHED      =         2.1027
 1-4 NB =        -0.1474  1-4 EEL =        -8.2456  VDWAALS    =     22465.6770
 EELEC  =   -175428.7507  EHBOND  =         0.0000  RESTRAINT  =         0.0000
 EKCMT  =     11169.3917  VIRIAL  =     10415.5202  VOLUME     =    374864.6696
                                                    Density    =         0.9960
 ------------------------------------------------------------------------------


 NSTEP =   385000   TIME(PS) =    1070.000  TEMP(K) =   299.33  PRESS =    19.1
 Etot   =   -130657.3925  EKtot   =     22265.5625  EPtot      =   -152922.9550
 BOND   =         0.4953  ANGLE   =        19.7363  DIHED      =         2.2976
 1-4 NB =        -0.1516  1-4 EEL =        -8.7893  VDWAALS    =     22350.0224
 EELEC  =   -175286.5656  EHBOND  =         0.0000  RESTRAINT  =         0.0000
 EKCMT  =     11093.7784  VIRIAL  =     10939.4563  VOLUME     =    374785.8945
                                                    Density    =         0.9962
 ------------------------------------------------------------------------------


 NSTEP =   390000   TIME(PS) =    1080.000  TEMP(K) =   301.83  PRESS =  -137.4
 Etot   =   -130688.4870  EKtot   =     22451.1973  EPtot      =   -153139.6842
 BOND   =         1.5381  ANGLE   =        20.1125  DIHED      =         1.0466
 1-4 NB =        -0.1504  1-4 EEL =        -8.5082  VDWAALS    =     22183.4110
 EELEC  =   -175337.1338  EHBOND  =         0.0000  RESTRAINT  =         0.0000
 EKCMT  =     11266.4520  VIRIAL  =     12378.7049  VOLUME     =    374924.5018
                                                    Density    =         0.9958
 ------------------------------------------------------------------------------


 NSTEP =   395000   TIME(PS) =    1090.000  TEMP(K) =   302.75  PRESS =   -97.5
 Etot   =   -131001.0260  EKtot   =     22519.6582  EPtot      =   -153520.6842
 BOND   =         2.7243  ANGLE   =        19.8638  DIHED      =         1.6001
 1-4 NB =        -0.1490  1-4 EEL =        -8.5097  VDWAALS    =     22310.2272
 EELEC  =   -175846.4409  EHBOND  =         0.0000  RESTRAINT  =         0.0000
 EKCMT  =     11388.6755  VIRIAL  =     12176.8939  VOLUME     =    374505.4813
                                                    Density    =         0.9969
 ------------------------------------------------------------------------------


 NSTEP =   400000   TIME(PS) =    1100.000  TEMP(K) =   300.72  PRESS =   -52.5
 Etot   =   -130764.1135  EKtot   =     22368.8633  EPtot      =   -153132.9767
 BOND   =         0.5000  ANGLE   =        18.9325  DIHED      =         4.9916
 1-4 NB =        -0.1475  1-4 EEL =        -8.3467  VDWAALS    =     22340.3377
 EELEC  =   -175489.2444  EHBOND  =         0.0000  RESTRAINT  =         0.0000
 EKCMT  =     11281.1152  VIRIAL  =     11706.5778  VOLUME     =    375178.6103
                                                    Density    =         0.9952
 ------------------------------------------------------------------------------


 NSTEP =   405000   TIME(PS) =    1110.000  TEMP(K) =   300.99  PRESS =    86.5
 Etot   =   -130706.0550  EKtot   =     22389.0625  EPtot      =   -153095.1175
 BOND   =         2.6272  ANGLE   =        23.0591  DIHED      =         1.8314
 1-4 NB =        -0.1499  1-4 EEL =        -8.5170  VDWAALS    =     22577.6698
 EELEC  =   -175691.6381  EHBOND  =         0.0000  RESTRAINT  =         0.0000
 EKCMT  =     11163.6294  VIRIAL  =     10463.9601  VOLUME     =    374661.3474
                                                    Density    =         0.9965
 ------------------------------------------------------------------------------


 NSTEP =   410000   TIME(PS) =    1120.000  TEMP(K) =   300.85  PRESS =   -78.8
 Etot   =   -130702.2484  EKtot   =     22378.4785  EPtot      =   -153080.7269
 BOND   =         0.5622  ANGLE   =        21.6041  DIHED      =         1.8483
 1-4 NB =        -0.1409  1-4 EEL =        -8.2301  VDWAALS    =     22209.1695
 EELEC  =   -175305.5400  EHBOND  =         0.0000  RESTRAINT  =         0.0000
 EKCMT  =     11321.5900  VIRIAL  =     11959.5633  VOLUME     =    374953.1586
                                                    Density    =         0.9958
 ------------------------------------------------------------------------------


 NSTEP =   415000   TIME(PS) =    1130.000  TEMP(K) =   299.97  PRESS =   -86.6
 Etot   =   -130620.8686  EKtot   =     22313.2832  EPtot      =   -152934.1518
 BOND   =         2.0740  ANGLE   =        19.6262  DIHED      =         1.2989
 1-4 NB =        -0.1477  1-4 EEL =        -8.5632  VDWAALS    =     22161.3053
 EELEC  =   -175109.7452  EHBOND  =         0.0000  RESTRAINT  =         0.0000
 EKCMT  =     11056.1663  VIRIAL  =     11756.2058  VOLUME     =    374351.4274
                                                    Density    =         0.9974
 ------------------------------------------------------------------------------


 NSTEP =   420000   TIME(PS) =    1140.000  TEMP(K) =   298.96  PRESS =   -39.2
 Etot   =   -130997.1023  EKtot   =     22238.1719  EPtot      =   -153235.2741
 BOND   =         1.5695  ANGLE   =        19.1386  DIHED      =         4.1111
 1-4 NB =        -0.1494  1-4 EEL =        -8.7839  VDWAALS    =     22464.2783
 EELEC  =   -175715.4384  EHBOND  =         0.0000  RESTRAINT  =         0.0000
 EKCMT  =     11163.6408  VIRIAL  =     11481.0800  VOLUME     =    375330.1468
                                                    Density    =         0.9948
 ------------------------------------------------------------------------------


 NSTEP =   425000   TIME(PS) =    1150.000  TEMP(K) =   300.00  PRESS =   -36.0
 Etot   =   -131038.6520  EKtot   =     22315.0820  EPtot      =   -153353.7341
 BOND   =         0.9896  ANGLE   =        19.0763  DIHED      =         2.2325
 1-4 NB =        -0.1470  1-4 EEL =        -8.6934  VDWAALS    =     22410.2000
 EELEC  =   -175777.3921  EHBOND  =         0.0000  RESTRAINT  =         0.0000
 EKCMT  =     11123.2652  VIRIAL  =     11414.3620  VOLUME     =    374836.8470
                                                    Density    =         0.9961
 ------------------------------------------------------------------------------


 NSTEP =   430000   TIME(PS) =    1160.000  TEMP(K) =   301.87  PRESS =   -67.9
 Etot   =   -131031.5717  EKtot   =     22454.4844  EPtot      =   -153486.0561
 BOND   =         3.9587  ANGLE   =        21.2274  DIHED      =         1.0904
 1-4 NB =        -0.1503  1-4 EEL =        -8.1077  VDWAALS    =     22431.9625
 EELEC  =   -175936.0371  EHBOND  =         0.0000  RESTRAINT  =         0.0000
 EKCMT  =     11275.8317  VIRIAL  =     11825.7350  VOLUME     =    374886.0875
                                                    Density    =         0.9959
 ------------------------------------------------------------------------------


 NSTEP =   435000   TIME(PS) =    1170.000  TEMP(K) =   299.77  PRESS =   -60.6
 Etot   =   -130732.0620  EKtot   =     22298.1328  EPtot      =   -153030.1949
 BOND   =         2.2689  ANGLE   =        20.8299  DIHED      =         3.4597
 1-4 NB =        -0.1418  1-4 EEL =        -8.2156  VDWAALS    =     22306.9169
 EELEC  =   -175355.3128  EHBOND  =         0.0000  RESTRAINT  =         0.0000
 EKCMT  =     11147.0024  VIRIAL  =     11637.8488  VOLUME     =    374883.4610
                                                    Density    =         0.9959
 ------------------------------------------------------------------------------


 NSTEP =   440000   TIME(PS) =    1180.000  TEMP(K) =   301.35  PRESS =    99.2
 Etot   =   -130637.3033  EKtot   =     22415.5293  EPtot      =   -153052.8326
 BOND   =         2.4430  ANGLE   =        20.0920  DIHED      =         1.3862
 1-4 NB =        -0.1499  1-4 EEL =        -8.6676  VDWAALS    =     22528.7980
 EELEC  =   -175596.7344  EHBOND  =         0.0000  RESTRAINT  =         0.0000
 EKCMT  =     11267.7787  VIRIAL  =     10464.6461  VOLUME     =    374892.4152
                                                    Density    =         0.9959
 ------------------------------------------------------------------------------


 NSTEP =   445000   TIME(PS) =    1190.000  TEMP(K) =   301.07  PRESS =    86.1
 Etot   =   -130915.0413  EKtot   =     22395.2559  EPtot      =   -153310.2971
 BOND   =         1.9542  ANGLE   =        19.5406  DIHED      =         1.6032
 1-4 NB =        -0.1488  1-4 EEL =        -8.3367  VDWAALS    =     22627.5102
 EELEC  =   -175952.4198  EHBOND  =         0.0000  RESTRAINT  =         0.0000
 EKCMT  =     11319.8443  VIRIAL  =     10622.1826  VOLUME     =    375322.7133
                                                    Density    =         0.9948
 ------------------------------------------------------------------------------


 NSTEP =   450000   TIME(PS) =    1200.000  TEMP(K) =   299.01  PRESS =    44.1
 Etot   =   -131181.4984  EKtot   =     22241.8945  EPtot      =   -153423.3929
 BOND   =         0.5498  ANGLE   =        19.1441  DIHED      =         0.7861
 1-4 NB =        -0.1503  1-4 EEL =        -8.6568  VDWAALS    =     22609.9469
 EELEC  =   -176045.0127  EHBOND  =         0.0000  RESTRAINT  =         0.0000
 EKCMT  =     11225.0318  VIRIAL  =     10867.9918  VOLUME     =    374898.0092
                                                    Density    =         0.9959
 ------------------------------------------------------------------------------


 NSTEP =   455000   TIME(PS) =    1210.000  TEMP(K) =   301.26  PRESS =   215.7
 Etot   =   -130489.2463  EKtot   =     22408.9492  EPtot      =   -152898.1955
 BOND   =         1.8956  ANGLE   =        18.6124  DIHED      =         1.9667
 1-4 NB =        -0.1488  1-4 EEL =        -8.3411  VDWAALS    =     22649.0234
 EELEC  =   -175561.2036  EHBOND  =         0.0000  RESTRAINT  =         0.0000
 EKCMT  =     11203.5063  VIRIAL  =      9458.8060  VOLUME     =    374598.4402
                                                    Density    =         0.9967
 ------------------------------------------------------------------------------


 NSTEP =   460000   TIME(PS) =    1220.000  TEMP(K) =   298.89  PRESS =  -148.2
 Etot   =   -130983.4690  EKtot   =     22232.8828  EPtot      =   -153216.3518
 BOND   =         0.9779  ANGLE   =        20.3102  DIHED      =         1.5766
 1-4 NB =        -0.1476  1-4 EEL =        -8.7486  VDWAALS    =     22198.4030
 EELEC  =   -175428.7232  EHBOND  =         0.0000  RESTRAINT  =         0.0000
 EKCMT  =     11086.8576  VIRIAL  =     12284.5657  VOLUME     =    374402.9290
                                                    Density    =         0.9972
 ------------------------------------------------------------------------------


 NSTEP =   465000   TIME(PS) =    1230.000  TEMP(K) =   299.67  PRESS =   -71.3
 Etot   =   -130613.8557  EKtot   =     22290.8730  EPtot      =   -152904.7288
 BOND   =         1.6171  ANGLE   =        21.3243  DIHED      =         0.5853
 1-4 NB =        -0.1408  1-4 EEL =        -7.9261  VDWAALS    =     22217.6039
 EELEC  =   -175137.7926  EHBOND  =         0.0000  RESTRAINT  =         0.0000
 EKCMT  =     11248.3035  VIRIAL  =     11825.2976  VOLUME     =    374934.6561
                                                    Density    =         0.9958
 ------------------------------------------------------------------------------


 NSTEP =   470000   TIME(PS) =    1240.000  TEMP(K) =   302.93  PRESS =    30.6
 Etot   =   -130708.0177  EKtot   =     22533.2207  EPtot      =   -153241.2384
 BOND   =         5.6184  ANGLE   =        21.6766  DIHED      =         1.7232
 1-4 NB =        -0.1518  1-4 EEL =        -8.4933  VDWAALS    =     22503.6232
 EELEC  =   -175765.2347  EHBOND  =         0.0000  RESTRAINT  =         0.0000
 EKCMT  =     11418.7344  VIRIAL  =     11171.4751  VOLUME     =    374749.6691
                                                    Density    =         0.9963
 ------------------------------------------------------------------------------


 NSTEP =   475000   TIME(PS) =    1250.000  TEMP(K) =   298.69  PRESS =    79.3
 Etot   =   -131212.3923  EKtot   =     22217.7402  EPtot      =   -153430.1325
 BOND   =         3.2909  ANGLE   =        20.4787  DIHED      =         1.2691
 1-4 NB =        -0.1480  1-4 EEL =        -8.3030  VDWAALS    =     22613.1597
 EELEC  =   -176059.8799  EHBOND  =         0.0000  RESTRAINT  =         0.0000
 EKCMT  =     11108.5976  VIRIAL  =     10467.5734  VOLUME     =    374567.3580
                                                    Density    =         0.9968
 ------------------------------------------------------------------------------


 NSTEP =   480000   TIME(PS) =    1260.000  TEMP(K) =   300.90  PRESS =   -70.5
 Etot   =   -130808.3614  EKtot   =     22382.1719  EPtot      =   -153190.5333
 BOND   =         1.9876  ANGLE   =        19.0489  DIHED      =         1.1356
 1-4 NB =        -0.1507  1-4 EEL =        -8.6609  VDWAALS    =     22334.9704
 EELEC  =   -175538.8643  EHBOND  =         0.0000  RESTRAINT  =         0.0000
 EKCMT  =     11181.4475  VIRIAL  =     11751.8537  VOLUME     =    374879.1192
                                                    Density    =         0.9960
 ------------------------------------------------------------------------------


 NSTEP =   485000   TIME(PS) =    1270.000  TEMP(K) =   297.43  PRESS =   -66.8
 Etot   =   -131060.2308  EKtot   =     22123.8555  EPtot      =   -153184.0863
 BOND   =         0.7296  ANGLE   =        20.7752  DIHED      =         4.7155
 1-4 NB =        -0.1514  1-4 EEL =        -9.0469  VDWAALS    =     22369.9104
 EELEC  =   -175571.0186  EHBOND  =         0.0000  RESTRAINT  =         0.0000
 EKCMT  =     11140.1319  VIRIAL  =     11681.0628  VOLUME     =    375220.4645
                                                    Density    =         0.9950
 ------------------------------------------------------------------------------


 NSTEP =   490000   TIME(PS) =    1280.000  TEMP(K) =   303.71  PRESS =  -140.0
 Etot   =   -130485.5408  EKtot   =     22591.4785  EPtot      =   -153077.0193
 BOND   =         1.0839  ANGLE   =        19.0274  DIHED      =         4.8656
 1-4 NB =        -0.1461  1-4 EEL =        -8.3639  VDWAALS    =     22046.8617
 EELEC  =   -175140.3480  EHBOND  =         0.0000  RESTRAINT  =         0.0000
 EKCMT  =     11378.4203  VIRIAL  =     12512.1054  VOLUME     =    374995.1773
                                                    Density    =         0.9956
 ------------------------------------------------------------------------------


 NSTEP =   495000   TIME(PS) =    1290.000  TEMP(K) =   299.81  PRESS =   -50.3
 Etot   =   -130931.2510  EKtot   =     22301.3066  EPtot      =   -153232.5577
 BOND   =         1.4785  ANGLE   =        20.4179  DIHED      =         1.4563
 1-4 NB =        -0.1458  1-4 EEL =        -8.7058  VDWAALS    =     22328.4601
 EELEC  =   -175575.5188  EHBOND  =         0.0000  RESTRAINT  =         0.0000
 EKCMT  =     11236.6420  VIRIAL  =     11643.3422  VOLUME     =    374674.9794
                                                    Density    =         0.9965
 ------------------------------------------------------------------------------


 NSTEP =   500000   TIME(PS) =    1300.000  TEMP(K) =   300.02  PRESS =   -63.5
 Etot   =   -130784.0274  EKtot   =     22316.6875  EPtot      =   -153100.7149
 BOND   =         5.0201  ANGLE   =        20.0731  DIHED      =         1.0742
 1-4 NB =        -0.1454  1-4 EEL =        -8.1528  VDWAALS    =     22274.8909
 EELEC  =   -175393.4752  EHBOND  =         0.0000  RESTRAINT  =         0.0000
 EKCMT  =     11162.8549  VIRIAL  =     11676.8773  VOLUME     =    375043.4126
                                                    Density    =         0.9955
 ------------------------------------------------------------------------------


      A V E R A G E S   O V E R     100 S T E P S


 NSTEP =   500000   TIME(PS) =    1300.000  TEMP(K) =   299.82  PRESS =     1.5
 Etot   =   -130861.3792  EKtot   =     22302.1967  EPtot      =   -153163.5759
 BOND   =         1.8696  ANGLE   =        19.9278  DIHED      =         2.1422
 1-4 NB =        -0.1479  1-4 EEL =        -8.4683  VDWAALS    =     22398.9994
 EELEC  =   -175577.8987  EHBOND  =         0.0000  RESTRAINT  =         0.0000
 EKCMT  =     11197.2121  VIRIAL  =     11185.3655  VOLUME     =    374725.4023
                                                    Density    =         0.9964
 ------------------------------------------------------------------------------


      R M S  F L U C T U A T I O N S


 NSTEP =   500000   TIME(PS) =    1300.000  TEMP(K) =     1.56  PRESS =   105.0
 Etot   =       216.5549  EKtot   =       116.2078  EPtot      =       173.6975
 BOND   =         1.1195  ANGLE   =         1.2175  DIHED      =         1.1394
 1-4 NB =         0.0033  1-4 EEL =         0.2294  VDWAALS    =       189.1060
 EELEC  =       299.5492  EHBOND  =         0.0000  RESTRAINT  =         0.0000
 EKCMT  =        87.1578  VIRIAL  =       849.8374  VOLUME     =       338.1664
                                                    Density    =         0.0009
 ------------------------------------------------------------------------------

--------------------------------------------------------------------------------
   5.  TIMINGS
--------------------------------------------------------------------------------

|  NonSetup CPU Time in Major Routines:
|
|     Routine           Sec        %
|     ------------------------------
|     Nonbond         308.67   85.58
|     Bond              0.00    0.00
|     Angle             0.00    0.00
|     Dihedral          0.00    0.00
|     Shake             1.20    0.33
|     RunMD            50.17   13.91
|     Other             0.64    0.18
|     ------------------------------
|     Total           360.68

|  PME Nonbond Pairlist CPU Time:
|
|     Routine              Sec        %
|     ---------------------------------
|     Set Up Cit           0.00    0.00
|     Build List           0.00    0.00
|     ---------------------------------
|     Total                0.00    0.00

|  PME Direct Force CPU Time:
|
|     Routine              Sec        %
|     ---------------------------------
|     NonBonded Calc       0.00    0.00
|     Exclude Masked       0.00    0.00
|     Other                0.40    0.11
|     ---------------------------------
|     Total                0.40    0.11

|  PME Reciprocal Force CPU Time:
|
|     Routine              Sec        %
|     ---------------------------------
|     1D bspline           0.00    0.00
|     Grid Charges         0.00    0.00
|     Scalar Sum           0.00    0.00
|     Gradient Sum         0.00    0.00
|     FFT                  0.00    0.00
|     ---------------------------------
|     Total                0.00    0.00

|  Final Performance Info:
|     -----------------------------------------------------
|     Average timings for last   70000 steps:
|     Elapsed(s) =      50.58 Per Step(ms) =       0.72
|         ns/day =     239.15   seconds/ns =     361.28
|
|     Average timings for all steps:
|     Elapsed(s) =     360.72 Per Step(ms) =       0.72
|         ns/day =     239.52   seconds/ns =     360.72
|     -----------------------------------------------------

|  Setup CPU time:            0.70 seconds
|  NonSetup CPU time:       360.68 seconds
|  Total CPU time:          361.38 seconds     0.10 hours

|  Setup wall time:           1    seconds
|  NonSetup wall time:      360    seconds
|  Total wall time:         361    seconds     0.10 hours
