
          -------------------------------------------------------
          Amber 20 PMEMD                              2020
          -------------------------------------------------------

| PMEMD implementation of SANDER, Release 18

|  Compiled date/time: Wed Sep 22 23:21:21 2021
| Run on 03/24/2023 at 10:22:59

|   Executable path: pmemd.cuda
| Working directory: /mnt/gs21/scratch/lizhen6/updated_code_for_amino_c4_final/amino_c4/hid/newwater/NI_-473.2_2.97_opc/pmf126
|          Hostname: nal-000

  [-O]verwriting output

File Assignments:
|   MDIN: md_nvt.in                                                             
|  MDOUT: md_nvt.out                                                            
| INPCRD: md_min5.rst                                                           
|   PARM: 1264.prmtop                                                           
| RESTRT: md_nvt.rst                                                            
|   REFC: md_min5.rst                                                           
|  MDVEL: mdvel                                                                 
|   MDEN: mden                                                                  
|  MDCRD: md_nvt.netcdf                                                         
| MDINFO: mdinfo                                                                
|  MDFRC: mdfrc                                                                 


 Here is the input file:

nvt for free MD                                                                
 &cntrl                                                                        
  imin=0,                                                                      
  irest=0,                                                                     
  ntx=1,                                                                       
  ig=-1,                                                                       
  nstlim=100000,                                                               
  dt=0.002,                                                                    
  cut=10.0,                                                                    
  ntc=2,                                                                       
  ntf=2,                                                                       
  ntb=1,                                                                       
  ntt=3,                                                                       
  gamma_ln=2.0,                                                                
  tempi=2.0,                                                                   
  temp0=300.0,                                                                 
  ntpr=5000,                                                                   
  ntwr=5000,                                                                   
  ntwx=10000,                                                                  
  ioutfm=1,                                                                    
  iwrap=0,                                                                     
                                                                               
  nmropt=1,                                                                    
 /                                                                             
 &wt TYPE='TEMP0', istep1=0, istep2=90000, value1=2.0, value2=300.0 /          
 &wt TYPE='TEMP0', istep1=90001, istep2=100000, value1=300.0, value2=300.0 /   
 &wt TYPE='DUMPFREQ', istep1=10000, /                                          
 &wt TYPE='END', /                                                             


Note: ig = -1. Setting random seed to   140403 based on wallclock time in 
      microseconds.
| irandom = 1, using AMBER's internal random number generator (default).
 
|--------------------- INFORMATION ----------------------
| GPU (CUDA) Version of PMEMD in use: NVIDIA GPU IN USE.
|                    Version 18.0.0
| 
|                      03/25/2018
| 
| Implementation by:
|                    Ross C. Walker     (SDSC)
|                    Scott Le Grand     (nVIDIA)
| 
| Version 18 performance extensions by:
|                    David Cerutti     (Rutgers)
| 
| Precision model in use:
|      [SPFP] - Single Precision Forces, 64-bit Fixed Point
|               Accumulation. (Default)
| 
|--------------------------------------------------------
 
|----------------- CITATION INFORMATION -----------------
|
|    When publishing work that utilized the CUDA version
|    of AMBER, please cite the following in addition to
|    the regular AMBER citations:
|
|  - Romelia Salomon-Ferrer; Andreas W. Goetz; Duncan
|    Poole; Scott Le Grand; Ross C. Walker "Routine
|    microsecond molecular dynamics simulations with
|    AMBER - Part II: Particle Mesh Ewald", J. Chem.
|    Theory Comput., 2013, 9 (9), pp3878-3888,
|    DOI: 10.1021/ct400314y.
|
|  - Andreas W. Goetz; Mark J. Williamson; Dong Xu;
|    Duncan Poole; Scott Le Grand; Ross C. Walker
|    "Routine microsecond molecular dynamics simulations
|    with AMBER - Part I: Generalized Born", J. Chem.
|    Theory Comput., 2012, 8 (5), pp1542-1555.
|
|  - Scott Le Grand; Andreas W. Goetz; Ross C. Walker
|    "SPFP: Speed without compromise - a mixed precision
|    model for GPU accelerated molecular dynamics
|    simulations.", Comp. Phys. Comm., 2013, 184
|    pp374-380, DOI: 10.1016/j.cpc.2012.09.022
|
|--------------------------------------------------------
 
|------------------- GPU DEVICE INFO --------------------
|
|            CUDA_VISIBLE_DEVICES: 0
|   CUDA Capable Devices Detected:      1
|           CUDA Device ID in use:      0
|                CUDA Device Name: NVIDIA A100-SXM4-80GB
|     CUDA Device Global Mem Size:  81085 MB
| CUDA Device Num Multiprocessors:    108
|           CUDA Device Core Freq:   1.41 GHz
|
|--------------------------------------------------------
 
 
| Conditional Compilation Defines Used:
| PUBFFT
| BINTRAJ
| CUDA
| EMIL

| Largest sphere to fit in unit cell has radius =    32.997

| New format PARM file being parsed.
| Version =    1.000 Date = 03/24/23 Time = 07:53:44

| Note: 1-4 EEL scale factors are being read from the topology file.

| Note: 1-4 VDW scale factors are being read from the topology file.
| Duplicated    0 dihedrals

| Duplicated    0 dihedrals

--------------------------------------------------------------------------------
   1.  RESOURCE   USE: 
--------------------------------------------------------------------------------

 getting box info from netcdf restart file
 NATOM  =   49902 NTYPES =       9 NBONH =   37423 MBONA  =   12478
 NTHETH =       8 MTHETA =       5 NPHIH =      15 MPHIA  =       5
 NHPARM =       0 NPARM  =       0 NNB   =   87346 NRES   =   12475
 NBONA  =   12478 NTHETA =       5 NPHIA =       5 NUMBND =      12
 NUMANG =      13 NPTRA  =       7 NATYP =      12 NPHB   =       0
 IFBOX  =       2 NMXRS  =       9 IFCAP =       0 NEXTRA =   12473
 NCOPY  =       0

| Coordinate Index Table dimensions:    13   13   13
| Direct force subcell size =     6.2173    6.2173    6.2173

     BOX TYPE: TRUNCATED OCTAHEDRON

--------------------------------------------------------------------------------
   2.  CONTROL  DATA  FOR  THE  RUN
--------------------------------------------------------------------------------

default_name                                                                    

General flags:
     imin    =       0, nmropt  =       1

Nature and format of input:
     ntx     =       1, irest   =       0, ntrx    =       1

Nature and format of output:
     ntxo    =       2, ntpr    =    5000, ntrx    =       1, ntwr    =    5000
     iwrap   =       0, ntwx    =   10000, ntwv    =       0, ntwe    =       0
     ioutfm  =       1, ntwprt  =       0, idecomp =       0, rbornstat=      0

Potential function:
     ntf     =       2, ntb     =       1, igb     =       0, nsnb    =      25
     ipol    =       0, gbsa    =       0, iesp    =       0
     dielc   =   1.00000, cut     =  10.00000, intdiel =   1.00000

Frozen or restrained atoms:
     ibelly  =       0, ntr     =       0

Molecular dynamics:
     nstlim  =    100000, nscm    =      1000, nrespa  =         1
     t       =   0.00000, dt      =   0.00200, vlimit  =  -1.00000

Langevin dynamics temperature regulation:
     ig      =  140403
     temp0   = 300.00000, tempi   =   2.00000, gamma_ln=   2.00000

SHAKE:
     ntc     =       2, jfastw  =       0
     tol     =   0.00001

NMR refinement options:
     iscale  =       0, noeskp  =       1, ipnlty  =       1, mxsub   =       1
     scalm   = 100.00000, pencut  =   0.10000, tausw   =   0.10000

| Intermolecular bonds treatment:
|     no_intermolecular_bonds =       1

| Energy averages sample interval:
|     ene_avg_sampling =    5000

Extra-points options:
     frameon =       1, chngmask=       1

Ewald parameters:
     verbose =       0, ew_type =       0, nbflag  =       1, use_pme =       1
     vdwmeth =       1, eedmeth =       1, netfrc  =       1
     Box X =   80.825   Box Y =   80.825   Box Z =   80.825
     Alpha =  109.471   Beta  =  109.471   Gamma =  109.471
     NFFT1 =   84       NFFT2 =   84       NFFT3 =   84
     Cutoff=   10.000   Tol   =0.100E-04
     Ewald Coefficient =  0.27511
     Interpolation order =    4
|      EXTRA_PTS, trim_bonds: num bonds BEFORE trim = 37423     0
|      EXTRA_PTS, trim_bonds: num bonds AFTER  trim = 37423     0
|      EXTRA_PTS, trim_bonds: num bonds BEFORE trim = 12478     0
|      EXTRA_PTS, trim_bonds: num bonds AFTER  trim =     5     0
|      EXTRA_PTS, trim_theta: num angle BEFORE trim =     8     0
|      EXTRA_PTS, trim_theta: num angle AFTER  trim =     8     0
|      EXTRA_PTS, trim_theta: num angle BEFORE trim =     5     0
|      EXTRA_PTS, trim_theta: num angle AFTER  trim =     5     0
|      EXTRA_PTS, trim_phi:  num diheds BEFORE trim =    15     0
|      EXTRA_PTS, trim_phi:  num diheds AFTER  trim =    15     0
|      EXTRA_PTS, trim_phi:  num diheds BEFORE trim =     5     0
|      EXTRA_PTS, trim_phi:  num diheds AFTER  trim =     5     0

--------------------------------------------------------------------------------
   3.  ATOMIC COORDINATES AND VELOCITIES
--------------------------------------------------------------------------------

default_name                                                                    
 begin time read from input coords =     0.000 ps



           Begin reading energy term weight changes/NMR restraints
 WEIGHT CHANGES:
 TEMP0         0  90000    2.000000  300.000000      0      0
 TEMP0     90001 100000  300.000000  300.000000      0      0
 DUMPFREQ  10000      0    0.000000    0.000000      0      0

 RESTRAINTS:
                          ** No restraint defined **

                  Done reading weight changes/NMR restraints


 
 Number of triangulated 3-point waters found:    12473

     Sum of charges from parm topology file =   2.00006845
     Assuming uniform neutralizing plasma

| Dynamic Memory, Types Used:
| Reals             1466171
| Integers          2296719

| Nonbonded Pairs Initial Allocation:    15094107

| GPU memory information (estimate):
| KB of GPU memory in use:    468932
| KB of CPU memory in use:     97359

--------------------------------------------------------------------------------
   4.  RESULTS
--------------------------------------------------------------------------------


 NSTEP =        0   TIME(PS) =       0.000  TEMP(K) =     2.99  PRESS =     0.0
 Etot   =   -147556.3374  EKtot   =       222.2225  EPtot      =   -147778.5600
 BOND   =         0.4367  ANGLE   =        18.4374  DIHED      =         0.0135
 1-4 NB =        -0.1511  1-4 EEL =        -8.5222  VDWAALS    =     14492.2925
 EELEC  =   -162281.0666  EHBOND  =         0.0000  RESTRAINT  =         0.0000
 ------------------------------------------------------------------------------

 NMR restraints: Bond =    0.000   Angle =     0.000   Torsion =     0.000
===============================================================================

 NSTEP =     5000   TIME(PS) =      10.000  TEMP(K) =    17.85  PRESS =     0.0
 Etot   =   -178607.3887  EKtot   =      1327.7361  EPtot      =   -179935.1248
 BOND   =         0.3133  ANGLE   =        18.1190  DIHED      =         0.0526
 1-4 NB =        -0.1490  1-4 EEL =        -8.5291  VDWAALS    =     30477.3867
 EELEC  =   -210422.3183  EHBOND  =         0.0000  RESTRAINT  =         0.0000
 ------------------------------------------------------------------------------

 NMR restraints: Bond =    0.000   Angle =     0.000   Torsion =     0.000
===============================================================================

 NSTEP =    10000   TIME(PS) =      20.000  TEMP(K) =    34.52  PRESS =     0.0
 Etot   =   -176520.9658  EKtot   =      2567.6509  EPtot      =   -179088.6167
 BOND   =         0.8223  ANGLE   =        18.3524  DIHED      =         0.0347
 1-4 NB =        -0.1497  1-4 EEL =        -8.5261  VDWAALS    =     30683.4491
 EELEC  =   -209782.5994  EHBOND  =         0.0000  RESTRAINT  =         0.0000
 ------------------------------------------------------------------------------

 NMR restraints: Bond =    0.000   Angle =     0.000   Torsion =     0.000
===============================================================================

 NSTEP =    15000   TIME(PS) =      30.000  TEMP(K) =    51.19  PRESS =     0.0
 Etot   =   -174443.1602  EKtot   =      3807.7029  EPtot      =   -178250.8631
 BOND   =         0.9550  ANGLE   =        18.2623  DIHED      =         0.2574
 1-4 NB =        -0.1500  1-4 EEL =        -8.4461  VDWAALS    =     30970.2194
 EELEC  =   -209231.9610  EHBOND  =         0.0000  RESTRAINT  =         0.0000
 ------------------------------------------------------------------------------

 NMR restraints: Bond =    0.000   Angle =     0.000   Torsion =     0.000
===============================================================================

 NSTEP =    20000   TIME(PS) =      40.000  TEMP(K) =    67.73  PRESS =     0.0
 Etot   =   -172341.0931  EKtot   =      5038.3994  EPtot      =   -177379.4925
 BOND   =         0.6910  ANGLE   =        18.0845  DIHED      =         0.0556
 1-4 NB =        -0.1491  1-4 EEL =        -8.5238  VDWAALS    =     31078.5359
 EELEC  =   -208468.1866  EHBOND  =         0.0000  RESTRAINT  =         0.0000
 ------------------------------------------------------------------------------

 NMR restraints: Bond =    0.000   Angle =     0.000   Torsion =     0.000
===============================================================================

 NSTEP =    25000   TIME(PS) =      50.000  TEMP(K) =    84.17  PRESS =     0.0
 Etot   =   -170177.8777  EKtot   =      6260.6201  EPtot      =   -176438.4978
 BOND   =         0.9994  ANGLE   =        18.3805  DIHED      =         0.1627
 1-4 NB =        -0.1509  1-4 EEL =        -8.5485  VDWAALS    =     31126.4692
 EELEC  =   -207575.8101  EHBOND  =         0.0000  RESTRAINT  =         0.0000
 ------------------------------------------------------------------------------

 NMR restraints: Bond =    0.000   Angle =     0.000   Torsion =     0.000
===============================================================================

 NSTEP =    30000   TIME(PS) =      60.000  TEMP(K) =    99.89  PRESS =     0.0
 Etot   =   -168179.2189  EKtot   =      7430.1802  EPtot      =   -175609.3990
 BOND   =         1.6499  ANGLE   =        19.4846  DIHED      =         0.5790
 1-4 NB =        -0.1486  1-4 EEL =        -8.6258  VDWAALS    =     31360.9291
 EELEC  =   -206983.2673  EHBOND  =         0.0000  RESTRAINT  =         0.0000
 ------------------------------------------------------------------------------

 NMR restraints: Bond =    0.000   Angle =     0.000   Torsion =     0.000
===============================================================================

 NSTEP =    35000   TIME(PS) =      70.000  TEMP(K) =   117.75  PRESS =     0.0
 Etot   =   -165865.5015  EKtot   =      8758.8926  EPtot      =   -174624.3941
 BOND   =         0.1555  ANGLE   =        18.4867  DIHED      =         1.2298
 1-4 NB =        -0.1497  1-4 EEL =        -8.6554  VDWAALS    =     31333.1347
 EELEC  =   -205968.5956  EHBOND  =         0.0000  RESTRAINT  =         0.0000
 ------------------------------------------------------------------------------

 NMR restraints: Bond =    0.000   Angle =     0.000   Torsion =     0.000
===============================================================================

 NSTEP =    40000   TIME(PS) =      80.000  TEMP(K) =   134.07  PRESS =     0.0
 Etot   =   -163535.1567  EKtot   =      9972.4834  EPtot      =   -173507.6401
 BOND   =         0.4510  ANGLE   =        18.9169  DIHED      =         0.7409
 1-4 NB =        -0.1463  1-4 EEL =        -8.1951  VDWAALS    =     31063.6068
 EELEC  =   -204583.0143  EHBOND  =         0.0000  RESTRAINT  =         0.0000
 ------------------------------------------------------------------------------

 NMR restraints: Bond =    0.000   Angle =     0.000   Torsion =     0.000
===============================================================================

 NSTEP =    45000   TIME(PS) =      90.000  TEMP(K) =   150.95  PRESS =     0.0
 Etot   =   -161319.2652  EKtot   =     11228.3115  EPtot      =   -172547.5768
 BOND   =         0.2587  ANGLE   =        19.3092  DIHED      =         0.8368
 1-4 NB =        -0.1476  1-4 EEL =        -8.5532  VDWAALS    =     30797.6075
 EELEC  =   -203356.8882  EHBOND  =         0.0000  RESTRAINT  =         0.0000
 ------------------------------------------------------------------------------

 NMR restraints: Bond =    0.000   Angle =     0.000   Torsion =     0.000
===============================================================================

 NSTEP =    50000   TIME(PS) =     100.000  TEMP(K) =   167.63  PRESS =     0.0
 Etot   =   -158731.7612  EKtot   =     12469.3037  EPtot      =   -171201.0649
 BOND   =         2.6193  ANGLE   =        18.1416  DIHED      =         0.6799
 1-4 NB =        -0.1476  1-4 EEL =        -8.4597  VDWAALS    =     30650.2094
 EELEC  =   -201864.1077  EHBOND  =         0.0000  RESTRAINT  =         0.0000
 ------------------------------------------------------------------------------

 NMR restraints: Bond =    0.000   Angle =     0.000   Torsion =     0.000
===============================================================================

 NSTEP =    55000   TIME(PS) =     110.000  TEMP(K) =   183.40  PRESS =     0.0
 Etot   =   -156331.6605  EKtot   =     13642.2441  EPtot      =   -169973.9046
 BOND   =         0.6486  ANGLE   =        19.0580  DIHED      =         1.3347
 1-4 NB =        -0.1510  1-4 EEL =        -8.5679  VDWAALS    =     30672.2050
 EELEC  =   -200658.4320  EHBOND  =         0.0000  RESTRAINT  =         0.0000
 ------------------------------------------------------------------------------

 NMR restraints: Bond =    0.000   Angle =     0.000   Torsion =     0.000
===============================================================================

 NSTEP =    60000   TIME(PS) =     120.000  TEMP(K) =   198.49  PRESS =     0.0
 Etot   =   -154217.9829  EKtot   =     14764.3906  EPtot      =   -168982.3736
 BOND   =         2.1921  ANGLE   =        19.1267  DIHED      =         0.3559
 1-4 NB =        -0.1424  1-4 EEL =        -8.4359  VDWAALS    =     30080.6713
 EELEC  =   -199076.1413  EHBOND  =         0.0000  RESTRAINT  =         0.0000
 ------------------------------------------------------------------------------

 NMR restraints: Bond =    0.000   Angle =     0.000   Torsion =     0.000
===============================================================================

 NSTEP =    65000   TIME(PS) =     130.000  TEMP(K) =   216.89  PRESS =     0.0
 Etot   =   -151176.0897  EKtot   =     16133.5254  EPtot      =   -167309.6151
 BOND   =         0.9758  ANGLE   =        18.0883  DIHED      =         3.6269
 1-4 NB =        -0.1502  1-4 EEL =        -8.6286  VDWAALS    =     29709.4430
 EELEC  =   -197032.9703  EHBOND  =         0.0000  RESTRAINT  =         0.0000
 ------------------------------------------------------------------------------

 NMR restraints: Bond =    0.000   Angle =     0.000   Torsion =     0.000
===============================================================================

 NSTEP =    70000   TIME(PS) =     140.000  TEMP(K) =   235.03  PRESS =     0.0
 Etot   =   -148343.9686  EKtot   =     17482.8965  EPtot      =   -165826.8651
 BOND   =         2.6937  ANGLE   =        19.5772  DIHED      =         0.6535
 1-4 NB =        -0.1420  1-4 EEL =        -8.3536  VDWAALS    =     29164.7204
 EELEC  =   -195006.0142  EHBOND  =         0.0000  RESTRAINT  =         0.0000
 ------------------------------------------------------------------------------

 NMR restraints: Bond =    0.000   Angle =     0.000   Torsion =     0.000
===============================================================================

 NSTEP =    75000   TIME(PS) =     150.000  TEMP(K) =   247.35  PRESS =     0.0
 Etot   =   -145637.3391  EKtot   =     18398.9297  EPtot      =   -164036.2688
 BOND   =         0.6724  ANGLE   =        22.6911  DIHED      =         1.6105
 1-4 NB =        -0.1515  1-4 EEL =        -9.2530  VDWAALS    =     28388.0290
 EELEC  =   -192439.8673  EHBOND  =         0.0000  RESTRAINT  =         0.0000
 ------------------------------------------------------------------------------

 NMR restraints: Bond =    0.000   Angle =     0.000   Torsion =     0.000
===============================================================================

 NSTEP =    80000   TIME(PS) =     160.000  TEMP(K) =   265.97  PRESS =     0.0
 Etot   =   -141250.7890  EKtot   =     19784.2695  EPtot      =   -161035.0585
 BOND   =         1.1004  ANGLE   =        19.6536  DIHED      =         3.0260
 1-4 NB =        -0.1455  1-4 EEL =        -8.2604  VDWAALS    =     26805.6842
 EELEC  =   -187856.1168  EHBOND  =         0.0000  RESTRAINT  =         0.0000
 ------------------------------------------------------------------------------

 NMR restraints: Bond =    0.000   Angle =     0.000   Torsion =     0.000
===============================================================================

 NSTEP =    85000   TIME(PS) =     170.000  TEMP(K) =   282.00  PRESS =     0.0
 Etot   =   -136268.0953  EKtot   =     20976.5254  EPtot      =   -157244.6207
 BOND   =         2.8213  ANGLE   =        19.9884  DIHED      =         1.8624
 1-4 NB =        -0.1488  1-4 EEL =        -8.7730  VDWAALS    =     24632.5166
 EELEC  =   -181892.8875  EHBOND  =         0.0000  RESTRAINT  =         0.0000
 ------------------------------------------------------------------------------

 NMR restraints: Bond =    0.000   Angle =     0.000   Torsion =     0.000
===============================================================================

 NSTEP =    90000   TIME(PS) =     180.000  TEMP(K) =   300.56  PRESS =     0.0
 Etot   =   -130811.2235  EKtot   =     22356.8066  EPtot      =   -153168.0302
 BOND   =         3.2933  ANGLE   =        21.0257  DIHED      =         3.6905
 1-4 NB =        -0.1407  1-4 EEL =        -8.0991  VDWAALS    =     22585.7368
 EELEC  =   -175773.5367  EHBOND  =         0.0000  RESTRAINT  =         0.0000
 ------------------------------------------------------------------------------

 NMR restraints: Bond =    0.000   Angle =     0.000   Torsion =     0.000
===============================================================================

 NSTEP =    95000   TIME(PS) =     190.000  TEMP(K) =   301.15  PRESS =     0.0
 Etot   =   -129535.1350  EKtot   =     22401.1172  EPtot      =   -151936.2522
 BOND   =         0.3429  ANGLE   =        19.4911  DIHED      =         2.3672
 1-4 NB =        -0.1511  1-4 EEL =        -8.7414  VDWAALS    =     22353.5696
 EELEC  =   -174303.1305  EHBOND  =         0.0000  RESTRAINT  =         0.0000
 ------------------------------------------------------------------------------

 NMR restraints: Bond =    0.000   Angle =     0.000   Torsion =     0.000
===============================================================================

 NSTEP =   100000   TIME(PS) =     200.000  TEMP(K) =   298.59  PRESS =     0.0
 Etot   =   -130025.1711  EKtot   =     22210.2305  EPtot      =   -152235.4016
 BOND   =         1.1007  ANGLE   =        18.7294  DIHED      =         2.4817
 1-4 NB =        -0.1479  1-4 EEL =        -8.6349  VDWAALS    =     22230.3197
 EELEC  =   -174479.2503  EHBOND  =         0.0000  RESTRAINT  =         0.0000
 ------------------------------------------------------------------------------

 NMR restraints: Bond =    0.000   Angle =     0.000   Torsion =     0.000
===============================================================================

      A V E R A G E S   O V E R      20 S T E P S


 NSTEP =   100000   TIME(PS) =     200.000  TEMP(K) =   172.76  PRESS =     0.0
 Etot   =   -155665.9422  EKtot   =     12850.6108  EPtot      =   -168516.5530
 BOND   =         1.2378  ANGLE   =        19.1484  DIHED      =         1.2819
 1-4 NB =        -0.1480  1-4 EEL =        -8.5405  VDWAALS    =     28808.2222
 EELEC  =   -197337.7548  EHBOND  =         0.0000  RESTRAINT  =         0.0000
 ------------------------------------------------------------------------------

 NMR restraints: Bond =    0.000   Angle =     0.000   Torsion =     0.000
===============================================================================

      R M S  F L U C T U A T I O N S


 NSTEP =   100000   TIME(PS) =     200.000  TEMP(K) =    91.80  PRESS =     0.0
 Etot   =     15629.0768  EKtot   =      6828.3600  EPtot      =      8955.1451
 BOND   =         0.9388  ANGLE   =         1.1065  DIHED      =         1.1594
 1-4 NB =         0.0031  1-4 EEL =         0.2340  VDWAALS    =      3147.5466
 EELEC  =     11964.8014  EHBOND  =         0.0000  RESTRAINT  =         0.0000
 ------------------------------------------------------------------------------


 NMR restraints on final step:

--------------------------------------------------------------------------------
   5.  TIMINGS
--------------------------------------------------------------------------------

|  NonSetup CPU Time in Major Routines:
|
|     Routine           Sec        %
|     ------------------------------
|     Nonbond           8.75   15.69
|     Bond              0.00    0.00
|     Angle             0.00    0.00
|     Dihedral          0.00    0.00
|     Shake             0.25    0.45
|     RunMD            46.64   83.61
|     Other             0.14    0.25
|     ------------------------------
|     Total            55.78

|  PME Nonbond Pairlist CPU Time:
|
|     Routine              Sec        %
|     ---------------------------------
|     Set Up Cit           0.00    0.00
|     Build List           0.00    0.00
|     ---------------------------------
|     Total                0.00    0.00

|  PME Direct Force CPU Time:
|
|     Routine              Sec        %
|     ---------------------------------
|     NonBonded Calc       0.00    0.00
|     Exclude Masked       0.00    0.00
|     Other                0.09    0.16
|     ---------------------------------
|     Total                0.09    0.16

|  PME Reciprocal Force CPU Time:
|
|     Routine              Sec        %
|     ---------------------------------
|     1D bspline           0.00    0.00
|     Grid Charges         0.00    0.00
|     Scalar Sum           0.00    0.00
|     Gradient Sum         0.00    0.00
|     FFT                  0.00    0.00
|     ---------------------------------
|     Total                0.00    0.00

|  Final Performance Info:
|     -----------------------------------------------------
|     Average timings for last  100000 steps:
|     Elapsed(s) =      55.79 Per Step(ms) =       0.56
|         ns/day =     309.73   seconds/ns =     278.95
|
|     Average timings for all steps:
|     Elapsed(s) =      55.79 Per Step(ms) =       0.56
|         ns/day =     309.73   seconds/ns =     278.95
|     -----------------------------------------------------

|  Setup CPU time:            0.63 seconds
|  NonSetup CPU time:        55.78 seconds
|  Total CPU time:           56.41 seconds     0.02 hours

|  Setup wall time:           1    seconds
|  NonSetup wall time:       56    seconds
|  Total wall time:          57    seconds     0.02 hours
