
          -------------------------------------------------------
          Amber 20 PMEMD                              2020
          -------------------------------------------------------

| PMEMD implementation of SANDER, Release 18

|  Compiled date/time: Wed Sep 22 23:21:21 2021
| Run on 03/24/2023 at 10:23:57

|   Executable path: /mnt/research/MerzGroup/Amber20Tools21/amber20/bin/pmemd.MPI
| Working directory: /mnt/gs21/scratch/lizhen6/updated_code_for_amino_c4_final/amino_c4/hid/newwater/NI_-473.2_2.97_opc/pmf126
|          Hostname: nal-000

  [-O]verwriting output

File Assignments:
|   MDIN: md_snpt.in                                                            
|  MDOUT: md_snpt.out                                                           
| INPCRD: md_nvt.rst                                                            
|   PARM: 1264.prmtop                                                           
| RESTRT: md_snpt.rst                                                           
|   REFC: md_nvt.rst                                                            
|  MDVEL: mdvel                                                                 
|   MDEN: mden                                                                  
|  MDCRD: md_snpt.netcdf                                                        
| MDINFO: mdinfo                                                                
|LOGFILE: logfile                                                               
|  MDFRC: mdfrc                                                                 


 Here is the input file:

snpt for free MD                                                               
 &cntrl                                                                        
  imin=0,                                                                      
  irest=1,                                                                     
  ntx=5,                                                                       
  nstlim=50000,                                                                
  dt=0.002,                                                                    
  cut=10.0,                                                                    
  ntc=2,                                                                       
  ntf=2,                                                                       
  ntp=1,                                                                       
  pres0=1.01325,                                                               
  taup = 5.0,                                                                  
  ntt=3,                                                                       
  gamma_ln=2.0,                                                                
  tempi=300.0,                                                                 
  temp0=300.0,                                                                 
  ntpr=5000,                                                                   
  ntwr=5000,                                                                   
  ntwx=5000,                                                                   
  ioutfm=1,                                                                    
  iwrap=0,                                                                     
                                                                               
 /                                                                             


Note: ig = -1. Setting random seed to   285178 based on wallclock time in
      microseconds and disabling the synchronization of random numbers 
      between tasks to improve performance.
| irandom = 1, using AMBER's internal random number generator (default).
 
 
| Conditional Compilation Defines Used:
| MPI
| PUBFFT
| BINTRAJ
| EMIL

| Largest sphere to fit in unit cell has radius =    32.997

| New format PARM file being parsed.
| Version =    1.000 Date = 03/24/23 Time = 07:53:44

| Note: 1-4 EEL scale factors are being read from the topology file.

| Note: 1-4 VDW scale factors are being read from the topology file.
| Duplicated    0 dihedrals

| Duplicated    0 dihedrals

--------------------------------------------------------------------------------
   1.  RESOURCE   USE: 
--------------------------------------------------------------------------------

 getting box info from netcdf restart file
 NATOM  =   49902 NTYPES =       9 NBONH =   37423 MBONA  =   12478
 NTHETH =       8 MTHETA =       5 NPHIH =      15 MPHIA  =       5
 NHPARM =       0 NPARM  =       0 NNB   =   87346 NRES   =   12475
 NBONA  =   12478 NTHETA =       5 NPHIA =       5 NUMBND =      12
 NUMANG =      13 NPTRA  =       7 NATYP =      12 NPHB   =       0
 IFBOX  =       2 NMXRS  =       9 IFCAP =       0 NEXTRA =   12473
 NCOPY  =       0

| Coordinate Index Table dimensions:    11   11   11
| Direct force subcell size =     7.3478    7.3478    7.3478

     BOX TYPE: TRUNCATED OCTAHEDRON

--------------------------------------------------------------------------------
   2.  CONTROL  DATA  FOR  THE  RUN
--------------------------------------------------------------------------------

default_name                                                                    

General flags:
     imin    =       0, nmropt  =       0

Nature and format of input:
     ntx     =       5, irest   =       1, ntrx    =       1

Nature and format of output:
     ntxo    =       2, ntpr    =    5000, ntrx    =       1, ntwr    =    5000
     iwrap   =       0, ntwx    =    5000, ntwv    =       0, ntwe    =       0
     ioutfm  =       1, ntwprt  =       0, idecomp =       0, rbornstat=      0

Potential function:
     ntf     =       2, ntb     =       2, igb     =       0, nsnb    =      25
     ipol    =       0, gbsa    =       0, iesp    =       0
     dielc   =   1.00000, cut     =  10.00000, intdiel =   1.00000

Frozen or restrained atoms:
     ibelly  =       0, ntr     =       0

Molecular dynamics:
     nstlim  =     50000, nscm    =      1000, nrespa  =         1
     t       =   0.00000, dt      =   0.00200, vlimit  =  20.00000

Langevin dynamics temperature regulation:
     ig      =  285178
     temp0   = 300.00000, tempi   = 300.00000, gamma_ln=   2.00000

Pressure regulation:
     ntp     =       1
     pres0   =   1.01325, comp    =  44.60000, taup    =   5.00000

SHAKE:
     ntc     =       2, jfastw  =       0
     tol     =   0.00001

| Intermolecular bonds treatment:
|     no_intermolecular_bonds =       1

| Energy averages sample interval:
|     ene_avg_sampling =    5000

Extra-points options:
     frameon =       1, chngmask=       1

Ewald parameters:
     verbose =       0, ew_type =       0, nbflag  =       1, use_pme =       1
     vdwmeth =       1, eedmeth =       1, netfrc  =       1
     Box X =   80.825   Box Y =   80.825   Box Z =   80.825
     Alpha =  109.471   Beta  =  109.471   Gamma =  109.471
     NFFT1 =   90       NFFT2 =   81       NFFT3 =   81
     Cutoff=   10.000   Tol   =0.100E-04
     Ewald Coefficient =  0.27511
     Interpolation order =    4

| PMEMD ewald parallel performance parameters:
|     block_fft =    0
|     fft_blk_y_divisor =    2
|     excl_recip =    0
|     excl_master =    0
|     atm_redist_freq =  320
|      EXTRA_PTS, trim_bonds: num bonds BEFORE trim = 37423     0
|      EXTRA_PTS, trim_bonds: num bonds AFTER  trim = 37423     0
|      EXTRA_PTS, trim_bonds: num bonds BEFORE trim = 12478     0
|      EXTRA_PTS, trim_bonds: num bonds AFTER  trim =     5     0
|      EXTRA_PTS, trim_theta: num angle BEFORE trim =     8     0
|      EXTRA_PTS, trim_theta: num angle AFTER  trim =     8     0
|      EXTRA_PTS, trim_theta: num angle BEFORE trim =     5     0
|      EXTRA_PTS, trim_theta: num angle AFTER  trim =     5     0
|      EXTRA_PTS, trim_phi:  num diheds BEFORE trim =    15     0
|      EXTRA_PTS, trim_phi:  num diheds AFTER  trim =    15     0
|      EXTRA_PTS, trim_phi:  num diheds BEFORE trim =     5     0
|      EXTRA_PTS, trim_phi:  num diheds AFTER  trim =     5     0

--------------------------------------------------------------------------------
   3.  ATOMIC COORDINATES AND VELOCITIES
--------------------------------------------------------------------------------

default_name                                                                    
 begin time read from input coords =   200.000 ps

 
 Number of triangulated 3-point waters found:    12473

     Sum of charges from parm topology file =   2.00006845
     Assuming uniform neutralizing plasma

| Dynamic Memory, Types Used:
| Reals             2701218
| Integers          2864728

| Nonbonded Pairs Initial Allocation:     4887900

| Running AMBER/MPI version on    4 MPI task

 
--------------------------------------------------------------------------------
   4.  RESULTS
--------------------------------------------------------------------------------

 ---------------------------------------------------
 APPROXIMATING switch and d/dx switch using CUBIC SPLINE INTERPOLATION
 using   5000.0 points per unit in tabled values
 TESTING RELATIVE ERROR over r ranging from 0.0 to cutoff
| CHECK switch(x): max rel err =   0.2738E-14   at   2.422500
| CHECK d/dx switch(x): max rel err =   0.8314E-11   at   2.736960
 ---------------------------------------------------
|---------------------------------------------------
| APPROXIMATING direct energy using CUBIC SPLINE INTERPOLATION
|  with   50.0 points per unit in tabled values
| Relative Error Limit not exceeded for r .gt.   2.33
| APPROXIMATING direct force using CUBIC SPLINE INTERPOLATION
|  with   50.0 points per unit in tabled values
| Relative Error Limit not exceeded for r .gt.   2.80
|---------------------------------------------------

 NSTEP =     5000   TIME(PS) =     210.000  TEMP(K) =   299.46  PRESS =  -286.7
 Etot   =   -130658.6359  EKtot   =     22274.8552  EPtot      =   -152933.4911
 BOND   =         1.2744  ANGLE   =        21.2741  DIHED      =         1.5088
 1-4 NB =        -0.1503  1-4 EEL =        -8.6843  VDWAALS    =     22545.6040
 EELEC  =   -175494.3178  EHBOND  =         0.0000  RESTRAINT  =         0.0000
 EKCMT  =     11132.9666  VIRIAL  =     13495.9631  VOLUME     =    381779.3227
                                                    Density    =         0.9780
 Ewald error estimate:   0.6504E-05
 ------------------------------------------------------------------------------


 NSTEP =    10000   TIME(PS) =     220.000  TEMP(K) =   300.64  PRESS =  -253.4
 Etot   =   -131054.5361  EKtot   =     22363.0582  EPtot      =   -153417.5943
 BOND   =         2.4562  ANGLE   =        19.4643  DIHED      =         1.2201
 1-4 NB =        -0.1453  1-4 EEL =        -8.7101  VDWAALS    =     22191.0903
 EELEC  =   -175622.9699  EHBOND  =         0.0000  RESTRAINT  =         0.0000
 EKCMT  =     11132.4600  VIRIAL  =     13190.3582  VOLUME     =    376100.0251
                                                    Density    =         0.9927
 Ewald error estimate:   0.4936E-05
 ------------------------------------------------------------------------------


 NSTEP =    15000   TIME(PS) =     230.000  TEMP(K) =   301.42  PRESS =   -78.8
 Etot   =   -130736.1481  EKtot   =     22420.6990  EPtot      =   -153156.8471
 BOND   =         1.4391  ANGLE   =        19.8046  DIHED      =         1.1568
 1-4 NB =        -0.1459  1-4 EEL =        -8.7671  VDWAALS    =     22182.1084
 EELEC  =   -175352.4430  EHBOND  =         0.0000  RESTRAINT  =         0.0000
 EKCMT  =     11223.1228  VIRIAL  =     11860.8645  VOLUME     =    374647.9918
                                                    Density    =         0.9966
 Ewald error estimate:   0.6252E-04
 ------------------------------------------------------------------------------


 NSTEP =    20000   TIME(PS) =     240.000  TEMP(K) =   300.30  PRESS =    78.5
 Etot   =   -131038.3394  EKtot   =     22337.4774  EPtot      =   -153375.8168
 BOND   =         1.6088  ANGLE   =        17.7740  DIHED      =         2.4279
 1-4 NB =        -0.1491  1-4 EEL =        -8.5970  VDWAALS    =     22654.3172
 EELEC  =   -176043.1987  EHBOND  =         0.0000  RESTRAINT  =         0.0000
 EKCMT  =     11193.0283  VIRIAL  =     10557.5846  VOLUME     =    374693.6566
                                                    Density    =         0.9964
 Ewald error estimate:   0.6976E-04
 ------------------------------------------------------------------------------


 NSTEP =    25000   TIME(PS) =     250.000  TEMP(K) =   299.67  PRESS =    49.5
 Etot   =   -130827.6917  EKtot   =     22290.9018  EPtot      =   -153118.5935
 BOND   =         0.3890  ANGLE   =        18.7691  DIHED      =         1.3046
 1-4 NB =        -0.1469  1-4 EEL =        -8.3667  VDWAALS    =     22431.0446
 EELEC  =   -175561.5871  EHBOND  =         0.0000  RESTRAINT  =         0.0000
 EKCMT  =     11238.4733  VIRIAL  =     10838.4511  VOLUME     =    374516.8208
                                                    Density    =         0.9969
 Ewald error estimate:   0.9380E-04
 ------------------------------------------------------------------------------


 NSTEP =    30000   TIME(PS) =     260.000  TEMP(K) =   298.43  PRESS =   -41.1
 Etot   =   -131037.9384  EKtot   =     22198.6085  EPtot      =   -153236.5470
 BOND   =         2.1327  ANGLE   =        19.1263  DIHED      =         1.1432
 1-4 NB =        -0.1490  1-4 EEL =        -8.6116  VDWAALS    =     22412.7213
 EELEC  =   -175662.9100  EHBOND  =         0.0000  RESTRAINT  =         0.0000
 EKCMT  =     11244.0008  VIRIAL  =     11577.1269  VOLUME     =    375158.7595
                                                    Density    =         0.9952
 Ewald error estimate:   0.1885E-05
 ------------------------------------------------------------------------------


 NSTEP =    35000   TIME(PS) =     270.000  TEMP(K) =   300.08  PRESS =    77.1
 Etot   =   -130730.1819  EKtot   =     22321.1759  EPtot      =   -153051.3578
 BOND   =         1.5132  ANGLE   =        19.7531  DIHED      =         2.0793
 1-4 NB =        -0.1517  1-4 EEL =        -9.0460  VDWAALS    =     22436.7918
 EELEC  =   -175502.2974  EHBOND  =         0.0000  RESTRAINT  =         0.0000
 EKCMT  =     11192.9332  VIRIAL  =     10569.8697  VOLUME     =    374351.4738
                                                    Density    =         0.9974
 Ewald error estimate:   0.7011E-04
 ------------------------------------------------------------------------------


 NSTEP =    40000   TIME(PS) =     280.000  TEMP(K) =   300.98  PRESS =    78.2
 Etot   =   -130606.4751  EKtot   =     22388.5034  EPtot      =   -152994.9786
 BOND   =         0.6969  ANGLE   =        20.5998  DIHED      =         0.8237
 1-4 NB =        -0.1417  1-4 EEL =        -8.7306  VDWAALS    =     22490.5720
 EELEC  =   -175498.7987  EHBOND  =         0.0000  RESTRAINT  =         0.0000
 EKCMT  =     11241.6569  VIRIAL  =     10608.6054  VOLUME     =    374858.7958
                                                    Density    =         0.9960
 Ewald error estimate:   0.2576E-04
 ------------------------------------------------------------------------------


 NSTEP =    45000   TIME(PS) =     290.000  TEMP(K) =   297.61  PRESS =    62.5
 Etot   =   -130573.2781  EKtot   =     22137.8009  EPtot      =   -152711.0791
 BOND   =         2.7262  ANGLE   =        19.7045  DIHED      =         1.6843
 1-4 NB =        -0.1500  1-4 EEL =        -8.6325  VDWAALS    =     22322.3077
 EELEC  =   -175048.7193  EHBOND  =         0.0000  RESTRAINT  =         0.0000
 EKCMT  =     11082.6314  VIRIAL  =     10576.8878  VOLUME     =    374925.9394
                                                    Density    =         0.9958
 Ewald error estimate:   0.3163E-03
 ------------------------------------------------------------------------------


 NSTEP =    50000   TIME(PS) =     300.000  TEMP(K) =   300.98  PRESS =   -65.4
 Etot   =   -130830.0308  EKtot   =     22388.3578  EPtot      =   -153218.3886
 BOND   =         0.8086  ANGLE   =        20.2984  DIHED      =         0.8275
 1-4 NB =        -0.1506  1-4 EEL =        -8.9596  VDWAALS    =     22293.6513
 EELEC  =   -175524.8643  EHBOND  =         0.0000  RESTRAINT  =         0.0000
 EKCMT  =     11195.7979  VIRIAL  =     11724.5594  VOLUME     =    374722.2804
                                                    Density    =         0.9964
 Ewald error estimate:   0.1080E-03
 ------------------------------------------------------------------------------


      A V E R A G E S   O V E R      10 S T E P S


 NSTEP =    50000   TIME(PS) =     300.000  TEMP(K) =   299.96  PRESS =   -38.0
 Etot   =   -130809.3256  EKtot   =     22312.1438  EPtot      =   -153121.4694
 BOND   =         1.5045  ANGLE   =        19.6568  DIHED      =         1.4176
 1-4 NB =        -0.1480  1-4 EEL =        -8.7106  VDWAALS    =     22396.0209
 EELEC  =   -175531.2106  EHBOND  =         0.0000  RESTRAINT  =         0.0000
 EKCMT  =     11187.7071  VIRIAL  =     11500.0271  VOLUME     =    375575.5066
                                                    Density    =         0.9941
 Ewald error estimate:   0.7596E-04
 ------------------------------------------------------------------------------


      R M S  F L U C T U A T I O N S


 NSTEP =    50000   TIME(PS) =     300.000  TEMP(K) =     1.14  PRESS =   129.9
 Etot   =       172.2783  EKtot   =        84.7742  EPtot      =       200.2374
 BOND   =         0.7240  ANGLE   =         0.9274  DIHED      =         0.4934
 1-4 NB =         0.0029  1-4 EEL =         0.1805  VDWAALS    =       143.1321
 EELEC  =       235.9794  EHBOND  =         0.0000  RESTRAINT  =         0.0000
 EKCMT  =        52.0786  VIRIAL  =      1042.3740  VOLUME     =      2117.9413
                                                    Density    =         0.0055
 Ewald error estimate:   0.8788E-04
 ------------------------------------------------------------------------------

--------------------------------------------------------------------------------
   5.  TIMINGS
--------------------------------------------------------------------------------

|  NonSetup CPU Time in Major Routines, Average for All Tasks:
|
|     Routine           Sec        %
|     ------------------------------
|     DataDistrib      64.60    1.45
|     Nonbond        4156.38   93.52
|     Bond              0.04    0.00
|     Angle             0.13    0.00
|     Dihedral          0.20    0.00
|     Shake            14.95    0.34
|     RunMD           208.01    4.68
|     Other             0.09    0.00
|     ------------------------------
|     Total          4444.41

|  PME Nonbond Pairlist CPU Time, Average for All Tasks:
|
|     Routine              Sec        %
|     ---------------------------------
|     Set Up Cit           7.54    0.17
|     Build List         411.98    9.27
|     ---------------------------------
|     Total              419.52    9.44

|  PME Direct Force CPU Time, Average for All Tasks:
|
|     Routine              Sec        %
|     ---------------------------------
|     NonBonded Calc    3103.72   69.83
|     Exclude Masked      23.47    0.53
|     Other               61.03    1.37
|     ---------------------------------
|     Total             3188.22   71.74

|  PME Reciprocal Force CPU Time, Average for All Tasks:
|
|     Routine              Sec        %
|     ---------------------------------
|     1D bspline          32.77    0.74
|     Grid Charges        49.72    1.12
|     Scalar Sum         144.32    3.25
|     Gradient Sum        61.10    1.37
|     FFT                260.68    5.87
|     ---------------------------------
|     Total              548.59   12.34

|  PME Load Balancing CPU Time, Average for All Tasks:
|
|     Routine                 Sec        %
|     ------------------------------------
|     Atom Reassign           0.04    0.00
|     Image Reassign          0.01    0.00
|     FFT Reassign            0.00    0.00
|     ------------------------------------
|     Total                   0.05    0.00

|  Final Performance Info:
|     -----------------------------------------------------
|     Average timings for last       1 steps:
|     Elapsed(s) =       0.04 Per Step(ms) =      44.96
|         ns/day =       3.84   seconds/ns =   22480.96
|
|     Average timings for all steps:
|     Elapsed(s) =    4445.94 Per Step(ms) =      88.92
|         ns/day =       1.94   seconds/ns =   44459.36
|     -----------------------------------------------------

|  Master Setup CPU time:            0.62 seconds
|  Master NonSetup CPU time:      4441.34 seconds
|  Master Total CPU time:         4441.96 seconds     1.23 hours

|  Master Setup wall time:           1    seconds
|  Master NonSetup wall time:     4446    seconds
|  Master Total wall time:        4447    seconds     1.24 hours
