       0     2.150 
       0     2.150 
   10000     2.144 
   20000     2.134 
   30000     2.117 
   40000     2.128 
   50000     2.072 
   60000     2.167 
   70000     2.072 
   80000     2.090 
   90000     2.115 
  100000     2.095 
  110000     2.146 
  120000     2.086 
  130000     2.109 
  140000     2.131 
  150000     2.178 
  160000     2.076 
  170000     2.092 
  180000     2.093 
  190000     2.099 
  200000     2.083 
  210000     2.115 
  220000     2.110 
  230000     2.090 
  240000     2.144 
  250000     2.118 
  260000     2.120 
  270000     2.106 
  280000     2.152 
  290000     2.113 
  300000     2.090 
  310000     2.174 
  320000     2.127 
  330000     2.115 
  340000     2.084 
  350000     2.059 
  360000     2.113 
  370000     2.110 
  380000     2.139 
  390000     2.110 
  400000     2.092 
  410000     2.079 
  420000     2.100 
  430000     2.096 
  440000     2.128 
  450000     2.073 
  460000     2.170 
  470000     2.112 
  480000     2.110 
  490000     2.076 
  500000     2.118 
  510000     2.168 
  520000     2.133 
  530000     2.091 
  540000     2.104 
  550000     2.118 
  560000     2.088 
  570000     2.108 
  580000     2.087 
  590000     2.069 
  600000     2.092 
  610000     2.169 
  620000     2.129 
  630000     2.161 
  640000     2.129 
  650000     2.140 
  660000     2.153 
  670000     2.164 
  680000     2.088 
  690000     2.116 
  700000     2.160 
  710000     2.138 
  720000     2.097 
  730000     2.158 
  740000     2.099 
  750000     2.096 
  760000     2.113 
  770000     2.092 
  780000     2.131 
  790000     2.080 
  800000     2.082 
  810000     2.092 
  820000     2.103 
  830000     2.085 
  840000     2.106 
  850000     2.103 
  860000     2.123 
  870000     2.142 
  880000     2.107 
  890000     2.105 
  900000     2.066 
  910000     2.107 
  920000     2.085 
  930000     2.123 
  940000     2.059 
  950000     2.124 
  960000     2.100 
  970000     2.074 
  980000     2.089 
  990000     2.076 
