
CPPTRAJ: Trajectory Analysis. V5.1.0
    ___  ___  ___  ___
     | \/ | \/ | \/ | 
    _|_/\_|_/\_|_/\_|_

| Date/time: 03/24/23 11:50:16
| Available memory: 493.592 GB

	Reading '1264.prmtop' as Amber Topology
	Radius Set: modified Bondi radii (mbondi)
INPUT: Reading input from 'ptraj.in'
  [trajin md_md_center.netcdf 74 74]
	Reading 'md_md_center.netcdf' as Amber NetCDF
  [trajout md_md_center_74.rst]
	Writing 'md_md_center_74.rst' as Amber Restart
---------- RUN BEGIN -------------------------------------------------

PARAMETER FILES (1 total):
 0: 1264.prmtop, 49902 atoms, 12475 res, box: Truncated octahedron, 12475 mol, 12473 solvent

INPUT TRAJECTORIES (1 total):
 0: 'md_md_center.netcdf' is a NetCDF AMBER trajectory with coordinates, velocities, time, box, Parm 1264.prmtop (Truncated octahedron box) (reading 1 of 100)
  Coordinate processing will occur on 1 frames.

OUTPUT TRAJECTORIES (1 total):
  'md_md_center_74.rst' (1 frames) is an AMBER restart file

BEGIN TRAJECTORY PROCESSING:
.....................................................
ACTIVE OUTPUT TRAJECTORIES (1):
  md_md_center_74.rst (coordinates, velocities, time, box)
----- md_md_center.netcdf (74-74, 1) -----
100% Complete.

Read 1 frames and processed 1 frames.
TIME: Avg. throughput= 9.2480 frames / second.

ACTION OUTPUT:
TIME: Analyses took 0.0000 seconds.

RUN TIMING:
TIME:		Init               : 0.0000 s (  0.02%)
TIME:		Trajectory Process : 0.1081 s ( 99.51%)
TIME:		Action Post        : 0.0000 s (  0.00%)
TIME:		Analysis           : 0.0000 s (  0.00%)
TIME:		Data File Write    : 0.0000 s (  0.00%)
TIME:		Other              : 0.0005 s (  0.00%)
TIME:	Run Total 0.1087 s
---------- RUN END ---------------------------------------------------
TIME: Total execution time: 0.1576 seconds.
--------------------------------------------------------------------------------
To cite CPPTRAJ use:
Daniel R. Roe and Thomas E. Cheatham, III, "PTRAJ and CPPTRAJ: Software for
  Processing and Analysis of Molecular Dynamics Trajectory Data". J. Chem.
  Theory Comput., 2013, 9 (7), pp 3084-3095.

