
          -------------------------------------------------------
          Amber 20 PMEMD                              2020
          -------------------------------------------------------

| PMEMD implementation of SANDER, Release 18

|  Compiled date/time: Wed Sep 22 23:21:21 2021
| Run on 03/24/2023 at 13:57:02

|   Executable path: pmemd.cuda
| Working directory: /mnt/gs21/scratch/lizhen6/updated_code_for_amino_c4_final/amino_c4/hid/newwater/NI_-473.2_2.97_opc/pmf126
|          Hostname: nal-000

  [-O]verwriting output

File Assignments:
|   MDIN: smd_reverse_md.in                                                     
|  MDOUT: smd_reverse_md.out                                                    
| INPCRD: md_md_center_74.rst                                                   
|   PARM: 1264.prmtop                                                           
| RESTRT: smd_reverse_md.rst                                                    
|   REFC: md_md_center_74.rst                                                   
|  MDVEL: mdvel                                                                 
|   MDEN: mden                                                                  
|  MDCRD: smd_reverse_md.netcdf                                                 
| MDINFO: mdinfo                                                                
|  MDFRC: mdfrc                                                                 


 Here is the input file:

md for smd                                                                     
 &cntrl                                                                        
  imin=0,                                                                      
  irest=1,                                                                     
  ntx=5,                                                                       
  nstlim=145000,                                                               
  dt=0.001,                                                                    
  cut=10.0,                                                                    
  ntc=2,                                                                       
  ntf=2,                                                                       
  ntp=1,                                                                       
  pres0=1.01325,                                                               
  taup = 5.0,                                                                  
  ntt=3,                                                                       
  gamma_ln=2.0,                                                                
  tempi=300.0,                                                                 
  temp0=300.0,                                                                 
  ntpr=5000,                                                                   
  ntwr=5000,                                                                   
  ntwx=100,                                                                    
  ntwv=0,                                                                      
  ioutfm=1,                                                                    
  iwrap=0,                                                                     
  nmropt=1,                                                                    
  jar=1,                                                                       
 /                                                                             
 &wt TYPE='DUMPFREQ', istep1=100, /                                            
 &wt TYPE='END', /                                                             
DISANG=smd_reverse_dis.RST                                                     
DUMPAVE=smd_reverse_md.log                                                     


Note: ig = -1. Setting random seed to    52873 based on wallclock time in 
      microseconds.
| irandom = 1, using AMBER's internal random number generator (default).
 
|--------------------- INFORMATION ----------------------
| GPU (CUDA) Version of PMEMD in use: NVIDIA GPU IN USE.
|                    Version 18.0.0
| 
|                      03/25/2018
| 
| Implementation by:
|                    Ross C. Walker     (SDSC)
|                    Scott Le Grand     (nVIDIA)
| 
| Version 18 performance extensions by:
|                    David Cerutti     (Rutgers)
| 
| Precision model in use:
|      [SPFP] - Single Precision Forces, 64-bit Fixed Point
|               Accumulation. (Default)
| 
|--------------------------------------------------------
 
|----------------- CITATION INFORMATION -----------------
|
|    When publishing work that utilized the CUDA version
|    of AMBER, please cite the following in addition to
|    the regular AMBER citations:
|
|  - Romelia Salomon-Ferrer; Andreas W. Goetz; Duncan
|    Poole; Scott Le Grand; Ross C. Walker "Routine
|    microsecond molecular dynamics simulations with
|    AMBER - Part II: Particle Mesh Ewald", J. Chem.
|    Theory Comput., 2013, 9 (9), pp3878-3888,
|    DOI: 10.1021/ct400314y.
|
|  - Andreas W. Goetz; Mark J. Williamson; Dong Xu;
|    Duncan Poole; Scott Le Grand; Ross C. Walker
|    "Routine microsecond molecular dynamics simulations
|    with AMBER - Part I: Generalized Born", J. Chem.
|    Theory Comput., 2012, 8 (5), pp1542-1555.
|
|  - Scott Le Grand; Andreas W. Goetz; Ross C. Walker
|    "SPFP: Speed without compromise - a mixed precision
|    model for GPU accelerated molecular dynamics
|    simulations.", Comp. Phys. Comm., 2013, 184
|    pp374-380, DOI: 10.1016/j.cpc.2012.09.022
|
|--------------------------------------------------------
 
|------------------- GPU DEVICE INFO --------------------
|
|            CUDA_VISIBLE_DEVICES: 0
|   CUDA Capable Devices Detected:      1
|           CUDA Device ID in use:      0
|                CUDA Device Name: NVIDIA A100-SXM4-80GB
|     CUDA Device Global Mem Size:  81085 MB
| CUDA Device Num Multiprocessors:    108
|           CUDA Device Core Freq:   1.41 GHz
|
|--------------------------------------------------------
 
 
| Conditional Compilation Defines Used:
| PUBFFT
| BINTRAJ
| CUDA
| EMIL

| Largest sphere to fit in unit cell has radius =    32.120

| New format PARM file being parsed.
| Version =    1.000 Date = 03/24/23 Time = 07:53:44

| Note: 1-4 EEL scale factors are being read from the topology file.

| Note: 1-4 VDW scale factors are being read from the topology file.
| Duplicated    0 dihedrals

| Duplicated    0 dihedrals

--------------------------------------------------------------------------------
   1.  RESOURCE   USE: 
--------------------------------------------------------------------------------

 getting new box info from bottom of inpcrd
 NATOM  =   49902 NTYPES =       9 NBONH =   37423 MBONA  =   12478
 NTHETH =       8 MTHETA =       5 NPHIH =      15 MPHIA  =       5
 NHPARM =       0 NPARM  =       0 NNB   =   87346 NRES   =   12475
 NBONA  =   12478 NTHETA =       5 NPHIA =       5 NUMBND =      12
 NUMANG =      13 NPTRA  =       7 NATYP =      12 NPHB   =       0
 IFBOX  =       2 NMXRS  =       9 IFCAP =       0 NEXTRA =   12473
 NCOPY  =       0

| Coordinate Index Table dimensions:    12   12   12
| Direct force subcell size =     6.5565    6.5565    6.5565

     BOX TYPE: TRUNCATED OCTAHEDRON

--------------------------------------------------------------------------------
   2.  CONTROL  DATA  FOR  THE  RUN
--------------------------------------------------------------------------------

default_name                                                                    

General flags:
     imin    =       0, nmropt  =       1

Nature and format of input:
     ntx     =       5, irest   =       1, ntrx    =       1

Nature and format of output:
     ntxo    =       2, ntpr    =    5000, ntrx    =       1, ntwr    =    5000
     iwrap   =       0, ntwx    =     100, ntwv    =       0, ntwe    =       0
     ioutfm  =       1, ntwprt  =       0, idecomp =       0, rbornstat=      0

Potential function:
     ntf     =       2, ntb     =       2, igb     =       0, nsnb    =      25
     ipol    =       0, gbsa    =       0, iesp    =       0
     dielc   =   1.00000, cut     =  10.00000, intdiel =   1.00000

Frozen or restrained atoms:
     ibelly  =       0, ntr     =       0

Molecular dynamics:
     nstlim  =    145000, nscm    =      1000, nrespa  =         1
     t       =   0.00000, dt      =   0.00100, vlimit  =  -1.00000

Langevin dynamics temperature regulation:
     ig      =   52873
     temp0   = 300.00000, tempi   = 300.00000, gamma_ln=   2.00000

Pressure regulation:
     ntp     =       1
     pres0   =   1.01325, comp    =  44.60000, taup    =   5.00000

SHAKE:
     ntc     =       2, jfastw  =       0
     tol     =   0.00001

NMR refinement options:
     iscale  =       0, noeskp  =       1, ipnlty  =       1, mxsub   =       1
     scalm   = 100.00000, pencut  =   0.10000, tausw   =   0.10000

| Intermolecular bonds treatment:
|     no_intermolecular_bonds =       1

| Energy averages sample interval:
|     ene_avg_sampling =    5000

Extra-points options:
     frameon =       1, chngmask=       1

Ewald parameters:
     verbose =       0, ew_type =       0, nbflag  =       1, use_pme =       1
     vdwmeth =       1, eedmeth =       1, netfrc  =       1
     Box X =   78.678   Box Y =   78.678   Box Z =   78.678
     Alpha =  109.471   Beta  =  109.471   Gamma =  109.471
     NFFT1 =   80       NFFT2 =   80       NFFT3 =   80
     Cutoff=   10.000   Tol   =0.100E-04
     Ewald Coefficient =  0.27511
     Interpolation order =    4
|      EXTRA_PTS, trim_bonds: num bonds BEFORE trim = 37423     0
|      EXTRA_PTS, trim_bonds: num bonds AFTER  trim = 37423     0
|      EXTRA_PTS, trim_bonds: num bonds BEFORE trim = 12478     0
|      EXTRA_PTS, trim_bonds: num bonds AFTER  trim =     5     0
|      EXTRA_PTS, trim_theta: num angle BEFORE trim =     8     0
|      EXTRA_PTS, trim_theta: num angle AFTER  trim =     8     0
|      EXTRA_PTS, trim_theta: num angle BEFORE trim =     5     0
|      EXTRA_PTS, trim_theta: num angle AFTER  trim =     5     0
|      EXTRA_PTS, trim_phi:  num diheds BEFORE trim =    15     0
|      EXTRA_PTS, trim_phi:  num diheds AFTER  trim =    15     0
|      EXTRA_PTS, trim_phi:  num diheds BEFORE trim =     5     0
|      EXTRA_PTS, trim_phi:  num diheds AFTER  trim =     5     0

--------------------------------------------------------------------------------
   3.  ATOMIC COORDINATES AND VELOCITIES
--------------------------------------------------------------------------------

Cpptraj Generated Restart                                                       
 begin time read from input coords =  2040.000 ps



           Begin reading energy term weight changes/NMR restraints
 WEIGHT CHANGES:
 DUMPFREQ    100      0    0.000000    0.000000      0      0
                         ** No weight changes given **

 RESTRAINTS:
 Requested file redirections:
  DISANG    = smd_reverse_dis.RST
  DUMPAVE   = smd_reverse_md.log
 Restraints will be read from file: smd_reverse_dis.RST
Here are comments from the DISANG input file:
# restraint                                                                     

jar option running 
                       Number of restraints read =     1

                  Done reading weight changes/NMR restraints


 
 Number of triangulated 3-point waters found:    12473

     Sum of charges from parm topology file =   2.00006845
     Assuming uniform neutralizing plasma

| Dynamic Memory, Types Used:
| Reals             2102412
| Integers          2409037

| Nonbonded Pairs Initial Allocation:    15094107

| GPU memory information (estimate):
| KB of GPU memory in use:    467753
| KB of CPU memory in use:     96180

--------------------------------------------------------------------------------
   4.  RESULTS
--------------------------------------------------------------------------------


 NSTEP =     5000   TIME(PS) =    2045.000  TEMP(K) =   303.08  PRESS =   -54.6
 Etot   =   -130917.3402  EKtot   =     22544.3672  EPtot      =   -153461.7074
 BOND   =         1.8841  ANGLE   =        20.4719  DIHED      =         0.7137
 1-4 NB =        -0.1448  1-4 EEL =        -8.2668  VDWAALS    =     22432.0545
 EELEC  =   -175908.5256  EHBOND  =         0.0000  RESTRAINT  =         0.1057
 EAMBER (non-restraint)  =   -153461.8131
 EKCMT  =     11255.3966  VIRIAL  =     11697.2403  VOLUME     =    374826.9730
                                                    Density    =         0.9961
 ------------------------------------------------------------------------------

 NMR restraints: Bond =    0.106   Angle =     0.000   Torsion =     0.000
===============================================================================

 NSTEP =    10000   TIME(PS) =    2050.000  TEMP(K) =   298.03  PRESS =  -150.2
 Etot   =   -131278.3250  EKtot   =     22168.6641  EPtot      =   -153446.9891
 BOND   =         0.3767  ANGLE   =        18.3505  DIHED      =         2.9644
 1-4 NB =        -0.1509  1-4 EEL =        -8.7044  VDWAALS    =     22292.4551
 EELEC  =   -175752.5350  EHBOND  =         0.0000  RESTRAINT  =         0.2544
 EAMBER (non-restraint)  =   -153447.2435
 EKCMT  =     11038.5034  VIRIAL  =     12253.3885  VOLUME     =    374698.5782
                                                    Density    =         0.9964
 ------------------------------------------------------------------------------

 NMR restraints: Bond =    0.254   Angle =     0.000   Torsion =     0.000
===============================================================================

 NSTEP =    15000   TIME(PS) =    2055.000  TEMP(K) =   298.91  PRESS =   368.4
 Etot   =   -131192.9143  EKtot   =     22234.0312  EPtot      =   -153426.9455
 BOND   =         1.7689  ANGLE   =        19.5497  DIHED      =         0.4974
 1-4 NB =        -0.1466  1-4 EEL =        -8.6615  VDWAALS    =     23156.3905
 EELEC  =   -176596.3577  EHBOND  =         0.0000  RESTRAINT  =         0.0137
 EAMBER (non-restraint)  =   -153426.9592
 EKCMT  =     11126.7718  VIRIAL  =      8144.4925  VOLUME     =    374885.4179
                                                    Density    =         0.9959
 ------------------------------------------------------------------------------

 NMR restraints: Bond =    0.014   Angle =     0.000   Torsion =     0.000
===============================================================================

 NSTEP =    20000   TIME(PS) =    2060.000  TEMP(K) =   300.76  PRESS =    15.1
 Etot   =   -131167.1418  EKtot   =     22371.7266  EPtot      =   -153538.8683
 BOND   =         2.6112  ANGLE   =        18.9395  DIHED      =         1.9575
 1-4 NB =        -0.1471  1-4 EEL =        -8.1298  VDWAALS    =     22504.6345
 EELEC  =   -176058.7469  EHBOND  =         0.0000  RESTRAINT  =         0.0129
 EAMBER (non-restraint)  =   -153538.8812
 EKCMT  =     11215.6233  VIRIAL  =     11093.5749  VOLUME     =    374231.6801
                                                    Density    =         0.9977
 ------------------------------------------------------------------------------

 NMR restraints: Bond =    0.013   Angle =     0.000   Torsion =     0.000
===============================================================================

 NSTEP =    25000   TIME(PS) =    2065.000  TEMP(K) =   301.25  PRESS =    66.3
 Etot   =   -131036.8391  EKtot   =     22408.1152  EPtot      =   -153444.9543
 BOND   =         0.1009  ANGLE   =        20.2984  DIHED      =         0.9933
 1-4 NB =        -0.1470  1-4 EEL =        -7.9889  VDWAALS    =     22673.7157
 EELEC  =   -176133.3494  EHBOND  =         0.0000  RESTRAINT  =         1.4226
 EAMBER (non-restraint)  =   -153446.3769
 EKCMT  =     11158.0943  VIRIAL  =     10621.3817  VOLUME     =    374861.3051
                                                    Density    =         0.9960
 ------------------------------------------------------------------------------

 NMR restraints: Bond =    1.423   Angle =     0.000   Torsion =     0.000
===============================================================================

 NSTEP =    30000   TIME(PS) =    2070.000  TEMP(K) =   297.92  PRESS =   241.7
 Etot   =   -131174.1128  EKtot   =     22160.9043  EPtot      =   -153335.0171
 BOND   =         2.5841  ANGLE   =        21.2335  DIHED      =         1.7819
 1-4 NB =        -0.1463  1-4 EEL =        -8.3551  VDWAALS    =     22943.9668
 EELEC  =   -176296.1663  EHBOND  =         0.0000  RESTRAINT  =         0.0844
 EAMBER (non-restraint)  =   -153335.1015
 EKCMT  =     11105.1165  VIRIAL  =      9149.0562  VOLUME     =    374766.1311
                                                    Density    =         0.9963
 ------------------------------------------------------------------------------

 NMR restraints: Bond =    0.084   Angle =     0.000   Torsion =     0.000
===============================================================================

 NSTEP =    35000   TIME(PS) =    2075.000  TEMP(K) =   298.66  PRESS =   -37.0
 Etot   =   -131490.0493  EKtot   =     22215.5664  EPtot      =   -153705.6157
 BOND   =         3.8883  ANGLE   =        19.9180  DIHED      =         1.5173
 1-4 NB =        -0.1501  1-4 EEL =        -8.0328  VDWAALS    =     22470.3088
 EELEC  =   -176193.3168  EHBOND  =         0.0000  RESTRAINT  =         0.2516
 EAMBER (non-restraint)  =   -153705.8673
 EKCMT  =     11091.5852  VIRIAL  =     11390.7566  VOLUME     =    374187.8421
                                                    Density    =         0.9978
 ------------------------------------------------------------------------------

 NMR restraints: Bond =    0.252   Angle =     0.000   Torsion =     0.000
===============================================================================

 NSTEP =    40000   TIME(PS) =    2080.000  TEMP(K) =   299.93  PRESS =  -117.2
 Etot   =   -131115.4025  EKtot   =     22309.9316  EPtot      =   -153425.3342
 BOND   =         1.0019  ANGLE   =        18.7301  DIHED      =         4.3943
 1-4 NB =        -0.1489  1-4 EEL =        -8.5745  VDWAALS    =     22333.1075
 EELEC  =   -175774.2103  EHBOND  =         0.0000  RESTRAINT  =         0.3658
 EAMBER (non-restraint)  =   -153425.7000
 EKCMT  =     11092.4578  VIRIAL  =     12039.8102  VOLUME     =    374251.1777
                                                    Density    =         0.9976
 ------------------------------------------------------------------------------

 NMR restraints: Bond =    0.366   Angle =     0.000   Torsion =     0.000
===============================================================================

 NSTEP =    45000   TIME(PS) =    2085.000  TEMP(K) =   300.84  PRESS =    11.6
 Etot   =   -131052.3397  EKtot   =     22377.8789  EPtot      =   -153430.2186
 BOND   =         0.7260  ANGLE   =        20.4364  DIHED      =         1.6794
 1-4 NB =        -0.1401  1-4 EEL =        -8.4156  VDWAALS    =     22533.2039
 EELEC  =   -175977.7366  EHBOND  =         0.0000  RESTRAINT  =         0.0279
 EAMBER (non-restraint)  =   -153430.2465
 EKCMT  =     11169.4404  VIRIAL  =     11075.9323  VOLUME     =    374700.4885
                                                    Density    =         0.9964
 ------------------------------------------------------------------------------

 NMR restraints: Bond =    0.028   Angle =     0.000   Torsion =     0.000
===============================================================================

 NSTEP =    50000   TIME(PS) =    2090.000  TEMP(K) =   298.09  PRESS =   125.9
 Etot   =   -131371.4354  EKtot   =     22173.0195  EPtot      =   -153544.4550
 BOND   =         1.2038  ANGLE   =        19.9563  DIHED      =         0.8061
 1-4 NB =        -0.1482  1-4 EEL =        -8.3619  VDWAALS    =     22722.2755
 EELEC  =   -176281.8788  EHBOND  =         0.0000  RESTRAINT  =         1.6922
 EAMBER (non-restraint)  =   -153546.1472
 EKCMT  =     11128.4245  VIRIAL  =     10111.4997  VOLUME     =    374003.2794
                                                    Density    =         0.9983
 ------------------------------------------------------------------------------

 NMR restraints: Bond =    1.692   Angle =     0.000   Torsion =     0.000
===============================================================================

 NSTEP =    55000   TIME(PS) =    2095.000  TEMP(K) =   300.55  PRESS =  -100.6
 Etot   =   -131155.6835  EKtot   =     22356.0254  EPtot      =   -153511.7089
 BOND   =         1.1539  ANGLE   =        20.4391  DIHED      =         0.5533
 1-4 NB =        -0.1444  1-4 EEL =        -8.7935  VDWAALS    =     22342.2664
 EELEC  =   -175867.4237  EHBOND  =         0.0000  RESTRAINT  =         0.2400
 EAMBER (non-restraint)  =   -153511.9488
 EKCMT  =     11255.9815  VIRIAL  =     12068.5256  VOLUME     =    373956.6487
                                                    Density    =         0.9984
 ------------------------------------------------------------------------------

 NMR restraints: Bond =    0.240   Angle =     0.000   Torsion =     0.000
===============================================================================

 NSTEP =    60000   TIME(PS) =    2100.000  TEMP(K) =   298.47  PRESS =   -31.6
 Etot   =   -131315.7488  EKtot   =     22201.2773  EPtot      =   -153517.0262
 BOND   =         1.2680  ANGLE   =        19.2150  DIHED      =         1.2832
 1-4 NB =        -0.1483  1-4 EEL =        -8.3677  VDWAALS    =     22561.4783
 EELEC  =   -176092.1025  EHBOND  =         0.0000  RESTRAINT  =         0.3478
 EAMBER (non-restraint)  =   -153517.3739
 EKCMT  =     11075.7090  VIRIAL  =     11330.9867  VOLUME     =    374357.5632
                                                    Density    =         0.9973
 ------------------------------------------------------------------------------

 NMR restraints: Bond =    0.348   Angle =     0.000   Torsion =     0.000
===============================================================================

 NSTEP =    65000   TIME(PS) =    2105.000  TEMP(K) =   299.56  PRESS =   -38.7
 Etot   =   -131209.4153  EKtot   =     22283.0039  EPtot      =   -153492.4192
 BOND   =         1.7928  ANGLE   =        19.7368  DIHED      =         2.2505
 1-4 NB =        -0.1464  1-4 EEL =        -8.5780  VDWAALS    =     22426.2692
 EELEC  =   -175933.8012  EHBOND  =         0.0000  RESTRAINT  =         0.0570
 EAMBER (non-restraint)  =   -153492.4762
 EKCMT  =     11182.5630  VIRIAL  =     11495.8585  VOLUME     =    374600.1167
                                                    Density    =         0.9967
 ------------------------------------------------------------------------------

 NMR restraints: Bond =    0.057   Angle =     0.000   Torsion =     0.000
===============================================================================

 NSTEP =    70000   TIME(PS) =    2110.000  TEMP(K) =   300.74  PRESS =    28.5
 Etot   =   -131009.2399  EKtot   =     22370.5957  EPtot      =   -153379.8356
 BOND   =         1.7479  ANGLE   =        19.8995  DIHED      =         1.9192
 1-4 NB =        -0.1480  1-4 EEL =        -7.9934  VDWAALS    =     22556.7584
 EELEC  =   -175952.9858  EHBOND  =         0.0000  RESTRAINT  =         0.9666
 EAMBER (non-restraint)  =   -153380.8023
 EKCMT  =     11216.7657  VIRIAL  =     10986.7733  VOLUME     =    374410.7204
                                                    Density    =         0.9972
 ------------------------------------------------------------------------------

 NMR restraints: Bond =    0.967   Angle =     0.000   Torsion =     0.000
===============================================================================

 NSTEP =    75000   TIME(PS) =    2115.000  TEMP(K) =   301.25  PRESS =    84.7
 Etot   =   -130990.7971  EKtot   =     22408.6914  EPtot      =   -153399.4885
 BOND   =         1.7921  ANGLE   =        20.4673  DIHED      =         0.9305
 1-4 NB =        -0.1476  1-4 EEL =        -8.9656  VDWAALS    =     22659.8462
 EELEC  =   -176073.4317  EHBOND  =         0.0000  RESTRAINT  =         0.0203
 EAMBER (non-restraint)  =   -153399.5088
 EKCMT  =     11100.0820  VIRIAL  =     10414.7832  VOLUME     =    374762.9091
                                                    Density    =         0.9963
 ------------------------------------------------------------------------------

 NMR restraints: Bond =    0.020   Angle =     0.000   Torsion =     0.000
===============================================================================

 NSTEP =    80000   TIME(PS) =    2120.000  TEMP(K) =   300.30  PRESS =  -143.2
 Etot   =   -131119.6909  EKtot   =     22337.5898  EPtot      =   -153457.2808
 BOND   =         1.0945  ANGLE   =        19.2713  DIHED      =         1.5585
 1-4 NB =        -0.1500  1-4 EEL =        -8.5928  VDWAALS    =     22252.8873
 EELEC  =   -175724.3589  EHBOND  =         0.0000  RESTRAINT  =         1.0093
 EAMBER (non-restraint)  =   -153458.2901
 EKCMT  =     11197.0768  VIRIAL  =     12354.4716  VOLUME     =    374365.9473
                                                    Density    =         0.9973
 ------------------------------------------------------------------------------

 NMR restraints: Bond =    1.009   Angle =     0.000   Torsion =     0.000
===============================================================================

 NSTEP =    85000   TIME(PS) =    2125.000  TEMP(K) =   301.08  PRESS =   102.1
 Etot   =   -130945.3384  EKtot   =     22395.4238  EPtot      =   -153340.7623
 BOND   =         1.5500  ANGLE   =        18.8595  DIHED      =         2.0327
 1-4 NB =        -0.1480  1-4 EEL =        -8.1683  VDWAALS    =     22673.5957
 EELEC  =   -176028.9129  EHBOND  =         0.0000  RESTRAINT  =         0.4291
 EAMBER (non-restraint)  =   -153341.1913
 EKCMT  =     11118.2533  VIRIAL  =     10292.4886  VOLUME     =    374660.3622
                                                    Density    =         0.9965
 ------------------------------------------------------------------------------

 NMR restraints: Bond =    0.429   Angle =     0.000   Torsion =     0.000
===============================================================================

 NSTEP =    90000   TIME(PS) =    2130.000  TEMP(K) =   299.74  PRESS =   -50.9
 Etot   =   -131221.4395  EKtot   =     22296.0996  EPtot      =   -153517.5391
 BOND   =         3.9205  ANGLE   =        19.0791  DIHED      =         3.2354
 1-4 NB =        -0.1516  1-4 EEL =        -8.5399  VDWAALS    =     22441.6217
 EELEC  =   -175976.8346  EHBOND  =         0.0000  RESTRAINT  =         0.1303
 EAMBER (non-restraint)  =   -153517.6694
 EKCMT  =     11071.8791  VIRIAL  =     11483.9369  VOLUME     =    374642.0570
                                                    Density    =         0.9966
 ------------------------------------------------------------------------------

 NMR restraints: Bond =    0.130   Angle =     0.000   Torsion =     0.000
===============================================================================

 NSTEP =    95000   TIME(PS) =    2135.000  TEMP(K) =   302.10  PRESS =    40.4
 Etot   =   -131087.9515  EKtot   =     22471.3281  EPtot      =   -153559.2796
 BOND   =         2.9095  ANGLE   =        20.0799  DIHED      =         1.8428
 1-4 NB =        -0.1484  1-4 EEL =        -8.0548  VDWAALS    =     22616.6793
 EELEC  =   -176192.9473  EHBOND  =         0.0000  RESTRAINT  =         0.3594
 EAMBER (non-restraint)  =   -153559.6390
 EKCMT  =     11282.9876  VIRIAL  =     10956.3022  VOLUME     =    374290.1000
                                                    Density    =         0.9975
 ------------------------------------------------------------------------------

 NMR restraints: Bond =    0.359   Angle =     0.000   Torsion =     0.000
===============================================================================

 NSTEP =   100000   TIME(PS) =    2140.000  TEMP(K) =   300.37  PRESS =    15.8
 Etot   =   -131286.3459  EKtot   =     22343.1289  EPtot      =   -153629.4748
 BOND   =         3.3854  ANGLE   =        18.2603  DIHED      =         0.4347
 1-4 NB =        -0.1488  1-4 EEL =        -8.4214  VDWAALS    =     22553.9848
 EELEC  =   -176197.0150  EHBOND  =         0.0000  RESTRAINT  =         0.0453
 EAMBER (non-restraint)  =   -153629.5201
 EKCMT  =     11134.3167  VIRIAL  =     11006.4022  VOLUME     =    374283.7735
                                                    Density    =         0.9975
 ------------------------------------------------------------------------------

 NMR restraints: Bond =    0.045   Angle =     0.000   Torsion =     0.000
===============================================================================

 NSTEP =   105000   TIME(PS) =    2145.000  TEMP(K) =   300.10  PRESS =   -99.4
 Etot   =   -131039.2175  EKtot   =     22323.0918  EPtot      =   -153362.3093
 BOND   =         2.2156  ANGLE   =        20.5794  DIHED      =         1.0509
 1-4 NB =        -0.1482  1-4 EEL =        -8.3170  VDWAALS    =     22219.9354
 EELEC  =   -175597.6364  EHBOND  =         0.0000  RESTRAINT  =         0.0110
 EAMBER (non-restraint)  =   -153362.3203
 EKCMT  =     11226.7918  VIRIAL  =     12030.7436  VOLUME     =    374607.6843
                                                    Density    =         0.9967
 ------------------------------------------------------------------------------

 NMR restraints: Bond =    0.011   Angle =     0.000   Torsion =     0.000
===============================================================================

 NSTEP =   110000   TIME(PS) =    2150.000  TEMP(K) =   300.07  PRESS =  -240.5
 Etot   =   -130926.9731  EKtot   =     22320.6230  EPtot      =   -153247.5962
 BOND   =         6.6634  ANGLE   =        20.6272  DIHED      =         2.4856
 1-4 NB =        -0.1479  1-4 EEL =        -8.4563  VDWAALS    =     22037.3117
 EELEC  =   -175306.3989  EHBOND  =         0.0000  RESTRAINT  =         0.3190
 EAMBER (non-restraint)  =   -153247.9151
 EKCMT  =     11184.6099  VIRIAL  =     13129.3567  VOLUME     =    374452.9939
                                                    Density    =         0.9971
 ------------------------------------------------------------------------------

 NMR restraints: Bond =    0.319   Angle =     0.000   Torsion =     0.000
===============================================================================

 NSTEP =   115000   TIME(PS) =    2155.000  TEMP(K) =   298.44  PRESS =   -40.7
 Etot   =   -131288.4454  EKtot   =     22199.5059  EPtot      =   -153487.9512
 BOND   =         1.3889  ANGLE   =        19.1648  DIHED      =         3.3594
 1-4 NB =        -0.1476  1-4 EEL =        -8.2787  VDWAALS    =     22530.1936
 EELEC  =   -176034.2621  EHBOND  =         0.0000  RESTRAINT  =         0.6304
 EAMBER (non-restraint)  =   -153488.5817
 EKCMT  =     11091.2577  VIRIAL  =     11421.1459  VOLUME     =    375069.3624
                                                    Density    =         0.9954
 ------------------------------------------------------------------------------

 NMR restraints: Bond =    0.630   Angle =     0.000   Torsion =     0.000
===============================================================================

 NSTEP =   120000   TIME(PS) =    2160.000  TEMP(K) =   299.36  PRESS =  -172.1
 Etot   =   -130936.1236  EKtot   =     22267.8340  EPtot      =   -153203.9576
 BOND   =         1.9239  ANGLE   =        20.4568  DIHED      =         1.9889
 1-4 NB =        -0.1516  1-4 EEL =        -8.4761  VDWAALS    =     22170.2524
 EELEC  =   -175390.7436  EHBOND  =         0.0000  RESTRAINT  =         0.7917
 EAMBER (non-restraint)  =   -153204.7492
 EKCMT  =     11146.5699  VIRIAL  =     12541.5287  VOLUME     =    375318.3574
                                                    Density    =         0.9948
 ------------------------------------------------------------------------------

 NMR restraints: Bond =    0.792   Angle =     0.000   Torsion =     0.000
===============================================================================

 NSTEP =   125000   TIME(PS) =    2165.000  TEMP(K) =   300.13  PRESS =  -125.2
 Etot   =   -130880.2608  EKtot   =     22325.2676  EPtot      =   -153205.5284
 BOND   =         1.6930  ANGLE   =        19.9857  DIHED      =         2.8609
 1-4 NB =        -0.1468  1-4 EEL =        -8.4988  VDWAALS    =     22142.6995
 EELEC  =   -175365.3724  EHBOND  =         0.0000  RESTRAINT  =         1.2505
 EAMBER (non-restraint)  =   -153206.7789
 EKCMT  =     11124.8440  VIRIAL  =     12136.8254  VOLUME     =    374371.1754
                                                    Density    =         0.9973
 ------------------------------------------------------------------------------

 NMR restraints: Bond =    1.251   Angle =     0.000   Torsion =     0.000
===============================================================================

 NSTEP =   130000   TIME(PS) =    2170.000  TEMP(K) =   299.89  PRESS =   228.9
 Etot   =   -130905.0227  EKtot   =     22306.8340  EPtot      =   -153211.8567
 BOND   =         1.2584  ANGLE   =        21.4547  DIHED      =         1.1371
 1-4 NB =        -0.1419  1-4 EEL =        -8.0032  VDWAALS    =     22791.5410
 EELEC  =   -176021.1089  EHBOND  =         0.0000  RESTRAINT  =         2.0062
 EAMBER (non-restraint)  =   -153213.8629
 EKCMT  =     11077.6482  VIRIAL  =      9225.8619  VOLUME     =    374680.1113
                                                    Density    =         0.9965
 ------------------------------------------------------------------------------

 NMR restraints: Bond =    2.006   Angle =     0.000   Torsion =     0.000
===============================================================================

 NSTEP =   135000   TIME(PS) =    2175.000  TEMP(K) =   297.80  PRESS =    37.2
 Etot   =   -131396.8074  EKtot   =     22152.0918  EPtot      =   -153548.8992
 BOND   =         0.8894  ANGLE   =        17.9780  DIHED      =         2.1645
 1-4 NB =        -0.1497  1-4 EEL =        -8.5392  VDWAALS    =     22660.9250
 EELEC  =   -176222.4952  EHBOND  =         0.0000  RESTRAINT  =         0.3280
 EAMBER (non-restraint)  =   -153549.2272
 EKCMT  =     11060.3202  VIRIAL  =     10759.3812  VOLUME     =    374686.5792
                                                    Density    =         0.9965
 ------------------------------------------------------------------------------

 NMR restraints: Bond =    0.328   Angle =     0.000   Torsion =     0.000
===============================================================================

 NSTEP =   140000   TIME(PS) =    2180.000  TEMP(K) =   301.85  PRESS =  -129.9
 Etot   =   -130725.1564  EKtot   =     22452.9336  EPtot      =   -153178.0900
 BOND   =         2.1375  ANGLE   =        20.0093  DIHED      =         3.0407
 1-4 NB =        -0.1522  1-4 EEL =        -8.6223  VDWAALS    =     22167.2019
 EELEC  =   -175364.6447  EHBOND  =         0.0000  RESTRAINT  =         2.9398
 EAMBER (non-restraint)  =   -153181.0298
 EKCMT  =     11236.1364  VIRIAL  =     12287.1474  VOLUME     =    374812.0348
                                                    Density    =         0.9961
 ------------------------------------------------------------------------------

 NMR restraints: Bond =    2.940   Angle =     0.000   Torsion =     0.000
===============================================================================

 NSTEP =   145000   TIME(PS) =    2185.000  TEMP(K) =   300.77  PRESS =  -143.0
 Etot   =   -131153.6809  EKtot   =     22372.6250  EPtot      =   -153526.3059
 BOND   =         4.4341  ANGLE   =        20.5621  DIHED      =         0.8966
 1-4 NB =        -0.1400  1-4 EEL =        -8.1591  VDWAALS    =     22324.2657
 EELEC  =   -175872.6761  EHBOND  =         0.0000  RESTRAINT  =         4.5107
 EAMBER (non-restraint)  =   -153530.8165
 EKCMT  =     11172.3218  VIRIAL  =     12329.4570  VOLUME     =    374798.7159
                                                    Density    =         0.9962
 ------------------------------------------------------------------------------

 NMR restraints: Bond =    4.511   Angle =     0.000   Torsion =     0.000
===============================================================================

      A V E R A G E S   O V E R      29 S T E P S


 NSTEP =   145000   TIME(PS) =    2185.000  TEMP(K) =   300.00  PRESS =   -10.6
 Etot   =   -131116.8703  EKtot   =     22315.4543  EPtot      =   -153432.3246
 BOND   =         2.0471  ANGLE   =        19.7935  DIHED      =         1.8045
 1-4 NB =        -0.1475  1-4 EEL =        -8.3903  VDWAALS    =     22489.3733
 EELEC  =   -175937.5164  EHBOND  =         0.0000  RESTRAINT  =         0.7112
 EAMBER (non-restraint)  =   -153433.0358
 EKCMT  =     11149.5699  VIRIAL  =     11235.4865  VOLUME     =    374570.3478
                                                    Density    =         0.9968
 ------------------------------------------------------------------------------

 NMR restraints: Bond =    4.511   Angle =     0.000   Torsion =     0.000
===============================================================================

      R M S  F L U C T U A T I O N S


 NSTEP =   145000   TIME(PS) =    2185.000  TEMP(K) =     1.31  PRESS =   133.1
 Etot   =       173.9354  EKtot   =        97.3837  EPtot      =       129.0481
 BOND   =         1.3472  ANGLE   =         0.8597  DIHED      =         0.9668
 1-4 NB =         0.0030  1-4 EEL =         0.2501  VDWAALS    =       244.8204
 EELEC  =       303.3521  EHBOND  =         0.0000  RESTRAINT  =         0.9962
 EAMBER (non-restraint)  =       128.0519
 EKCMT  =        64.9754  VIRIAL  =      1093.7681  VOLUME     =       305.4937
                                                    Density    =         0.0008
 ------------------------------------------------------------------------------


 NMR restraints on final step:

--------------------------------------------------------------------------------
   5.  TIMINGS
--------------------------------------------------------------------------------

|  NonSetup CPU Time in Major Routines:
|
|     Routine           Sec        %
|     ------------------------------
|     Nonbond          94.69   76.70
|     Bond              0.00    0.00
|     Angle             0.00    0.00
|     Dihedral          0.00    0.00
|     Shake             0.35    0.29
|     RunMD            28.20   22.84
|     Other             0.20    0.17
|     ------------------------------
|     Total           123.44

|  PME Nonbond Pairlist CPU Time:
|
|     Routine              Sec        %
|     ---------------------------------
|     Set Up Cit           0.00    0.00
|     Build List           0.00    0.00
|     ---------------------------------
|     Total                0.00    0.00

|  PME Direct Force CPU Time:
|
|     Routine              Sec        %
|     ---------------------------------
|     NonBonded Calc       0.00    0.00
|     Exclude Masked       0.00    0.00
|     Other                0.13    0.10
|     ---------------------------------
|     Total                0.13    0.10

|  PME Reciprocal Force CPU Time:
|
|     Routine              Sec        %
|     ---------------------------------
|     1D bspline           0.00    0.00
|     Grid Charges         0.00    0.00
|     Scalar Sum           0.00    0.00
|     Gradient Sum         0.00    0.00
|     FFT                  0.00    0.00
|     ---------------------------------
|     Total                0.00    0.00

|  Final Performance Info:
|     -----------------------------------------------------
|     Average timings for last   15000 steps:
|     Elapsed(s) =      16.26 Per Step(ms) =       1.08
|         ns/day =      79.70   seconds/ns =    1084.00
|
|     Average timings for all steps:
|     Elapsed(s) =     140.54 Per Step(ms) =       0.97
|         ns/day =      89.14   seconds/ns =     969.27
|     -----------------------------------------------------

|  Setup CPU time:            0.68 seconds
|  NonSetup CPU time:       123.44 seconds
|  Total CPU time:          124.12 seconds     0.03 hours

|  Setup wall time:           1    seconds
|  NonSetup wall time:      141    seconds
|  Total wall time:         142    seconds     0.04 hours
