     2.21000       2.21176      -3.51266       0.00000  
     2.20980       2.24443     -69.25789       0.00064  
     2.20960       2.20917       0.85448      -0.00047  
     2.20940       2.18898      40.84588      -0.00202  
     2.20920       2.19324      31.92880      -0.00259  
     2.20900       2.19824      21.51012      -0.00155  
     2.20880       2.22909     -40.57857       0.00030  
     2.20860       2.18093      55.33534       0.00051  
     2.20840       2.20098      14.83590       0.00093  
     2.20820       2.22820     -40.00235       0.00022  
     2.20800       2.21652     -17.03695      -0.00075  
     2.20780       2.20788      -0.16416      -0.00013  
     2.20760       2.19149      32.21151      -0.00017  
     2.20740       2.21552     -16.23597      -0.00009  
     2.20720       2.22288     -31.35727      -0.00095  
     2.20700       2.21865     -23.29903      -0.00242  
     2.20680       2.17574      62.12675      -0.00149  
     2.20660       2.22064     -28.07371      -0.00207  
     2.20640       2.21436     -15.92855      -0.00397  
     2.20620       2.18586      40.68053      -0.00429  
     2.20600       2.22371     -35.42069      -0.00540  
     2.20580       2.21885     -26.09753      -0.00495  
     2.20560       2.17725      56.70680      -0.00457  
     2.20540       2.20691      -3.02165      -0.00442  
     2.20520       2.21894     -27.47481      -0.00616  
     2.20500       2.19459      20.82517      -0.00584  
     2.20480       2.21365     -17.69406      -0.00615  
     2.20460       2.19918      10.83113      -0.00712  
     2.20440       2.23100     -53.19381      -0.00724  
     2.20420       2.19502      18.35346      -0.00684  
     2.20400       2.19725      13.49746      -0.00696  
     2.20380       2.21888     -30.16854      -0.00667  
     2.20360       2.20032       6.55474      -0.00600  
     2.20340       2.21501     -23.21530      -0.00680  
     2.20320       2.17836      49.67766      -0.00733  
     2.20300       2.19177      22.45027      -0.00785  
     2.20280       2.24138     -77.15674      -0.00905  
     2.20260       2.17714      50.92859      -0.00890  
     2.20240       2.19652      11.75671      -0.00887  
     2.20220       2.22348     -42.56164      -0.00973  
     2.20200       2.20239      -0.78725      -0.01038  
     2.20180       2.17722      49.16280      -0.01077  
     2.20160       2.21774     -32.27608      -0.01130  
     2.20140       2.21852     -34.24649      -0.01216  
     2.20120       2.16815      66.09633      -0.01121  
     2.20100       2.22110     -40.20335      -0.01260  
     2.20080       2.20375      -5.89579      -0.01347  
     2.20060       2.19913       2.93659      -0.01284  
     2.20040       2.19375      13.30752      -0.01390  
     2.20020       2.23227     -64.13678      -0.01346  
     2.20000       2.19818       3.63567      -0.01390  
     2.19980       2.17126      57.08919      -0.01260  
     2.19960       2.21930     -39.40114      -0.01178  
     2.19940       2.20325      -7.69670      -0.01127  
     2.19920       2.18428      29.83639      -0.01112  
     2.19900       2.18715      23.69781      -0.01196  
     2.19880       2.20982     -22.03659      -0.01168  
     2.19860       2.19226      12.67571      -0.01205  
     2.19840       2.16369      69.42384      -0.01210  
     2.19820       2.21986     -43.31233      -0.01107  
     2.19800       2.20824     -20.47431      -0.01209  
     2.19780       2.20373     -11.86680      -0.01053  
     2.19760       2.18219      30.82511      -0.00971  
     2.19740       2.21944     -44.07132      -0.00999  
     2.19720       2.23233     -70.25224      -0.01150  
     2.19700       2.17838      37.24229      -0.01001  
     2.19680       2.18382      25.95955      -0.01016  
     2.19660       2.21206     -30.91624      -0.01067  
     2.19640       2.18240      28.00995      -0.01181  
     2.19620       2.17089      50.62786      -0.01157  
     2.19600       2.23136     -70.72991      -0.01182  
     2.19580       2.19837      -5.14956      -0.01286  
     2.19560       2.15551      80.18430      -0.01193  
     2.19540       2.20622     -21.63810      -0.01300  
     2.19520       2.18849      13.42044      -0.01301  
     2.19500       2.18985      10.30043      -0.01247  
     2.19480       2.20515     -20.69293      -0.01222  
     2.19460       2.19171       5.78128      -0.01424  
     2.19440       2.19226       4.27236      -0.01364  
     2.19420       2.20505     -21.70142      -0.01296  
     2.19400       2.21095     -33.89296      -0.01156  
     2.19380       2.17710      33.39518      -0.01173  
     2.19360       2.18904       9.12860      -0.01252  
     2.19340       2.22012     -53.43671      -0.01168  
     2.19320       2.18684      12.71303      -0.01156  
     2.19300       2.17949      27.01211      -0.01058  
     2.19280       2.21184     -38.07509      -0.00994  
     2.19260       2.17767      29.85689      -0.01042  
     2.19240       2.17950      25.79705      -0.00995  
     2.19220       2.21998     -55.55911      -0.00977  
     2.19200       2.16923      45.53620      -0.00948  
     2.19180       2.17777      28.06108      -0.00854  
     2.19160       2.23019     -77.17816      -0.00783  
     2.19140       2.17810      26.59383      -0.00746  
     2.19120       2.19641     -10.41870      -0.00638  
     2.19100       2.20316     -24.32942      -0.00617  
     2.19080       2.18970       2.19646      -0.00759  
     2.19060       2.21429     -47.38562      -0.00640  
     2.19040       2.22148     -62.15106      -0.00578  
     2.19020       2.15370      73.00962      -0.00525  
     2.19000       2.16508      49.83381      -0.00589  
     2.18980       2.24798    -116.35434      -0.00522  
     2.18960       2.17578      27.64474      -0.00529  
     2.18940       2.15366      71.47655      -0.00419  
     2.18920       2.21446     -50.52515      -0.00474  
     2.18900       2.20582     -33.63104      -0.00345  
     2.18880       2.17769      22.21813      -0.00419  
     2.18860       2.19691     -16.62206      -0.00253  
     2.18840       2.20262     -28.44062      -0.00392  
     2.18820       2.16993      36.54030      -0.00253  
     2.18800       2.18291      10.18529      -0.00185  
     2.18780       2.20409     -32.58572      -0.00148  
     2.18760       2.18050      14.20178      -0.00180  
     2.18740       2.19839     -21.97331      -0.00102  
     2.18720       2.18231       9.77612      -0.00008  
     2.18700       2.18754      -1.07849       0.00091  
     2.18680       2.17426      25.07982       0.00137  
     2.18660       2.20919     -45.17354       0.00124  
     2.18640       2.16760      37.59844       0.00033  
     2.18620       2.18172       8.96719       0.00041  
     2.18600       2.18154       8.92837       0.00035  
     2.18580       2.19746     -23.31048      -0.00042  
     2.18560       2.16475      41.69577      -0.00069  
     2.18540       2.19415     -17.49571      -0.00096  
     2.18520       2.17932      11.76727      -0.00085  
     2.18500       2.18093       8.13678      -0.00158  
     2.18480       2.17627      17.05432      -0.00096  
     2.18460       2.21164     -54.07937      -0.00048  
     2.18440       2.15444      59.91058       0.00103  
     2.18420       2.20045     -32.49179       0.00115  
     2.18400       2.17961       8.78801       0.00047  
     2.18380       2.15740      52.80621       0.00084  
     2.18360       2.19524     -23.27838       0.00025  
     2.18340       2.17144      23.91513       0.00031  
     2.18320       2.18274       0.92467       0.00122  
     2.18300       2.20301     -40.01396       0.00161  
     2.18280       2.17682      11.95377       0.00108  
     2.18260       2.13015     104.89182       0.00297  
     2.18240       2.22984     -94.88774       0.00269  
     2.18220       2.18235      -0.30882       0.00235  
     2.18200       2.14815      67.70994       0.00358  
     2.18180       2.18020       3.20356       0.00414  
     2.18160       2.23846    -113.71703       0.00383  
     2.18140       2.17233      18.13487       0.00408  
     2.18120       2.16899      24.42821       0.00443  
     2.18100       2.19780     -33.59803       0.00483  
     2.18080       2.17264      16.32990       0.00577  
     2.18060       2.18935     -17.50535       0.00714  
     2.18040       2.16758      25.63062       0.00697  
     2.18020       2.16047      39.45223       0.00696  
     2.18000       2.17825       3.49477       0.00762  
     2.17980       2.20109     -42.58356       0.00797  
     2.17960       2.17335      12.49885       0.00954  
     2.17940       2.18322      -7.63733       0.00945  
     2.17920       2.17598       6.44812       0.01182  
     2.17900       2.18404     -10.08116       0.01142  
     2.17880       2.18385     -10.10406       0.01247  
     2.17860       2.17259      12.01253       0.01176  
     2.17840       2.20583     -54.85590       0.01349  
     2.17820       2.17448       7.43788       0.01391  
     2.17800       2.17427       7.45551       0.01464  
     2.17780       2.18422     -12.83754       0.01679  
     2.17760       2.17319       8.81910       0.01596  
     2.17740       2.17468       5.43370       0.01732  
     2.17720       2.19663     -38.85343       0.01713  
     2.17700       2.19032     -26.64878       0.01853  
     2.17680       2.14097      71.66115       0.01911  
     2.17660       2.17833      -3.46554       0.01990  
     2.17640       2.17236       8.08247       0.02075  
     2.17620       2.19696     -41.51426       0.02193  
     2.17600       2.15839      35.21406       0.02188  
     2.17580       2.14385      63.89408       0.02377  
     2.17560       2.22134     -91.48145       0.02319  
     2.17540       2.19498     -39.15282       0.02320  
     2.17520       2.13591      78.58641       0.02346  
     2.17500       2.17375       2.50241       0.02442  
     2.17480       2.19707     -44.54075       0.02492  
     2.17460       2.14242      64.35430       0.02577  
     2.17440       2.18247     -16.13319       0.02655  
     2.17420       2.15512      38.16672       0.02733  
     2.17400       2.18422     -20.43621       0.02728  
     2.17380       2.17559      -3.57379       0.02777  
     2.17360       2.14358      60.03919       0.02771  
     2.17340       2.19949     -52.18450       0.02792  
     2.17320       2.19017     -33.94889       0.02947  
     2.17300       2.16032      25.36221       0.02926  
     2.17280       2.16275      20.10493       0.03111  
     2.17260       2.17854     -11.87831       0.03077  
     2.17240       2.16216      20.48996       0.03236  
     2.17220       2.18132     -18.24694       0.03302  
     2.17200       2.17587      -7.74463       0.03322  
     2.17180       2.17787     -12.14100       0.03413  
     2.17160       2.18143     -19.65523       0.03492  
     2.17140       2.18914     -35.47776       0.03595  
     2.17120       2.12905      84.30415       0.03632  
     2.17100       2.20412     -66.23108       0.03700  
     2.17080       2.19059     -39.58377       0.03671  
     2.17060       2.14178      57.63686       0.03924  
     2.17040       2.18881     -36.81634       0.04138  
     2.17020       2.16715       6.10868       0.04324  
     2.17000       2.17212      -4.24985       0.04425  
     2.16980       2.16166      16.28572       0.04297  
     2.16960       2.17070      -2.19836       0.04357  
     2.16940       2.17127      -3.73440       0.04339  
     2.16920       2.15545      27.49788       0.04308  
     2.16900       2.17151      -5.02068       0.04378  
     2.16880       2.16124      15.11906       0.04457  
     2.16860       2.16888      -0.55650       0.04508  
     2.16840       2.16674       3.32732       0.04730  
     2.16820       2.17220      -7.99202       0.04834  
     2.16800       2.17732     -18.64011       0.04901  
     2.16780       2.16776       0.07880       0.04954  
     2.16760       2.16487       5.45249       0.05087  
     2.16740       2.18341     -32.01558       0.05178  
     2.16720       2.14646      41.48183       0.05152  
     2.16700       2.16238       9.24212       0.05252  
     2.16680       2.19075     -47.89841       0.05189  
     2.16660       2.15426      24.68724       0.05203  
     2.16640       2.14505      42.69877       0.05273  
     2.16620       2.17709     -21.77849       0.05359  
     2.16600       2.17421     -16.42141       0.05397  
     2.16580       2.14135      48.90941       0.05593  
     2.16560       2.16021      10.77144       0.05757  
     2.16540       2.17930     -27.80385       0.05790  
     2.16520       2.18965     -48.89008       0.05954  
     2.16500       2.16453       0.94208       0.05989  
     2.16480       2.15252      24.56470       0.06082  
     2.16460       2.14580      37.60756       0.06231  
     2.16440       2.19727     -65.73516       0.06413  
     2.16420       2.17093     -13.46603       0.06378  
     2.16400       2.12714      73.71027       0.06658  
     2.16380       2.15995       7.70415       0.06886  
     2.16360       2.19143     -55.65866       0.06962  
     2.16340       2.17088     -14.95629       0.07078  
     2.16320       2.14769      31.01317       0.07239  
     2.16300       2.16614      -6.28546       0.07469  
     2.16280       2.19107     -56.54966       0.07554  
     2.16260       2.13435      56.50850       0.07646  
     2.16240       2.20145     -78.09960       0.07811  
     2.16220       2.13134      61.71399       0.07966  
     2.16200       2.15765       8.69807       0.08137  
     2.16180       2.18101     -38.42571       0.08406  
     2.16160       2.16093       1.34859       0.08442  
     2.16140       2.14809      26.61901       0.08678  
     2.16120       2.18990     -57.40787       0.08877  
     2.16100       2.19022     -58.43708       0.09015  
     2.16080       2.12486      71.88470       0.09196  
     2.16060       2.17899     -36.78097       0.09311  
     2.16040       2.17840     -35.99124       0.09406  
     2.16020       2.13727      45.85147       0.09668  
     2.16000       2.19056     -61.12266       0.09824  
     2.15980       2.16792     -16.24337       0.09883  
     2.15960       2.12786      63.47978       0.09980  
     2.15940       2.16609     -13.38076       0.10115  
     2.15920       2.16813     -17.85812       0.10087  
     2.15900       2.14963      18.74969       0.10137  
     2.15880       2.17092     -24.23351       0.10219  
     2.15860       2.16678     -16.36647       0.10244  
     2.15840       2.14781      21.17883       0.10286  
     2.15820       2.15126      13.87479       0.10456  
     2.15800       2.15184      12.31898       0.10382  
     2.15780       2.16346     -11.32872       0.10421  
     2.15760       2.15128      12.63637       0.10445  
     2.15740       2.16027      -5.74468       0.10580  
     2.15720       2.18036     -46.31209       0.10598  
     2.15700       2.14322      27.55152       0.10737  
     2.15680       2.17752     -41.44716       0.10784  
     2.15660       2.16661     -20.02495       0.10864  
     2.15640       2.12802      56.75676       0.10948  
     2.15620       2.17208     -31.76268       0.11086  
     2.15600       2.20045     -88.89567       0.11194  
     2.15580       2.13242      46.75819       0.11221  
     2.15560       2.15126       8.67662       0.11297  
     2.15540       2.18455     -58.29800       0.11402  
     2.15520       2.14559      19.22868       0.11422  
     2.15500       2.15299       4.01494       0.11581  
     2.15480       2.15939      -9.17805       0.11593  
     2.15460       2.13836      32.48434       0.11818  
     2.15440       2.16923     -29.66528       0.12034  
     2.15420       2.16525     -22.09992       0.11993  
     2.15400       2.13941      29.17314       0.12287  
     2.15380       2.15369       0.22039       0.12397  
     2.15360       2.15017       6.86583       0.12465  
     2.15340       2.14126      24.28675       0.12701  
     2.15320       2.15639      -6.37422       0.12698  
     2.15300       2.15720      -8.40956       0.12773  
     2.15280       2.15265       0.29720       0.12940  
     2.15260       2.16400     -22.80869       0.13004  
     2.15240       2.15362      -2.43348       0.13283  
     2.15220       2.17832     -52.24851       0.13431  
     2.15200       2.15254      -1.08456       0.13458  
     2.15180       2.15564      -7.67966       0.13691  
     2.15160       2.15718     -11.15248       0.13756  
     2.15140       2.15262      -2.43870       0.13923  
     2.15120       2.15527      -8.14169       0.13973  
     2.15100       2.16470     -27.39981       0.14141  
     2.15080       2.13954      22.52629       0.14213  
     2.15060       2.13777      25.66725       0.14386  
     2.15040       2.18513     -69.46645       0.14504  
     2.15020       2.16166     -22.91903       0.14739  
     2.15000       2.15513     -10.26058       0.14840  
     2.14980       2.17786     -56.11553       0.15007  
     2.14960       2.15617     -13.14060       0.14986  
     2.14940       2.13670      25.40484       0.15242  
     2.14920       2.19334     -88.28375       0.15491  
     2.14900       2.15795     -17.89431       0.15605  
     2.14880       2.12358      50.44978       0.15733  
     2.14860       2.16836     -39.52400       0.15985  
     2.14840       2.16581     -34.82174       0.16022  
     2.14820       2.16355     -30.69990       0.16172  
     2.14800       2.13127      33.46040       0.16388  
     2.14780       2.12167      52.26277       0.16531  
     2.14760       2.17580     -56.39554       0.16702  
     2.14740       2.17922     -63.64837       0.16694  
     2.14720       2.12827      37.85195       0.16901  
     2.14700       2.14768      -1.35464       0.17097  
     2.14680       2.14451       4.58887       0.17242  
     2.14660       2.16402     -34.84605       0.17483  
     2.14640       2.15583     -18.85644       0.17528  
     2.14620       2.13311      26.17729       0.17767  
     2.14600       2.15108     -10.16465       0.17925  
     2.14580       2.14531       0.98479       0.18056  
     2.14560       2.15960     -27.99876       0.18179  
     2.14540       2.13026      30.28797       0.18350  
     2.14520       2.16023     -30.05689       0.18643  
     2.14500       2.16553     -41.06000       0.18855  
     2.14480       2.12838      32.83398       0.19066  
     2.14460       2.14164       5.92491       0.19206  
     2.14440       2.15116     -13.52560       0.19376  
     2.14420       2.15804     -27.68936       0.19530  
     2.14400       2.14357       0.85043       0.19686  
     2.14380       2.13721      13.17108       0.19733  
     2.14360       2.17059     -53.97364       0.20002  
     2.14340       2.15201     -17.22910       0.20081  
     2.14320       2.12129      43.81158       0.20407  
     2.14300       2.16744     -48.88472       0.20560  
     2.14280       2.17479     -63.97055       0.20624  
     2.14260       2.13642      12.36121       0.20775  
     2.14240       2.08968     105.43747       0.21027  
     2.14220       2.16452     -44.64849       0.21198  
     2.14200       2.17966     -75.32654       0.21290  
     2.14180       2.12531      32.98851       0.21506  
     2.14160       2.12757      28.06205       0.21810  
     2.14140       2.17007     -57.33141       0.21930  
     2.14120       2.16322     -44.03856       0.22087  
     2.14100       2.15453     -27.06722       0.22275  
     2.14080       2.13634       8.91444       0.22465  
     2.14060       2.11227      56.66074       0.22653  
     2.14040       2.14205      -3.30106       0.22805  
     2.14020       2.18900     -97.59115       0.22981  
     2.14000       2.13660       6.80580       0.23091  
     2.13980       2.11635      46.89759       0.23425  
     2.13960       2.18526     -91.31447       0.23549  
     2.13940       2.16293     -47.06215       0.23536  
     2.13920       2.12770      22.99613       0.23777  
     2.13900       2.15712     -36.23124       0.23958  
     2.13880       2.13847       0.65682       0.24045  
     2.13860       2.14086      -4.51400       0.24241  
     2.13840       2.13821       0.37922       0.24543  
     2.13820       2.14763     -18.86296       0.24686  
     2.13800       2.14720     -18.40415       0.24857  
     2.13780       2.13717       1.26120       0.25061  
     2.13760       2.12473      25.73029       0.25238  
     2.13740       2.15057     -26.33279       0.25415  
     2.13720       2.13741      -0.42263       0.25575  
     2.13700       2.15857     -43.14250       0.25587  
     2.13680       2.12574      22.12571       0.25912  
     2.13660       2.12722      18.75367       0.26110  
     2.13640       2.15764     -42.48390       0.26236  
     2.13620       2.15177     -31.13266       0.26346  
     2.13600       2.15321     -34.41102       0.26521  
     2.13580       2.12930      12.99621       0.26640  
     2.13560       2.12297      25.25992       0.26881  
     2.13540       2.14100     -11.20398       0.27042  
     2.13520       2.16558     -60.76969       0.27234  
     2.13500       2.12846      13.07028       0.27342  
     2.13480       2.11008      49.44616       0.27490  
     2.13460       2.16839     -67.58080       0.27743  
     2.13440       2.12290      23.00429       0.27884  
     2.13420       2.10995      48.49994       0.28044  
     2.13400       2.13914     -10.27054       0.28295  
     2.13380       2.16049     -53.37516       0.28357  
     2.13360       2.12340      20.40849       0.28669  
     2.13340       2.11652      33.75338       0.28929  
     2.13320       2.18195     -97.49175       0.29114  
     2.13300       2.11464      36.72422       0.29327  
     2.13280       2.14259     -19.58414       0.29591  
     2.13260       2.16354     -61.88887       0.29836  
     2.13240       2.10934      46.11221       0.30076  
     2.13220       2.12567      13.06619       0.30304  
     2.13200       2.14082     -17.63357       0.30452  
     2.13180       2.12191      19.78431       0.30784  
     2.13160       2.10968      43.83972       0.30886  
     2.13140       2.14725     -31.70657       0.31198  
     2.13120       2.12988       2.64877       0.31236  
     2.13100       2.12868       4.64565       0.31399  
     2.13080       2.13360      -5.59004       0.31547  
     2.13060       2.17359     -85.98397       0.31738  
     2.13040       2.13717     -13.53512       0.31960  
     2.13020       2.10231      55.78119       0.32091  
     2.13000       2.10081      58.37339       0.32258  
     2.12980       2.15869     -57.77717       0.32320  
     2.12960       2.14405     -28.89781       0.32562  
     2.12940       2.10425      50.30058       0.32712  
     2.12920       2.14361     -28.82684       0.32915  
     2.12900       2.14620     -34.39544       0.33038  
     2.12880       2.12252      12.56699       0.33196  
     2.12860       2.12249      12.21742       0.33284  
     2.12840       2.16448     -72.16002       0.33517  
     2.12820       2.13855     -20.70634       0.33762  
     2.12800       2.13056      -5.12500       0.33935  
     2.12780       2.12966      -3.71519       0.34113  
     2.12760       2.10266      49.87054       0.34294  
     2.12740       2.16326     -71.72266       0.34478  
     2.12720       2.14260     -30.80830       0.34784  
     2.12700       2.11941      15.18395       0.34955  
     2.12680       2.10797      37.66266       0.35316  
     2.12660       2.14937     -45.54816       0.35520  
     2.12640       2.13819     -23.58458       0.35739  
     2.12620       2.13433     -16.25584       0.35828  
     2.12600       2.12796      -3.92452       0.36092  
     2.12580       2.12238       6.83166       0.36424  
     2.12560       2.11715      16.90437       0.36745  
     2.12540       2.12584      -0.88667       0.36899  
     2.12520       2.15276     -55.12000       0.37208  
     2.12500       2.13176     -13.52964       0.37402  
     2.12480       2.11690      15.80652       0.37750  
     2.12460       2.15766     -66.12072       0.38092  
     2.12440       2.14139     -33.98174       0.38325  
     2.12420       2.10526      37.88205       0.38521  
     2.12400       2.10600      36.00303       0.38753  
     2.12380       2.14228     -36.95327       0.38956  
     2.12360       2.13756     -27.92462       0.39280  
     2.12340       2.12682      -6.83538       0.39427  
     2.12320       2.12235       1.70450       0.39714  
     2.12300       2.16290     -79.80109       0.39916  
     2.12280       2.11276      20.07367       0.40131  
     2.12260       2.13637     -27.54747       0.40316  
     2.12240       2.14569     -46.57223       0.40590  
     2.12220       2.11446      15.47369       0.40888  
     2.12200       2.15108     -58.16510       0.41118  
     2.12180       2.13823     -32.86514       0.41494  
     2.12160       2.09224      58.72965       0.41700  
     2.12140       2.10936      24.07826       0.41977  
     2.12120       2.15108     -59.75538       0.42214  
     2.12100       2.13017     -18.33557       0.42510  
     2.12080       2.11767       6.25092       0.42792  
     2.12060       2.11862       3.95765       0.43170  
     2.12040       2.11956       1.67130       0.43485  
     2.12020       2.15520     -70.00555       0.43615  
     2.12000       2.12594     -11.87845       0.43795  
     2.11980       2.10174      36.12075       0.44190  
     2.11960       2.12812     -17.04615       0.44502  
     2.11940       2.13031     -21.82825       0.44706  
     2.11920       2.16093     -83.46055       0.45042  
     2.11900       2.12320      -8.39064       0.45310  
     2.11880       2.11259      12.41866       0.45535  
     2.11860       2.11759       2.01290       0.45942  
     2.11840       2.13072     -24.63272       0.46226  
     2.11820       2.12936     -22.32379       0.46515  
     2.11800       2.12432     -12.63445       0.46804  
     2.11780       2.14374     -51.87879       0.47081  
     2.11760       2.12237      -9.53545       0.47223  
     2.11740       2.11194      10.91203       0.47414  
     2.11720       2.12583     -17.26325       0.47821  
     2.11700       2.13910     -44.19295       0.48156  
     2.11680       2.10745      18.70375       0.48453  
     2.11660       2.10037      32.46656       0.48762  
     2.11640       2.13735     -41.90898       0.49085  
     2.11620       2.14043     -48.45961       0.49356  
     2.11600       2.12811     -24.21609       0.49584  
     2.11580       2.08762      56.36747       0.49898  
     2.11560       2.11327       4.66117       0.50243  
     2.11540       2.13870     -46.60389       0.50522  
     2.11520       2.13906     -47.71107       0.50764  
     2.11500       2.11100       8.00727       0.50974  
     2.11480       2.14130     -52.99197       0.51147  
     2.11460       2.12549     -21.77844       0.51551  
     2.11440       2.13003     -31.25865       0.51781  
     2.11420       2.13097     -33.53108       0.52054  
     2.11400       2.09260      42.79044       0.52296  
     2.11380       2.13225     -36.89863       0.52608  
     2.11360       2.14172     -56.24323       0.52779  
     2.11340       2.13109     -35.38543       0.53111  
     2.11320       2.11440      -2.39438       0.53369  
     2.11300       2.11002       5.95686       0.53726  
     2.11280       2.12693     -28.26632       0.54069  
     2.11260       2.10101      23.17388       0.54245  
     2.11240       2.12856     -32.32036       0.54588  
     2.11220       2.14971     -75.01607       0.54882  
     2.11200       2.12435     -24.70081       0.55152  
     2.11180       2.08905      45.49782       0.55327  
     2.11160       2.11434      -5.48753       0.55708  
     2.11140       2.12568     -28.56698       0.55965  
     2.11120       2.13213     -41.85455       0.56225  
     2.11100       2.10962       2.76467       0.56539  
     2.11080       2.10293      15.73015       0.56857  
     2.11060       2.10720       6.80724       0.57088  
     2.11040       2.11533      -9.85943       0.57426  
     2.11020       2.11614     -11.88979       0.57744  
     2.11000       2.15899     -97.98768       0.58110  
     2.10980       2.09661      26.38709       0.58334  
     2.10960       2.07936      60.48695       0.58590  
     2.10940       2.11790     -17.00735       0.58860  
     2.10920       2.12909     -39.77124       0.59084  
     2.10900       2.11341      -8.82275       0.59399  
     2.10880       2.10086      15.87203       0.59641  
     2.10860       2.11206      -6.92097       0.60053  
     2.10840       2.14149     -66.17776       0.60383  
     2.10820       2.09703      22.33119       0.60671  
     2.10800       2.10842      -0.84737       0.61133  
     2.10780       2.14533     -75.06159       0.61428  
     2.10760       2.11834     -21.48480       0.61620  
     2.10740       2.10028      14.23434       0.62032  
     2.10720       2.12455     -34.69826       0.62386  
     2.10700       2.12581     -37.62812       0.62797  
     2.10680       2.10994      -6.28049       0.63109  
     2.10660       2.10649       0.21577       0.63497  
     2.10640       2.10192       8.96791       0.63930  
     2.10620       2.11553     -18.65099       0.64253  
     2.10600       2.12514     -38.27511       0.64613  
     2.10580       2.11649     -21.37719       0.64842  
     2.10560       2.12249     -33.78825       0.65176  
     2.10540       2.10896      -7.12528       0.65510  
     2.10520       2.09376      22.87992       0.65821  
     2.10500       2.12491     -39.82234       0.66186  
     2.10480       2.11604     -22.47587       0.66483  
     2.10460       2.12893     -48.66941       0.66871  
     2.10440       2.09762      13.56946       0.67177  
     2.10420       2.13220     -55.99917       0.67537  
     2.10400       2.10655      -5.09915       0.67722  
     2.10380       2.11310     -18.59879       0.68080  
     2.10360       2.13372     -60.24358       0.68430  
     2.10340       2.12106     -35.31793       0.68724  
     2.10320       2.07889      48.62358       0.69039  
     2.10300       2.11217     -18.33703       0.69273  
     2.10280       2.12694     -48.28955       0.69499  
     2.10260       2.11983     -34.45821       0.69799  
     2.10240       2.09981       5.18193       0.70177  
     2.10220       2.12426     -44.11248       0.70506  
     2.10200       2.11067     -17.34944       0.70726  
     2.10180       2.09359      16.41980       0.71165  
     2.10160       2.10105       1.10113       0.71449  
     2.10140       2.12957     -56.34240       0.71731  
     2.10120       2.10065       1.09169       0.71999  
     2.10100       2.11891     -35.81897       0.72305  
     2.10080       2.11759     -33.58945       0.72644  
     2.10060       2.13335     -65.50076       0.72950  
     2.10040       2.08348      33.84789       0.73302  
     2.10020       2.11816     -35.91542       0.73708  
     2.10000       2.11520     -30.39751       0.73964  
     2.09980       2.11018     -20.75367       0.74143  
     2.09960       2.10040      -1.60600       0.74409  
     2.09940       2.09276      13.28068       0.74795  
     2.09920       2.10537     -12.34891       0.75139  
     2.09900       2.09961      -1.22969       0.75455  
     2.09880       2.11221     -26.82354       0.75771  
     2.09860       2.12120     -45.20616       0.76191  
     2.09840       2.11396     -31.11768       0.76479  
     2.09820       2.10559     -14.77131       0.76839  
     2.09800       2.08317      29.66892       0.77271  
     2.09780       2.10776     -19.92623       0.77636  
     2.09760       2.11137     -27.53709       0.77869  
     2.09740       2.09372       7.36151       0.78243  
     2.09720       2.11591     -37.41811       0.78610  
     2.09700       2.13499     -75.97999       0.79011  
     2.09680       2.09132      10.96404       0.79153  
     2.09660       2.07645      40.30826       0.79493  
     2.09640       2.10213     -11.45046       0.79866  
     2.09620       2.10218     -11.96279       0.80158  
     2.09600       2.13184     -71.68262       0.80436  
     2.09580       2.09731      -3.02321       0.80688  
     2.09560       2.09402       3.16772       0.81127  
     2.09540       2.08604      18.72742       0.81513  
     2.09520       2.13443     -78.46014       0.81972  
     2.09500       2.10742     -24.83172       0.82176  
     2.09480       2.07193      45.73509       0.82630  
     2.09460       2.09398       1.24991       0.83026  
     2.09440       2.13831     -87.81093       0.83443  
     2.09420       2.11189     -35.38053       0.83654  
     2.09400       2.08506      17.87656       0.84116  
     2.09380       2.10820     -28.80971       0.84521  
     2.09360       2.08997       7.26640       0.84868  
     2.09340       2.11282     -38.83988       0.85198  
     2.09320       2.10070     -14.99688       0.85594  
     2.09300       2.11107     -36.13771       0.85855  
     2.09280       2.10011     -14.61666       0.86299  
     2.09260       2.08837       8.45953       0.86506  
     2.09240       2.09178       1.23040       0.87047  
     2.09220       2.11508     -45.75616       0.87393  
     2.09200       2.08059      22.81619       0.87940  
     2.09180       2.12963     -75.66352       0.88396  
     2.09160       2.12810     -72.99022       0.88907  
     2.09140       2.09917     -15.54162       0.89266  
     2.09120       2.09561      -8.81784       0.89688  
     2.09100       2.13573     -89.45046       0.90055  
     2.09080       2.08497      11.65148       0.90436  
     2.09060       2.08295      15.29063       0.90978  
     2.09040       2.12113     -61.46338       0.91380  
     2.09020       2.11489     -49.37039       0.91757  
     2.09000       2.07571      28.57954       0.92112  
     2.08980       2.06907      41.46057       0.92566  
     2.08960       2.11481     -50.41767       0.92987  
     2.08940       2.12455     -70.30682       0.93413  
     2.08920       2.08054      17.32239       0.93859  
     2.08900       2.07436      29.27957       0.94305  
     2.08880       2.13119     -84.78588       0.94730  
     2.08860       2.10687     -36.54966       0.95244  
     2.08840       2.09668     -16.55376       0.95505  
     2.08820       2.08173      12.93435       0.95903  
     2.08800       2.10708     -38.15873       0.96382  
     2.08780       2.10471     -33.82227       0.96701  
     2.08760       2.12899     -82.77004       0.97133  
     2.08740       2.08917      -3.54027       0.97630  
     2.08720       2.06805      38.29560       0.98053  
     2.08700       2.11101     -48.01441       0.98518  
     2.08680       2.09040      -7.19313       0.98832  
     2.08660       2.09130      -9.40635       0.99288  
     2.08640       2.09554     -18.27835       0.99666  
     2.08620       2.10282     -33.24545       1.00014  
     2.08600       2.09458     -17.16297       1.00555  
     2.08580       2.09383     -16.06028       1.00882  
     2.08560       2.09886     -26.51293       1.01353  
     2.08540       2.08117       8.45057       1.01778  
     2.08520       2.12100     -71.59674       1.02186  
     2.08500       2.09358     -17.15989       1.02600  
     2.08480       2.08184       5.91849       1.03144  
     2.08460       2.11183     -54.45569       1.03590  
     2.08440       2.10575     -42.70395       1.03978  
     2.08420       2.11359     -58.78163       1.04353  
     2.08400       2.08220       3.59338       1.04796  
     2.08380       2.07395      19.69196       1.05315  
     2.08360       2.10295     -38.69330       1.05675  
     2.08340       2.10110     -35.40310       1.06041  
     2.08320       2.06138      43.64687       1.06510  
     2.08300       2.09601     -26.01332       1.07021  
     2.08280       2.13471    -103.82364       1.07416  
     2.08260       2.11828     -71.36072       1.07825  
     2.08240       2.05070      63.40994       1.08416  
     2.08220       2.07391      16.58571       1.08741  
     2.08200       2.10457     -45.14158       1.09199  
     2.08180       2.11122     -58.84737       1.09611  
     2.08160       2.08296      -2.71514       1.10065  
     2.08140       2.09460     -26.40199       1.10467  
     2.08120       2.08766     -12.92073       1.10836  
     2.08100       2.09304     -24.08154       1.11292  
     2.08080       2.06245      36.69571       1.11802  
     2.08060       2.09064     -20.07125       1.12231  
     2.08040       2.10257     -44.34696       1.12617  
     2.08020       2.09373     -27.05788       1.12973  
     2.08000       2.07236      15.27364       1.13441  
     2.07980       2.08744     -15.27360       1.13913  
     2.07960       2.11391     -68.62006       1.14375  
     2.07940       2.08611     -13.42654       1.14771  
     2.07920       2.05856      41.27268       1.15198  
     2.07900       2.09102     -24.03045       1.15695  
     2.07880       2.11372     -69.84888       1.15950  
     2.07860       2.07639       4.41645       1.16345  
     2.07840       2.09068     -24.56331       1.16815  
     2.07820       2.08844     -20.48620       1.17201  
     2.07800       2.06636      23.27672       1.17509  
     2.07780       2.07780       0.00131       1.17976  
     2.07760       2.09298     -30.76969       1.18310  
     2.07740       2.08089      -6.97543       1.18757  
     2.07720       2.08030      -6.19661       1.19023  
     2.07700       2.05403      45.94455       1.19471  
     2.07680       2.09970     -45.80156       1.19958  
     2.07660       2.10807     -62.94419       1.20466  
     2.07640       2.08097      -9.14175       1.20802  
     2.07620       2.05695      38.50254       1.21319  
     2.07600       2.06611      19.78249       1.21739  
     2.07580       2.09052     -29.43608       1.22076  
     2.07560       2.12148     -91.75910       1.22508  
     2.07540       2.08457     -18.34001       1.23005  
     2.07520       2.07856      -6.72326       1.23483  
     2.07500       2.09143     -32.85321       1.24003  
     2.07480       2.07360       2.39382       1.24349  
     2.07460       2.05291      43.38607       1.24869  
     2.07440       2.08909     -29.38827       1.25458  
     2.07420       2.11061     -72.82048       1.25888  
     2.07400       2.07489      -1.77022       1.26447  
     2.07380       2.07362       0.36116       1.26937  
     2.07360       2.10183     -56.45913       1.27412  
     2.07340       2.09011     -33.41252       1.27855  
     2.07320       2.08070     -15.00453       1.28415  
     2.07300       2.06111      23.77541       1.28864  
     2.07280       2.07897     -12.34968       1.29392  
     2.07260       2.09449     -43.77246       1.29755  
     2.07240       2.08570     -26.59618       1.30341  
     2.07220       2.09359     -42.78876       1.30886  
     2.07200       2.06743       9.14165       1.31352  
     2.07180       2.07262      -1.63949       1.31842  
     2.07160       2.06501      13.18190       1.32313  
     2.07140       2.09520     -47.59586       1.32798  
     2.07120       2.10569     -68.97500       1.33273  
     2.07100       2.09246     -42.92666       1.33676  
     2.07080       2.05314      35.31262       1.34064  
     2.07060       2.08426     -27.32747       1.34752  
     2.07040       2.09183     -42.85358       1.35159  
     2.07020       2.08547     -30.53731       1.35719  
     2.07000       2.09873     -57.45708       1.36176  
     2.06980       2.09006     -40.52409       1.36680  
     2.06960       2.08378     -28.35778       1.37122  
     2.06940       2.04690      44.99940       1.37810  
     2.06920       2.07235      -6.30045       1.38339  
     2.06900       2.08843     -38.85048       1.38794  
     2.06880       2.10486     -72.11168       1.39265  
     2.06860       2.09479     -52.37417       1.39686  
     2.06840       2.06213      12.53508       1.40015  
     2.06820       2.08426     -32.11329       1.40597  
     2.06800       2.07712     -18.24661       1.41070  
     2.06780       2.08259     -29.57362       1.41577  
     2.06760       2.07427     -13.34033       1.42165  
     2.06740       2.08391     -33.02443       1.42700  
     2.06720       2.07349     -12.58801       1.43112  
     2.06700       2.09996     -65.91133       1.43693  
     2.06680       2.09106     -48.52782       1.44144  
     2.06660       2.08274     -32.27077       1.44627  
     2.06640       2.08309     -33.38193       1.45148  
     2.06620       2.06775      -3.09427       1.45623  
     2.06600       2.06590       0.19651       1.46218  
     2.06580       2.10673     -81.85095       1.46713  
     2.06560       2.08744     -43.68829       1.47186  
     2.06540       2.05922      12.35341       1.47633  
     2.06520       2.04705      36.29299       1.48161  
     2.06500       2.09574     -61.47504       1.48621  
     2.06480       2.08996     -50.32361       1.49133  
     2.06460       2.09259     -55.97226       1.49599  
     2.06440       2.07158     -14.35704       1.50147  
     2.06420       2.06261       3.18156       1.50675  
     2.06400       2.06007       7.86255       1.51271  
     2.06380       2.09309     -58.57410       1.51748  
     2.06360       2.09598     -64.76935       1.52178  
     2.06340       2.07355     -20.29178       1.52632  
     2.06320       2.05408      18.23811       1.53203  
     2.06300       2.08839     -50.77435       1.53672  
     2.06280       2.09042     -55.24735       1.54097  
     2.06260       2.08439     -43.57194       1.54550  
     2.06240       2.06523      -5.66168       1.55169  
     2.06220       2.08134     -38.28233       1.55712  
     2.06200       2.08085     -37.70126       1.56086  
     2.06180       2.07291     -22.21966       1.56672  
     2.06160       2.08666     -50.11300       1.57208  
     2.06140       2.09035     -57.89980       1.57677  
     2.06120       2.05221      17.97129       1.58292  
     2.06100       2.07027     -18.53708       1.58899  
     2.06080       2.08375     -45.90886       1.59442  
     2.06060       2.09285     -64.50207       1.59981  
     2.06040       2.07403     -27.26477       1.60567  
     2.06020       2.09867     -76.93874       1.61103  
     2.06000       2.05974       0.52597       1.61594  
     2.05980       2.06330      -7.00781       1.62111  
     2.05960       2.05459      10.02768       1.62709  
     2.05940       2.09236     -65.92140       1.63275  
     2.05920       2.07893     -39.45171       1.63711  
     2.05900       2.06811     -18.21065       1.64097  
     2.05880       2.03371      50.18079       1.64779  
     2.05860       2.07178     -26.36071       1.65298  
     2.05840       2.11263    -108.45548       1.65772  
     2.05820       2.09437     -72.33733       1.66248  
     2.05800       2.04847      19.05221       1.66853  
     2.05780       2.03868      38.24360       1.67480  
     2.05760       2.05929      -3.37662       1.68053  
     2.05740       2.07097     -27.14987       1.68608  
     2.05720       2.06769     -20.98255       1.69123  
     2.05700       2.06054      -7.07300       1.69612  
     2.05680       2.08277     -51.93991       1.70127  
     2.05660       2.07194     -30.68562       1.70733  
     2.05640       2.06879     -24.77100       1.71334  
     2.05620       2.06202     -11.63889       1.71929  
     2.05600       2.05372       4.56631       1.72499  
     2.05580       2.05257       6.45440       1.73192  
     2.05560       2.07675     -42.29966       1.73650  
     2.05540       2.07620     -41.59775       1.74262  
     2.05520       2.08173     -53.05945       1.74842  
     2.05500       2.07307     -36.14981       1.75384  
     2.05480       2.05808      -6.55878       1.75927  
     2.05460       2.04247      24.25491       1.76461  
     2.05440       2.06554     -22.28442       1.77081  
     2.05420       2.08663     -64.85289       1.77635  
     2.05400       2.08930     -70.60024       1.78082  
     2.05380       2.07064     -33.67266       1.78868  
     2.05360       2.05737      -7.53884       1.79369  
     2.05340       2.06706     -27.32460       1.80002  
     2.05320       2.06656     -26.72371       1.80407  
     2.05300       2.06661     -27.22015       1.81004  
     2.05280       2.05078       4.04887       1.81682  
     2.05260       2.07682     -48.43805       1.82171  
     2.05240       2.07168     -38.56410       1.82814  
     2.05220       2.07378     -43.16845       1.83490  
     2.05200       2.07862     -53.24094       1.84144  
     2.05180       2.04243      18.73612       1.84721  
     2.05160       2.03988      23.44790       1.85209  
     2.05140       2.07326     -43.72541       1.85760  
     2.05120       2.05978     -17.15151       1.86253  
     2.05100       2.07957     -57.14411       1.86928  
     2.05080       2.07336     -45.12382       1.87548  
     2.05060       2.06161     -22.02655       1.88136  
     2.05040       2.05938     -17.95812       1.88732  
     2.05020       2.03340      33.60221       1.89273  
     2.05000       2.06989     -39.77557       1.89939  
     2.04980       2.09698     -94.36314       1.90477  
     2.04960       2.05008      -0.96815       1.91056  
     2.04940       2.05205      -5.29080       1.91611  
     2.04920       2.07815     -57.89296       1.92381  
     2.04900       2.07532     -52.63356       1.92903  
     2.04880       2.06987     -42.13777       1.93526  
     2.04860       2.04471       7.77864       1.94108  
     2.04840       2.05854     -20.27942       1.94853  
     2.04820       2.06041     -24.41026       1.95441  
     2.04800       2.08383     -71.65860       1.96031  
     2.04780       2.05691     -18.21415       1.96605  
     2.04760       2.04097      13.26171       1.97245  
     2.04740       2.04786      -0.92408       1.97803  
     2.04720       2.07461     -54.82392       1.98417  
     2.04700       2.05505     -16.09465       1.99054  
     2.04680       2.09815    -102.70308       1.99610  
     2.04660       2.05502     -16.84993       2.00271  
     2.04640       2.02805      36.69935       2.00974  
     2.04620       2.05244     -12.48180       2.01608  
     2.04600       2.07900     -65.99182       2.02284  
     2.04580       2.08189     -72.17683       2.02867  
     2.04560       2.05885     -26.49337       2.03398  
     2.04540       2.02912      32.55647       2.03999  
     2.04520       2.05422     -18.04374       2.04606  
     2.04500       2.05525     -20.49586       2.05159  
     2.04480       2.07267     -55.73356       2.05683  
     2.04460       2.09881    -108.42927       2.06338  
     2.04440       2.04814      -7.48591       2.06840  
     2.04420       2.00349      81.42405       2.07496  
     2.04400       2.02487      38.25138       2.08126  
     2.04380       2.09241     -97.21912       2.08819  
     2.04360       2.08910     -91.00310       2.09431  
     2.04340       2.07384     -60.87998       2.10117  
     2.04320       2.02234      41.72816       2.10685  
     2.04300       2.03717      11.66912       2.11341  
     2.04280       2.05852     -31.44245       2.11969  
     2.04260       2.08583     -86.45078       2.12643  
     2.04240       2.04990     -14.99554       2.13218  
     2.04220       2.05902     -33.63581       2.13967  
     2.04200       2.06864     -53.27452       2.14445  
     2.04180       2.05847     -33.33838       2.14974  
     2.04160       2.01056      62.07500       2.15633  
     2.04140       2.03355      15.70066       2.16312  
     2.04120       2.06931     -56.22068       2.16899  
     2.04100       2.07769     -73.38223       2.17477  
     2.04080       2.04950     -17.40506       2.18138  
     2.04060       2.05355     -25.90072       2.18798  
     2.04040       2.05307     -25.33845       2.19440  
     2.04020       2.06624     -52.07186       2.20057  
     2.04000       2.06146     -42.92828       2.20800  
     2.03980       2.05731     -35.02319       2.21505  
     2.03960       2.06268     -46.15482       2.22180  
     2.03940       2.05747     -36.14188       2.22797  
     2.03920       2.05461     -30.81712       2.23531  
     2.03900       2.05424     -30.48848       2.24062  
     2.03880       2.06052     -43.43772       2.24689  
     2.03860       2.04893     -20.66709       2.25357  
     2.03840       2.07341     -70.02913       2.26037  
     2.03820       2.04372     -11.04912       2.26774  
     2.03800       2.06468     -53.36254       2.27405  
     2.03780       2.06893     -62.26537       2.28131  
     2.03760       2.02612      22.95568       2.28782  
     2.03740       2.03727       0.25953       2.29589  
     2.03720       2.07078     -67.16782       2.30234  
     2.03700       2.07518     -76.36828       2.30833  
     2.03680       2.04862     -23.64261       2.31534  
     2.03660       2.04529     -17.37111       2.32274  
     2.03640       2.02853      15.74924       2.32907  
     2.03620       2.05113     -29.85252       2.33659  
     2.03600       2.03389       4.21785       2.34255  
     2.03580       2.07182     -72.03561       2.35071  
     2.03560       2.06353     -55.86325       2.35664  
     2.03540       2.05550     -40.19856       2.36330  
     2.03520       2.05318     -35.96314       2.37039  
     2.03500       2.05801     -46.02232       2.37736  
     2.03480       2.05897     -48.33236       2.38356  
     2.03460       2.03418       0.84186       2.39056  
     2.03440       2.04067     -12.53999       2.39796  
     2.03420       2.05907     -49.73003       2.40537  
     2.03400       2.04927     -30.54037       2.41196  
     2.03380       2.04312     -18.64670       2.41896  
     2.03360       2.04704     -26.87287       2.42623  
     2.03340       2.05289     -38.97666       2.43362  
     2.03320       2.05873     -51.05474       2.43978  
     2.03300       2.07202     -78.04236       2.44725  
     2.03280       2.04475     -23.89105       2.45482  
     2.03260       2.03553      -5.86965       2.46113  
     2.03240       2.04131     -17.81169       2.46765  
     2.03220       2.06549     -66.57058       2.47502  
     2.03200       2.04243     -20.85901       2.48182  
     2.03180       2.04793     -32.26886       2.48896  
     2.03160       2.05620     -49.19428       2.49535  
     2.03140       2.06290     -62.99843       2.50291  
     2.03120       2.04849     -34.57209       2.51014  
     2.03100       2.04904     -36.08712       2.51881  
     2.03080       2.05078     -39.95813       2.52492  
     2.03060       2.05727     -53.34900       2.53231  
     2.03040       2.02796       4.88723       2.53948  
     2.03020       2.03336      -6.31279       2.54592  
     2.03000       2.03631     -12.61271       2.55419  
     2.02980       2.04838     -37.16443       2.56116  
     2.02960       2.04308     -26.95632       2.56668  
     2.02940       2.04204     -25.27451       2.57437  
     2.02920       2.04050     -22.59958       2.58127  
     2.02900       2.04709     -36.17059       2.58771  
     2.02880       2.03136      -5.11521       2.59509  
     2.02860       2.04950     -41.79422       2.60216  
     2.02840       2.06642     -76.03967       2.61004  
     2.02820       2.03803     -19.66649       2.61751  
     2.02800       2.04312     -30.23079       2.62602  
     2.02780       2.05786     -60.12260       2.63320  
     2.02760       2.04726     -39.32265       2.64081  
     2.02740       2.02692       0.95202       2.64710  
     2.02720       2.04822     -42.03921       2.65396  
     2.02700       2.05588     -57.76866       2.66132  
     2.02680       2.03948     -25.35932       2.66830  
     2.02660       2.03192     -10.63198       2.67643  
     2.02640       2.04530     -37.80792       2.68248  
     2.02620       2.03670     -21.00139       2.69008  
     2.02600       2.04044     -28.87411       2.69735  
     2.02580       2.02972      -7.83537       2.70503  
     2.02560       2.03086     -10.51240       2.71250  
     2.02540       2.05265     -54.50489       2.72119  
     2.02520       2.05329     -56.17723       2.72801  
     2.02500       2.06334     -76.67916       2.73471  
     2.02480       2.03233     -15.06690       2.74199  
     2.02460       2.03708     -24.95957       2.74888  
     2.02440       2.02251       3.78306       2.75681  
     2.02420       2.03714     -25.87128       2.76310  
     2.02400       2.05947     -70.93765       2.77045  
     2.02380       2.07278     -97.95290       2.77733  
     2.02360       2.04768     -48.15142       2.78589  
     2.02340       2.04501     -43.22662       2.79430  
     2.02320       2.04555     -44.69080       2.80165  
     2.02300       2.04737     -48.74341       2.80876  
     2.02280       2.03064     -15.67415       2.81531  
     2.02260       2.03096     -16.72320       2.82340  
     2.02240       2.04542     -46.04120       2.83149  
     2.02220       2.05394     -63.47115       2.83966  
     2.02200       2.04314     -42.28962       2.84741  
     2.02180       2.04713     -50.65013       2.85492  
     2.02160       2.03849     -33.78094       2.86217  
     2.02140       2.02422      -5.64727       2.87037  
     2.02120       2.05891     -75.41693       2.87814  
     2.02100       2.05140     -60.79533       2.88625  
     2.02080       2.04101     -40.42222       2.89397  
     2.02060       2.02343      -5.65850       2.90115  
     2.02040       2.04963     -58.46870       2.90855  
     2.02020       2.04400     -47.59500       2.91707  
     2.02000       2.04373     -47.46035       2.92496  
     2.01980       2.03348     -27.35844       2.93250  
     2.01960       2.04240     -45.59112       2.94127  
     2.01940       2.03329     -27.78541       2.94915  
     2.01920       2.04730     -56.19625       2.95747  
     2.01900       2.03637     -34.74276       2.96421  
     2.01880       2.03632     -35.03880       2.97197  
     2.01860       2.03081     -24.42708       2.98060  
     2.01840       2.03348     -30.15500       2.98961  
     2.01820       2.05497     -73.54628       2.99672  
     2.01800       2.05655     -77.10124       3.00485  
     2.01780       2.03791     -40.21909       3.01171  
     2.01760       2.02026      -5.32825       3.02032  
     2.01740       2.04923     -63.66774       3.02744  
     2.01720       2.07112    -107.84610       3.03406  
     2.01700       2.03306     -32.11228       3.04152  
     2.01680       2.00361      26.37529       3.04824  
     2.01660       1.99151      50.17155       3.05636  
     2.01640       2.05204     -71.27877       3.06429  
     2.01620       2.05994     -87.48641       3.07075  
     2.01600       2.06483     -97.66106       3.07863  
     2.01580       2.03335     -35.09395       3.08563  
     2.01560       2.03431     -37.41688       3.09461  
     2.01540       2.03308     -35.35238       3.10297  
     2.01520       2.05009     -69.78431       3.11064  
     2.01500       2.01479       0.42529       3.11872  
     2.01480       2.04259     -55.58879       3.12767  
     2.01460       2.06590    -102.60626       3.13477  
     2.01440       2.04687     -64.94215       3.14391  
     2.01420       2.02525     -22.10146       3.15120  
     2.01400       2.02431     -20.62452       3.15870  
     2.01380       2.04144     -55.28527       3.16740  
     2.01360       2.03713     -47.06898       3.17517  
     2.01340       2.02546     -24.12544       3.18337  
     2.01320       2.01505      -3.70420       3.19178  
     2.01300       2.04377     -61.54428       3.20085  
     2.01280       2.02842     -31.24221       3.20795  
     2.01260       2.00392      17.36903       3.21671  
     2.01240       2.03830     -51.80154       3.22484  
     2.01220       2.02079     -17.17652       3.23298  
     2.01200       2.04980     -75.59706       3.24172  
     2.01180       2.03162     -39.63977       3.25050  
     2.01160       2.03500     -46.79951       3.25831  
     2.01140       2.02307     -23.33498       3.26661  
     2.01120       2.03374     -45.08025       3.27586  
     2.01100       2.01125      -0.49212       3.28404  
     2.01080       2.00513      11.33102       3.29092  
     2.01060       2.02874     -36.27357       3.29993  
     2.01040       2.06200    -103.20891       3.30690  
     2.01020       2.07552    -130.64010       3.31490  
     2.01000       2.01611     -12.21178       3.32420  
     2.00980       1.98622      47.15389       3.33392  
     2.00960       2.01482     -10.43522       3.34248  
     2.00940       2.06806    -117.32939       3.35245  
     2.00920       2.06370    -109.00271       3.36075  
     2.00900       2.04666     -75.31249       3.36906  
     2.00880       2.01534     -13.08687       3.37780  
     2.00860       2.00155      14.09442       3.38694  
     2.00840       2.02080     -24.80418       3.39580  
     2.00820       2.03637     -56.33808       3.40491  
     2.00800       2.06058    -105.16233       3.41274  
     2.00780       2.05120     -86.80977       3.42194  
     2.00760       2.02681     -38.41637       3.42943  
     2.00740       2.03208     -49.36319       3.43988  
     2.00720       2.02698     -39.56991       3.44785  
     2.00700       2.01866     -23.32882       3.45795  
     2.00680       2.01343     -13.26278       3.46688  
     2.00660       2.02613     -39.06749       3.47627  
     2.00640       2.03994     -67.07728       3.48468  
     2.00620       2.04642     -80.43569       3.49389  
     2.00600       2.02606     -40.11067       3.50299  
     2.00580       2.04006     -68.51111       3.51239  
     2.00560       2.02169     -32.17230       3.52105  
     2.00540       2.04721     -83.61734       3.53055  
     2.00520       2.03997     -69.54834       3.53937  
     2.00500       2.04118     -72.35123       3.54772  
     2.00480       2.01159     -13.58790       3.55778  
     2.00460       2.02829     -47.37845       3.56559  
     2.00440       2.03095     -53.09711       3.57380  
     2.00420       2.04443     -80.45390       3.58320  
     2.00400       2.02535     -42.70450       3.59236  
     2.00380       2.00508      -2.55487       3.60231  
     2.00360       2.02865     -50.09710       3.61114  
     2.00340       2.01100     -15.20915       3.62097  
     2.00320       2.03671     -67.01494       3.63081  
     2.00300       2.03685     -67.70509       3.63934  
     2.00280       2.02419     -42.77095       3.64915  
     2.00260       2.01777     -30.34425       3.65765  
     2.00240       2.05815    -111.49297       3.66740  
     2.00220       2.02981     -55.21508       3.67627  
     2.00200       2.01300     -21.99097       3.68638  
     2.00180       2.02841     -53.21231       3.69544  
     2.00160       2.04197     -80.73820       3.70561  
     2.00140       2.04187     -80.93171       3.71464  
     2.00120       2.01861     -34.82818       3.72356  
     2.00100       2.00672     -11.44519       3.73268  
     2.00080       2.00700     -12.39001       3.74339  
     2.00060       2.04111     -81.02725       3.75270  
     2.00040       2.05767    -114.53304       3.76146  
     2.00020       2.04948     -98.55623       3.77074  
     2.00000       2.00690     -13.80789       3.77953  
     1.99980       1.98636      26.87451       3.78993  
     1.99960       2.00108      -2.96959       3.80094  
     1.99940       2.02315     -47.50567       3.80956  
     1.99920       2.02216     -45.92798       3.81908  
     1.99900       2.00775     -17.49991       3.82796  
     1.99880       2.00557     -13.53206       3.83790  
     1.99860       2.01498     -32.76255       3.84762  
     1.99840       2.00811     -19.42108       3.85694  
     1.99820       2.01684     -37.28583       3.86664  
     1.99800       2.03240     -68.79103       3.87631  
     1.99780       2.06380    -132.00376       3.88544  
     1.99760       2.04438     -93.55066       3.89425  
     1.99740       2.03539     -75.97332       3.90371  
     1.99720       2.01919     -43.98865       3.91270  
     1.99700       2.00976     -25.51957       3.92193  
     1.99680       2.00021      -6.81752       3.93241  
     1.99660       1.98808      17.04496       3.94204  
     1.99640       2.00972     -26.64072       3.95251  
     1.99620       2.03217     -71.94918       3.96179  
     1.99600       2.04144     -90.88037       3.97231  
     1.99580       2.03385     -76.09614       3.98154  
     1.99560       2.01617     -41.13367       3.99130  
     1.99540       2.00405     -17.30446       4.00119  
     1.99520       1.99707      -3.73765       4.01102  
     1.99500       2.00131     -12.61510       4.02148  
     1.99480       2.01978     -49.95510       4.03136  
     1.99460       2.03204     -74.88884       4.04130  
     1.99440       2.02220     -55.59331       4.05104  
     1.99420       2.03595     -83.49265       4.06088  
     1.99400       2.03116     -74.31065       4.07082  
     1.99380       2.02760     -67.60260       4.08084  
     1.99360       2.01905     -50.90427       4.09017  
     1.99340       1.99496      -3.12864       4.10022  
     1.99320       1.98302      20.36590       4.11010  
     1.99300       1.99134       3.31770       4.12055  
     1.99280       2.02179     -57.98062       4.12907  
     1.99260       2.02634     -67.48817       4.13923  
     1.99240       2.03033     -75.86698       4.14826  
     1.99220       2.01096     -37.51341       4.15872  
     1.99200       2.00592     -27.83399       4.16736  
     1.99180       2.01672     -49.84494       4.17755  
     1.99160       2.00114     -19.07151       4.18713  
     1.99140       2.00876     -34.72762       4.19695  
     1.99120       2.00194     -21.48464       4.20727  
     1.99100       2.01113     -40.26313       4.21695  
     1.99080       2.01637     -51.14568       4.22674  
     1.99060       2.02295     -64.69822       4.23641  
     1.99040       2.01574     -50.67745       4.24647  
     1.99020       2.02614     -71.88644       4.25681  
     1.99000       2.01483     -49.66578       4.26653  
     1.98980       1.98568       8.24988       4.27599  
     1.98960       1.97477      29.65053       4.28656  
     1.98940       1.98840       1.99019       4.29720  
     1.98920       2.02170     -65.00758       4.30684  
     1.98900       2.01185     -45.69005       4.31688  
     1.98880       2.01293     -48.25272       4.32677  
     1.98860       2.00173     -26.26666       4.33728  
     1.98840       2.02584     -74.88513       4.34717  
     1.98820       2.02075     -65.10769       4.35690  
     1.98800       2.02232     -68.63239       4.36669  
     1.98780       2.00436     -33.11974       4.37652  
     1.98760       1.99511     -15.02334       4.38672  
     1.98740       2.02513     -75.46921       4.39772  
     1.98720       2.05080    -127.19257       4.40654  
     1.98700       2.01586     -57.72593       4.41703  
     1.98680       1.97612      21.36462       4.42774  
     1.98660       1.96650      40.20515       4.43964  
     1.98640       1.98810      -3.40430       4.44937  
     1.98620       2.02627     -80.13414       4.46058  
     1.98600       2.04487    -117.74516       4.47098  
     1.98580       2.04939    -127.17766       4.48162  
     1.98560       2.03508     -98.96791       4.49185  
     1.98540       2.03853    -106.25628       4.50275  
     1.98520       2.03227     -94.14602       4.51338  
     1.98500       2.02538     -80.76787       4.52453  
     1.98480       2.00113     -32.66930       4.53474  
     1.98460       1.99110     -12.99363       4.54554  
     1.98440       1.98505      -1.29070       4.55559  
     1.98420       1.99548     -22.56491       4.56667  
     1.98400       2.00744     -46.88003       4.57755  
     1.98380       2.01616     -64.72685       4.58825  
     1.98360       1.99925     -31.29632       4.59926  
     1.98340       2.00400     -41.20096       4.60952  
     1.98320       2.02646     -86.51974       4.62007  
     1.98300       2.03929    -112.57623       4.63078  
     1.98280       2.03390    -102.19533       4.64037  
     1.98260       2.02499     -84.78564       4.64977  
     1.98240       1.99150     -18.19432       4.66219  
     1.98220       2.00105     -37.69981       4.67149  
     1.98200       2.01240     -60.79162       4.68164  
     1.98180       2.01000     -56.40617       4.69217  
     1.98160       1.98253      -1.86786       4.70360  
     1.98140       1.98164      -0.47438       4.71526  
     1.98120       1.99619     -29.97718       4.72607  
     1.98100       2.01033     -58.66124       4.73838  
     1.98080       2.02089     -80.18294       4.74940  
     1.98060       2.00832     -55.44898       4.76024  
     1.98040       2.01619     -71.57934       4.77114  
     1.98020       2.02678     -93.16529       4.78194  
     1.98000       2.01506     -70.11846       4.79249  
     1.97980       2.00910     -58.60737       4.80421  
     1.97960       1.98573     -12.25314       4.81409  
     1.97940       2.00047     -42.14931       4.82380  
     1.97920       2.00275     -47.10631       4.83570  
     1.97900       2.01999     -81.98219       4.84637  
     1.97880       2.00860     -59.60578       4.85647  
     1.97860       1.99049     -23.77434       4.86766  
     1.97840       1.98478     -12.75050       4.87947  
     1.97820       2.00970     -63.00164       4.89079  
     1.97800       2.02513     -94.25966       4.90104  
     1.97780       1.99584     -36.08885       4.91195  
     1.97760       1.99644     -37.68751       4.92133  
     1.97740       2.01504     -75.28346       4.93321  
     1.97720       2.02711     -99.81352       4.94484  
     1.97700       2.00815     -62.30472       4.95547  
     1.97680       2.00883     -64.05591       4.96690  
     1.97660       1.99702     -40.83161       4.97849  
     1.97640       1.98876     -24.71864       4.98961  
     1.97620       1.99184     -31.27357       5.00010  
     1.97600       2.02060     -89.19681       5.01167  
     1.97580       1.98557     -19.53734       5.02265  
     1.97560       2.02355     -95.89399       5.03439  
     1.97540       2.01917     -87.53555       5.04594  
     1.97520       2.01920     -87.99224       5.05663  
     1.97500       2.02813    -106.25828       5.06834  
     1.97480       2.02618    -102.76190       5.07900  
     1.97460       2.03932    -129.43674       5.09018  
     1.97440       2.01592     -83.04266       5.10140  
     1.97420       1.99759     -46.77035       5.11382  
     1.97400       2.00383     -59.66586       5.12539  
     1.97380       2.01573     -83.86925       5.13743  
     1.97360       1.99814     -49.07347       5.14913  
     1.97340       1.99048     -34.16485       5.16110  
     1.97320       1.98691     -27.41848       5.17293  
     1.97300       1.99527     -44.53132       5.18495  
     1.97280       1.98834     -31.07009       5.19663  
     1.97260       1.98944     -33.67199       5.20773  
     1.97240       2.00801     -71.21849       5.21859  
     1.97220       2.03159    -118.77443       5.23014  
     1.97200       2.01004     -76.07830       5.24159  
     1.97180       2.00302     -62.44325       5.25347  
     1.97160       2.00072     -58.24832       5.26528  
     1.97140       1.99829     -53.77738       5.27787  
     1.97120       2.01550     -88.60652       5.28971  
     1.97100       2.00545     -68.90559       5.30113  
     1.97080       1.97411      -6.61913       5.31368  
     1.97060       1.97735     -13.49047       5.32517  
     1.97040       1.99957     -58.34446       5.33848  
     1.97020       2.01186     -83.31308       5.34956  
     1.97000       2.00219     -64.37403       5.36141  
     1.96980       2.00294     -66.27478       5.37403  
     1.96960       1.97692     -14.63786       5.38482  
     1.96940       1.99437     -49.93801       5.39655  
     1.96920       2.00949     -80.58672       5.40838  
     1.96900       2.00220     -66.39685       5.41956  
     1.96880       1.99340     -49.20720       5.43197  
     1.96860       1.97692     -16.63260       5.44423  
     1.96840       1.97482     -12.84619       5.45619  
     1.96820       1.98284     -29.28443       5.46806  
     1.96800       1.98004     -24.07507       5.48075  
     1.96780       2.00438     -73.16918       5.49175  
     1.96760       2.02401    -112.82874       5.50369  
     1.96740       1.99965     -64.49815       5.51561  
     1.96720       1.98879     -43.18419       5.52615  
     1.96700       1.99847     -62.93235       5.54029  
     1.96680       2.00975     -85.90084       5.55281  
     1.96660       2.00600     -78.79653       5.56447  
     1.96640       2.01085     -88.90998       5.57634  
     1.96620       1.99685     -61.29837       5.58877  
     1.96600       1.97696     -21.91258       5.60092  
     1.96580       1.96514       1.31561       5.61296  
     1.96560       1.96779      -4.37256       5.62478  
     1.96540       2.00115     -71.50341       5.63802  
     1.96520       2.02485    -119.29333       5.64964  
     1.96500       2.03047    -130.93420       5.66194  
     1.96480       1.99204     -54.47815       5.67457  
     1.96460       1.99040     -51.59706       5.68745  
     1.96440       1.96178       5.23760       5.69978  
     1.96420       1.99017     -51.94119       5.71225  
     1.96400       1.99297     -57.94426       5.72453  
     1.96380       1.98803     -48.46060       5.73577  
     1.96360       1.99163     -56.05595       5.74953  
     1.96340       1.95617      14.46057       5.76132  
     1.96320       1.98604     -45.67961       5.77480  
     1.96300       1.99440     -62.80281       5.78708  
     1.96280       2.01113     -96.66476       5.79871  
     1.96260       2.01513    -105.06893       5.81183  
     1.96240       2.00563     -86.46221       5.82312  
     1.96220       1.98124     -38.08714       5.83553  
     1.96200       1.96759     -11.17143       5.84844  
     1.96180       1.99711     -70.61851       5.86116  
     1.96160       2.01406    -104.92906       5.87270  
     1.96140       1.99174     -60.68590       5.88516  
     1.96120       2.00743     -92.45513       5.89677  
     1.96100       2.00203     -82.05040       5.91069  
     1.96080       2.00197     -82.34059       5.92211  
     1.96060       1.98855     -55.90317       5.93559  
     1.96040       1.97656     -32.31939       5.94775  
     1.96020       1.97722     -34.03237       5.96079  
     1.96000       1.99637     -72.74737       5.97274  
     1.95980       2.00768     -95.76268       5.98726  
     1.95960       1.97560     -32.00600       6.00005  
     1.95940       1.97769     -36.57141       6.01217  
     1.95920       1.96597     -13.53515       6.02367  
     1.95900       1.99448     -70.95300       6.03653  
     1.95880       1.97413     -30.66674       6.04849  
     1.95860       1.97980     -42.40355       6.06160  
     1.95840       1.98312     -49.44820       6.07430  
     1.95820       1.98133     -46.26578       6.08706  
     1.95800       1.98209     -48.18727       6.10016  
     1.95780       1.98741     -59.21686       6.11341  
     1.95760       1.98453     -53.86597       6.12674  
     1.95740       1.99312     -71.43624       6.13947  
     1.95720       2.00018     -85.96849       6.15208  
     1.95700       1.98823     -62.46499       6.16460  
     1.95680       1.97574     -37.87298       6.17778  
     1.95660       1.97605     -38.89161       6.19139  
     1.95640       1.97927     -45.74106       6.20339  
     1.95620       2.00032     -88.23573       6.21671  
     1.95600       1.99643     -80.86934       6.23017  
     1.95580       1.99697     -82.34045       6.24369  
     1.95560       1.99024     -69.28068       6.25692  
     1.95540       1.97886     -46.91233       6.27161  
     1.95520       1.99472     -79.03084       6.28414  
     1.95500       1.98157     -53.13983       6.29819  
     1.95480       1.99154     -73.47415       6.31156  
     1.95460       2.00459     -99.98232       6.32401  
     1.95440       2.00566    -102.51366       6.33642  
     1.95420       1.98640     -64.40103       6.35089  
     1.95400       1.98422     -60.44406       6.36335  
     1.95380       2.00003     -92.45000       6.37637  
     1.95360       1.98540     -63.60589       6.38988  
     1.95340       1.99597     -85.13032       6.40309  
     1.95320       1.99143     -76.46414       6.41696  
     1.95300       2.00458    -103.16152       6.42972  
     1.95280       1.99857     -91.54170       6.44450  
     1.95260       1.99769     -90.18431       6.45783  
     1.95240       1.99618     -87.55497       6.47172  
     1.95220       2.00120     -97.99957       6.48491  
     1.95200       1.99278     -81.55704       6.49834  
     1.95180       1.98352     -63.43562       6.51106  
     1.95160       1.96646     -29.72851       6.52530  
     1.95140       1.96664     -30.48130       6.53899  
     1.95120       1.97096     -39.51325       6.55306  
     1.95100       2.00660    -111.19872       6.56593  
     1.95080       1.98048     -59.35091       6.58053  
     1.95060       1.98029     -59.37599       6.59301  
     1.95040       1.98197     -63.14010       6.60626  
     1.95020       1.96968     -38.95461       6.61993  
     1.95000       1.99428     -88.56790       6.63403  
     1.94980       1.99258     -85.55464       6.64807  
     1.94960       1.99754     -95.88044       6.66120  
     1.94940       1.97804     -57.28659       6.67438  
     1.94920       1.97524     -52.07816       6.68892  
     1.94900       1.96680     -35.60358       6.70238  
     1.94880       1.95181      -6.01303       6.71611  
     1.94860       1.96178     -26.35278       6.72962  
     1.94840       1.98296     -69.11122       6.74320  
     1.94820       1.96886     -41.32291       6.75762  
     1.94800       1.97025     -44.50357       6.77206  
     1.94780       1.96366     -31.72241       6.78561  
     1.94760       1.97331     -51.41044       6.80027  
     1.94740       1.95840     -22.00456       6.81420  
     1.94720       1.96429     -34.18620       6.82867  
     1.94700       1.95284     -11.67909       6.84271  
     1.94680       1.98288     -72.15765       6.85677  
     1.94660       1.97655     -59.90456       6.87100  
     1.94640       1.99308     -93.36835       6.88459  
     1.94620       1.99417     -95.94949       6.89876  
     1.94600       1.98118     -70.35653       6.91345  
     1.94580       1.98428     -76.96889       6.92867  
     1.94560       1.98162     -72.03249       6.94184  
     1.94540       1.95747     -24.14909       6.95636  
     1.94520       1.98474     -79.07317       6.96979  
     1.94500       1.98653     -83.05060       6.98408  
     1.94480       1.98942     -89.23882       6.99752  
     1.94460       1.98544     -81.67172       7.01191  
     1.94440       1.96945     -50.09207       7.02712  
     1.94420       1.99169     -94.97735       7.04107  
     1.94400       1.96370     -39.40623       7.05524  
     1.94380       1.96228     -36.95048       7.07048  
     1.94360       1.96040     -33.59929       7.08397  
     1.94340       1.99889    -110.97981       7.09761  
     1.94320       1.97903     -71.66882       7.11162  
     1.94300       1.99958    -113.16545       7.12556  
     1.94280       1.97227     -58.94271       7.14056  
     1.94260       1.98494     -84.67667       7.15570  
     1.94240       1.97819     -71.58416       7.17067  
     1.94220       1.97333     -62.25025       7.18411  
     1.94200       1.96043     -36.86165       7.19939  
     1.94180       1.96704     -50.47480       7.21319  
     1.94160       1.98035     -77.50888       7.22869  
     1.94140       1.99561    -108.42942       7.24246  
     1.94120       1.98251     -82.61525       7.25838  
     1.94100       1.96794     -53.88319       7.27283  
     1.94080       1.95586     -30.11822       7.28751  
     1.94060       1.96590     -50.60906       7.30227  
     1.94040       1.96646     -52.12117       7.31701  
     1.94020       1.95990     -39.40275       7.33176  
     1.94000       1.96282     -45.63026       7.34578  
     1.93980       1.98501     -90.42636       7.35993  
     1.93960       1.99111    -103.02937       7.37515  
     1.93940       1.98621     -93.62343       7.38936  
     1.93920       1.97192     -65.44391       7.40418  
     1.93900       1.97024     -62.47896       7.41842  
     1.93880       1.96929     -60.97748       7.43363  
     1.93860       1.96139     -45.57416       7.44843  
     1.93840       1.97087     -64.94141       7.46419  
     1.93820       1.97539     -74.38355       7.47815  
     1.93800       1.98466     -93.32912       7.49383  
     1.93780       1.98315     -90.69527       7.50805  
     1.93760       1.97183     -68.46333       7.52386  
     1.93740       1.99254    -110.28166       7.53808  
     1.93720       1.98718     -99.95846       7.55417  
     1.93700       1.97456     -75.11950       7.56960  
     1.93680       1.97810     -82.60728       7.58445  
     1.93660       1.97314     -73.08100       7.59930  
     1.93640       1.96555     -58.29246       7.61342  
     1.93620       1.99811    -123.82277       7.62860  
     1.93600       1.97006     -68.11596       7.64393  
     1.93580       1.97994     -88.28458       7.65862  
     1.93560       1.96742     -63.63265       7.67448  
     1.93540       1.96877     -66.74569       7.69005  
     1.93520       1.96116     -51.91932       7.70527  
     1.93500       1.95580     -41.60894       7.72040  
     1.93480       1.97396     -78.32762       7.73576  
     1.93460       1.97360     -77.99697       7.75111  
     1.93440       2.00683    -144.86738       7.76729  
     1.93420       1.99431    -120.22956       7.78146  
     1.93400       1.98842    -108.84275       7.79694  
     1.93380       1.97511     -82.62497       7.81168  
     1.93360       1.98619    -105.17227       7.82765  
     1.93340       1.99512    -123.44172       7.84241  
     1.93320       2.00259    -138.77524       7.85765  
     1.93300       1.98543    -104.85880       7.87287  
     1.93280       1.99636    -127.12503       7.88816  
     1.93260       1.99507    -124.93513       7.90419  
     1.93240       2.00640    -147.99428       7.91963  
     1.93220       2.01174    -159.08344       7.93583  
     1.93200       1.98160     -99.20628       7.95138  
     1.93180       2.00840    -153.20611       7.96757  
     1.93160       2.00672    -150.24063       7.98386  
     1.93140       2.00717    -151.53704       7.99937  
     1.93120       2.00657    -150.73867       8.01458  
     1.93100       1.98440    -106.80181       8.03100  
     1.93080       1.97726     -92.91694       8.04627  
     1.93060       1.98681    -112.42413       8.06268  
     1.93040       1.99759    -134.37570       8.07699  
     1.93020       2.00735    -154.29582       8.09301  
     1.93000       1.98650    -113.00119       8.10885  
     1.92980       1.98117    -102.74952       8.12548  
     1.92960       1.98460    -110.00663       8.14054  
     1.92940       1.97864     -98.48775       8.15699  
     1.92920       1.97617     -93.93863       8.17292  
     1.92900       1.98461    -111.22878       8.18928  
     1.92880       2.00508    -152.56674       8.20536  
     1.92860       1.98732    -117.43060       8.22191  
     1.92840       1.97726     -97.72671       8.23838  
     1.92820       1.97226     -88.11997       8.25466  
     1.92800       1.97120     -86.40972       8.27111  
     1.92780       1.94866     -41.71584       8.28714  
     1.92760       1.98600    -116.79611       8.30410  
     1.92740       1.97458     -94.35799       8.31981  
     1.92720       1.97441     -94.41102       8.33590  
     1.92700       1.96509     -76.17131       8.35166  
     1.92680       1.97119     -88.78735       8.36750  
     1.92660       1.95053     -47.86038       8.38388  
     1.92640       1.96893     -85.06089       8.39964  
     1.92620       1.97366     -94.91759       8.41531  
     1.92600       1.97268     -93.36555       8.43066  
     1.92580       1.97354     -95.48217       8.44682  
     1.92560       1.97420     -97.20068       8.46229  
     1.92540       1.94511     -39.41903       8.47806  
     1.92520       1.95679     -63.18553       8.49403  
     1.92500       1.97206     -94.11533       8.51036  
     1.92480       1.97291     -96.21531       8.52637  
     1.92460       1.96097     -72.74824       8.54206  
     1.92440       1.96039     -71.97034       8.55794  
     1.92420       1.96034     -72.27989       8.57394  
     1.92400       1.96144     -74.87190       8.58968  
     1.92380       1.96406     -80.52915       8.60529  
     1.92360       1.96983     -92.46471       8.62103  
     1.92340       1.95616     -65.51175       8.63733  
     1.92320       1.95311     -59.82141       8.65391  
     1.92300       1.96387     -81.74800       8.67031  
     1.92280       1.96566     -85.71982       8.68701  
     1.92260       1.96852     -91.83579       8.70288  
     1.92240       1.96210     -79.40681       8.71910  
     1.92220       1.95083     -57.25101       8.73487  
     1.92200       1.96744     -90.88679       8.75070  
     1.92180       1.95879     -73.97649       8.76750  
     1.92160       1.96499     -86.77110       8.78366  
     1.92140       1.97646    -110.12029       8.80049  
     1.92120       1.96545     -88.49399       8.81717  
     1.92100       1.95742     -72.84292       8.83329  
     1.92080       1.95768     -73.75747       8.84906  
     1.92060       1.94346     -45.72842       8.86620  
     1.92040       1.95921     -77.62954       8.88320  
     1.92020       1.96483     -89.26928       8.89954  
